<?xml version="1.0" encoding="UTF-8"?>
<testsuite xmlns:xsi="http://www.w3.org/2001/XMLSchema-instance" xsi:noNamespaceSchemaLocation="https://maven.apache.org/surefire/maven-surefire-plugin/xsd/surefire-test-report-3.0.xsd" version="3.0" name="cn.iocoder.yudao.framework.common.util.collection.CollectionUtilsTest" time="0.016" tests="1" errors="0" skipped="0" failures="0">
  <properties>
    <property name="gopherProxySet" value="false"/>
    <property name="awt.toolkit" value="sun.lwawt.macosx.LWCToolkit"/>
    <property name="file.encoding.pkg" value="sun.io"/>
    <property name="java.specification.version" value="1.8"/>
    <property name="sun.cpu.isalist" value=""/>
    <property name="sun.jnu.encoding" value="UTF-8"/>
    <property name="java.class.path" value="/Users/xiaoyu/Desktop/autoee-crm-master/yudao-framework/yudao-common/target/test-classes:/Users/xiaoyu/Desktop/autoee-crm-master/yudao-framework/yudao-common/target/classes:/Users/xiaoyu/.m2/repository/org/springframework/spring-core/5.3.39/spring-core-5.3.39.jar:/Users/xiaoyu/.m2/repository/org/springframework/spring-jcl/5.3.39/spring-jcl-5.3.39.jar:/Users/xiaoyu/.m2/repository/org/springframework/spring-expression/5.3.39/spring-expression-5.3.39.jar:/Users/xiaoyu/.m2/repository/org/springframework/spring-aop/5.3.39/spring-aop-5.3.39.jar:/Users/xiaoyu/.m2/repository/org/springframework/spring-beans/5.3.39/spring-beans-5.3.39.jar:/Users/xiaoyu/.m2/repository/org/aspectj/aspectjweaver/1.9.7/aspectjweaver-1.9.7.jar:/Users/xiaoyu/.m2/repository/org/springframework/boot/spring-boot-configuration-processor/2.7.18/spring-boot-configuration-processor-2.7.18.jar:/Users/xiaoyu/.m2/repository/org/springframework/spring-web/5.3.39/spring-web-5.3.39.jar:/Users/xiaoyu/.m2/repository/jakarta/servlet/jakarta.servlet-api/4.0.4/jakarta.servlet-api-4.0.4.jar:/Users/xiaoyu/.m2/repository/org/springdoc/springdoc-openapi-ui/1.7.0/springdoc-openapi-ui-1.7.0.jar:/Users/xiaoyu/.m2/repository/org/springdoc/springdoc-openapi-webmvc-core/1.7.0/springdoc-openapi-webmvc-core-1.7.0.jar:/Users/xiaoyu/.m2/repository/org/springdoc/springdoc-openapi-common/1.7.0/springdoc-openapi-common-1.7.0.jar:/Users/xiaoyu/.m2/repository/io/swagger/core/v3/swagger-core/2.2.9/swagger-core-2.2.9.jar:/Users/xiaoyu/.m2/repository/org/apache/commons/commons-lang3/3.12.0/commons-lang3-3.12.0.jar:/Users/xiaoyu/.m2/repository/com/fasterxml/jackson/dataformat/jackson-dataformat-yaml/2.13.5/jackson-dataformat-yaml-2.13.5.jar:/Users/xiaoyu/.m2/repository/io/swagger/core/v3/swagger-annotations/2.2.9/swagger-annotations-2.2.9.jar:/Users/xiaoyu/.m2/repository/io/swagger/core/v3/swagger-models/2.2.9/swagger-models-2.2.9.jar:/Users/xiaoyu/.m2/repository/org/springframework/spring-webmvc/5.3.39/spring-webmvc-5.3.39.jar:/Users/xiaoyu/.m2/repository/org/springframework/spring-context/5.3.39/spring-context-5.3.39.jar:/Users/xiaoyu/.m2/repository/org/webjars/swagger-ui/4.18.2/swagger-ui-4.18.2.jar:/Users/xiaoyu/.m2/repository/org/apache/skywalking/apm-toolkit-trace/8.12.0/apm-toolkit-trace-8.12.0.jar:/Users/xiaoyu/.m2/repository/org/projectlombok/lombok/1.18.36/lombok-1.18.36.jar:/Users/xiaoyu/.m2/repository/org/mapstruct/mapstruct/1.6.3/mapstruct-1.6.3.jar:/Users/xiaoyu/.m2/repository/org/mapstruct/mapstruct-jdk8/1.6.3/mapstruct-jdk8-1.6.3.jar:/Users/xiaoyu/.m2/repository/org/mapstruct/mapstruct-processor/1.6.3/mapstruct-processor-1.6.3.jar:/Users/xiaoyu/.m2/repository/com/google/guava/guava/33.4.0-jre/guava-33.4.0-jre.jar:/Users/xiaoyu/.m2/repository/com/google/guava/failureaccess/1.0.2/failureaccess-1.0.2.jar:/Users/xiaoyu/.m2/repository/com/google/guava/listenablefuture/9999.0-empty-to-avoid-conflict-with-guava/listenablefuture-9999.0-empty-to-avoid-conflict-with-guava.jar:/Users/xiaoyu/.m2/repository/com/google/code/findbugs/jsr305/3.0.2/jsr305-3.0.2.jar:/Users/xiaoyu/.m2/repository/org/checkerframework/checker-qual/3.43.0/checker-qual-3.43.0.jar:/Users/xiaoyu/.m2/repository/com/google/errorprone/error_prone_annotations/2.36.0/error_prone_annotations-2.36.0.jar:/Users/xiaoyu/.m2/repository/com/google/j2objc/j2objc-annotations/3.0.0/j2objc-annotations-3.0.0.jar:/Users/xiaoyu/.m2/repository/com/fasterxml/jackson/core/jackson-databind/2.13.5/jackson-databind-2.13.5.jar:/Users/xiaoyu/.m2/repository/com/fasterxml/jackson/core/jackson-annotations/2.13.5/jackson-annotations-2.13.5.jar:/Users/xiaoyu/.m2/repository/com/fasterxml/jackson/core/jackson-core/2.13.5/jackson-core-2.13.5.jar:/Users/xiaoyu/.m2/repository/com/fasterxml/jackson/datatype/jackson-datatype-jsr310/2.13.5/jackson-datatype-jsr310-2.13.5.jar:/Users/xiaoyu/.m2/repository/org/slf4j/slf4j-api/1.7.36/slf4j-api-1.7.36.jar:/Users/xiaoyu/.m2/repository/jakarta/validation/jakarta.validation-api/2.0.2/jakarta.validation-api-2.0.2.jar:/Users/xiaoyu/.m2/repository/cn/hutool/hutool-all/5.8.35/hutool-all-5.8.35.jar:/Users/xiaoyu/.m2/repository/com/alibaba/transmittable-thread-local/2.14.5/transmittable-thread-local-2.14.5.jar:/Users/xiaoyu/.m2/repository/com/fhs-opensource/easy-trans-anno/3.0.6/easy-trans-anno-3.0.6.jar:/Users/xiaoyu/.m2/repository/com/alibaba/fastjson/1.2.83/fastjson-1.2.83.jar:/Users/xiaoyu/.m2/repository/org/springframework/boot/spring-boot-starter-test/2.7.18/spring-boot-starter-test-2.7.18.jar:/Users/xiaoyu/.m2/repository/org/springframework/boot/spring-boot-starter/2.7.18/spring-boot-starter-2.7.18.jar:/Users/xiaoyu/.m2/repository/org/springframework/boot/spring-boot/2.7.18/spring-boot-2.7.18.jar:/Users/xiaoyu/.m2/repository/org/springframework/boot/spring-boot-autoconfigure/2.7.18/spring-boot-autoconfigure-2.7.18.jar:/Users/xiaoyu/.m2/repository/org/springframework/boot/spring-boot-starter-logging/2.7.18/spring-boot-starter-logging-2.7.18.jar:/Users/xiaoyu/.m2/repository/ch/qos/logback/logback-classic/1.2.13/logback-classic-1.2.13.jar:/Users/xiaoyu/.m2/repository/ch/qos/logback/logback-core/1.2.13/logback-core-1.2.13.jar:/Users/xiaoyu/.m2/repository/org/apache/logging/log4j/log4j-to-slf4j/2.17.2/log4j-to-slf4j-2.17.2.jar:/Users/xiaoyu/.m2/repository/org/apache/logging/log4j/log4j-api/2.17.2/log4j-api-2.17.2.jar:/Users/xiaoyu/.m2/repository/org/slf4j/jul-to-slf4j/1.7.36/jul-to-slf4j-1.7.36.jar:/Users/xiaoyu/.m2/repository/jakarta/annotation/jakarta.annotation-api/1.3.5/jakarta.annotation-api-1.3.5.jar:/Users/xiaoyu/.m2/repository/org/yaml/snakeyaml/1.30/snakeyaml-1.30.jar:/Users/xiaoyu/.m2/repository/org/springframework/boot/spring-boot-test/2.7.18/spring-boot-test-2.7.18.jar:/Users/xiaoyu/.m2/repository/org/springframework/boot/spring-boot-test-autoconfigure/2.7.18/spring-boot-test-autoconfigure-2.7.18.jar:/Users/xiaoyu/.m2/repository/com/jayway/jsonpath/json-path/2.7.0/json-path-2.7.0.jar:/Users/xiaoyu/.m2/repository/net/minidev/json-smart/2.4.11/json-smart-2.4.11.jar:/Users/xiaoyu/.m2/repository/net/minidev/accessors-smart/2.4.11/accessors-smart-2.4.11.jar:/Users/xiaoyu/.m2/repository/jakarta/xml/bind/jakarta.xml.bind-api/2.3.3/jakarta.xml.bind-api-2.3.3.jar:/Users/xiaoyu/.m2/repository/jakarta/activation/jakarta.activation-api/1.2.2/jakarta.activation-api-1.2.2.jar:/Users/xiaoyu/.m2/repository/org/assertj/assertj-core/3.22.0/assertj-core-3.22.0.jar:/Users/xiaoyu/.m2/repository/org/hamcrest/hamcrest/2.2/hamcrest-2.2.jar:/Users/xiaoyu/.m2/repository/org/junit/jupiter/junit-jupiter/5.8.2/junit-jupiter-5.8.2.jar:/Users/xiaoyu/.m2/repository/org/junit/jupiter/junit-jupiter-api/5.8.2/junit-jupiter-api-5.8.2.jar:/Users/xiaoyu/.m2/repository/org/opentest4j/opentest4j/1.2.0/opentest4j-1.2.0.jar:/Users/xiaoyu/.m2/repository/org/junit/platform/junit-platform-commons/1.8.2/junit-platform-commons-1.8.2.jar:/Users/xiaoyu/.m2/repository/org/apiguardian/apiguardian-api/1.1.2/apiguardian-api-1.1.2.jar:/Users/xiaoyu/.m2/repository/org/junit/jupiter/junit-jupiter-params/5.8.2/junit-jupiter-params-5.8.2.jar:/Users/xiaoyu/.m2/repository/org/junit/jupiter/junit-jupiter-engine/5.8.2/junit-jupiter-engine-5.8.2.jar:/Users/xiaoyu/.m2/repository/org/junit/platform/junit-platform-engine/1.8.2/junit-platform-engine-1.8.2.jar:/Users/xiaoyu/.m2/repository/org/mockito/mockito-junit-jupiter/4.5.1/mockito-junit-jupiter-4.5.1.jar:/Users/xiaoyu/.m2/repository/org/skyscreamer/jsonassert/1.5.1/jsonassert-1.5.1.jar:/Users/xiaoyu/.m2/repository/com/vaadin/external/google/android-json/0.0.20131108.vaadin1/android-json-0.0.20131108.vaadin1.jar:/Users/xiaoyu/.m2/repository/org/springframework/spring-test/5.3.39/spring-test-5.3.39.jar:/Users/xiaoyu/.m2/repository/org/xmlunit/xmlunit-core/2.9.1/xmlunit-core-2.9.1.jar:"/>
    <property name="java.vm.vendor" value="Tencent"/>
    <property name="sun.arch.data.model" value="64"/>
    <property name="java.vendor.url" value="http://jdk.oa.com/"/>
    <property name="user.timezone" value=""/>
    <property name="java.vm.specification.version" value="1.8"/>
    <property name="os.name" value="Mac OS X"/>
    <property name="user.country" value="CN"/>
    <property name="sun.java.launcher" value="SUN_STANDARD"/>
    <property name="sun.boot.library.path" value="/Users/xiaoyu/.sdkman/candidates/java/8.0.432-kona/jre/lib"/>
    <property name="sun.java.command" value="/Users/xiaoyu/Desktop/autoee-crm-master/yudao-framework/yudao-common/target/surefire/surefirebooter2218750142341576207.jar /Users/xiaoyu/Desktop/autoee-crm-master/yudao-framework/yudao-common/target/surefire 2025-05-21T18-57-42_542-jvmRun1 surefire943831220575203144tmp surefire_08365154762123738139tmp"/>
    <property name="http.nonProxyHosts" value="127.0.0.1|192.168.0.0/16|*.192.168.0.0/16|10.0.0.0/8|*.10.0.0.0/8|localhost|*.localhost|local|*.local"/>
    <property name="surefire.test.class.path" value="/Users/xiaoyu/Desktop/autoee-crm-master/yudao-framework/yudao-common/target/test-classes:/Users/xiaoyu/Desktop/autoee-crm-master/yudao-framework/yudao-common/target/classes:/Users/xiaoyu/.m2/repository/org/springframework/spring-core/5.3.39/spring-core-5.3.39.jar:/Users/xiaoyu/.m2/repository/org/springframework/spring-jcl/5.3.39/spring-jcl-5.3.39.jar:/Users/xiaoyu/.m2/repository/org/springframework/spring-expression/5.3.39/spring-expression-5.3.39.jar:/Users/xiaoyu/.m2/repository/org/springframework/spring-aop/5.3.39/spring-aop-5.3.39.jar:/Users/xiaoyu/.m2/repository/org/springframework/spring-beans/5.3.39/spring-beans-5.3.39.jar:/Users/xiaoyu/.m2/repository/org/aspectj/aspectjweaver/1.9.7/aspectjweaver-1.9.7.jar:/Users/xiaoyu/.m2/repository/org/springframework/boot/spring-boot-configuration-processor/2.7.18/spring-boot-configuration-processor-2.7.18.jar:/Users/xiaoyu/.m2/repository/org/springframework/spring-web/5.3.39/spring-web-5.3.39.jar:/Users/xiaoyu/.m2/repository/jakarta/servlet/jakarta.servlet-api/4.0.4/jakarta.servlet-api-4.0.4.jar:/Users/xiaoyu/.m2/repository/org/springdoc/springdoc-openapi-ui/1.7.0/springdoc-openapi-ui-1.7.0.jar:/Users/xiaoyu/.m2/repository/org/springdoc/springdoc-openapi-webmvc-core/1.7.0/springdoc-openapi-webmvc-core-1.7.0.jar:/Users/xiaoyu/.m2/repository/org/springdoc/springdoc-openapi-common/1.7.0/springdoc-openapi-common-1.7.0.jar:/Users/xiaoyu/.m2/repository/io/swagger/core/v3/swagger-core/2.2.9/swagger-core-2.2.9.jar:/Users/xiaoyu/.m2/repository/org/apache/commons/commons-lang3/3.12.0/commons-lang3-3.12.0.jar:/Users/xiaoyu/.m2/repository/com/fasterxml/jackson/dataformat/jackson-dataformat-yaml/2.13.5/jackson-dataformat-yaml-2.13.5.jar:/Users/xiaoyu/.m2/repository/io/swagger/core/v3/swagger-annotations/2.2.9/swagger-annotations-2.2.9.jar:/Users/xiaoyu/.m2/repository/io/swagger/core/v3/swagger-models/2.2.9/swagger-models-2.2.9.jar:/Users/xiaoyu/.m2/repository/org/springframework/spring-webmvc/5.3.39/spring-webmvc-5.3.39.jar:/Users/xiaoyu/.m2/repository/org/springframework/spring-context/5.3.39/spring-context-5.3.39.jar:/Users/xiaoyu/.m2/repository/org/webjars/swagger-ui/4.18.2/swagger-ui-4.18.2.jar:/Users/xiaoyu/.m2/repository/org/apache/skywalking/apm-toolkit-trace/8.12.0/apm-toolkit-trace-8.12.0.jar:/Users/xiaoyu/.m2/repository/org/projectlombok/lombok/1.18.36/lombok-1.18.36.jar:/Users/xiaoyu/.m2/repository/org/mapstruct/mapstruct/1.6.3/mapstruct-1.6.3.jar:/Users/xiaoyu/.m2/repository/org/mapstruct/mapstruct-jdk8/1.6.3/mapstruct-jdk8-1.6.3.jar:/Users/xiaoyu/.m2/repository/org/mapstruct/mapstruct-processor/1.6.3/mapstruct-processor-1.6.3.jar:/Users/xiaoyu/.m2/repository/com/google/guava/guava/33.4.0-jre/guava-33.4.0-jre.jar:/Users/xiaoyu/.m2/repository/com/google/guava/failureaccess/1.0.2/failureaccess-1.0.2.jar:/Users/xiaoyu/.m2/repository/com/google/guava/listenablefuture/9999.0-empty-to-avoid-conflict-with-guava/listenablefuture-9999.0-empty-to-avoid-conflict-with-guava.jar:/Users/xiaoyu/.m2/repository/com/google/code/findbugs/jsr305/3.0.2/jsr305-3.0.2.jar:/Users/xiaoyu/.m2/repository/org/checkerframework/checker-qual/3.43.0/checker-qual-3.43.0.jar:/Users/xiaoyu/.m2/repository/com/google/errorprone/error_prone_annotations/2.36.0/error_prone_annotations-2.36.0.jar:/Users/xiaoyu/.m2/repository/com/google/j2objc/j2objc-annotations/3.0.0/j2objc-annotations-3.0.0.jar:/Users/xiaoyu/.m2/repository/com/fasterxml/jackson/core/jackson-databind/2.13.5/jackson-databind-2.13.5.jar:/Users/xiaoyu/.m2/repository/com/fasterxml/jackson/core/jackson-annotations/2.13.5/jackson-annotations-2.13.5.jar:/Users/xiaoyu/.m2/repository/com/fasterxml/jackson/core/jackson-core/2.13.5/jackson-core-2.13.5.jar:/Users/xiaoyu/.m2/repository/com/fasterxml/jackson/datatype/jackson-datatype-jsr310/2.13.5/jackson-datatype-jsr310-2.13.5.jar:/Users/xiaoyu/.m2/repository/org/slf4j/slf4j-api/1.7.36/slf4j-api-1.7.36.jar:/Users/xiaoyu/.m2/repository/jakarta/validation/jakarta.validation-api/2.0.2/jakarta.validation-api-2.0.2.jar:/Users/xiaoyu/.m2/repository/cn/hutool/hutool-all/5.8.35/hutool-all-5.8.35.jar:/Users/xiaoyu/.m2/repository/com/alibaba/transmittable-thread-local/2.14.5/transmittable-thread-local-2.14.5.jar:/Users/xiaoyu/.m2/repository/com/fhs-opensource/easy-trans-anno/3.0.6/easy-trans-anno-3.0.6.jar:/Users/xiaoyu/.m2/repository/com/alibaba/fastjson/1.2.83/fastjson-1.2.83.jar:/Users/xiaoyu/.m2/repository/org/springframework/boot/spring-boot-starter-test/2.7.18/spring-boot-starter-test-2.7.18.jar:/Users/xiaoyu/.m2/repository/org/springframework/boot/spring-boot-starter/2.7.18/spring-boot-starter-2.7.18.jar:/Users/xiaoyu/.m2/repository/org/springframework/boot/spring-boot/2.7.18/spring-boot-2.7.18.jar:/Users/xiaoyu/.m2/repository/org/springframework/boot/spring-boot-autoconfigure/2.7.18/spring-boot-autoconfigure-2.7.18.jar:/Users/xiaoyu/.m2/repository/org/springframework/boot/spring-boot-starter-logging/2.7.18/spring-boot-starter-logging-2.7.18.jar:/Users/xiaoyu/.m2/repository/ch/qos/logback/logback-classic/1.2.13/logback-classic-1.2.13.jar:/Users/xiaoyu/.m2/repository/ch/qos/logback/logback-core/1.2.13/logback-core-1.2.13.jar:/Users/xiaoyu/.m2/repository/org/apache/logging/log4j/log4j-to-slf4j/2.17.2/log4j-to-slf4j-2.17.2.jar:/Users/xiaoyu/.m2/repository/org/apache/logging/log4j/log4j-api/2.17.2/log4j-api-2.17.2.jar:/Users/xiaoyu/.m2/repository/org/slf4j/jul-to-slf4j/1.7.36/jul-to-slf4j-1.7.36.jar:/Users/xiaoyu/.m2/repository/jakarta/annotation/jakarta.annotation-api/1.3.5/jakarta.annotation-api-1.3.5.jar:/Users/xiaoyu/.m2/repository/org/yaml/snakeyaml/1.30/snakeyaml-1.30.jar:/Users/xiaoyu/.m2/repository/org/springframework/boot/spring-boot-test/2.7.18/spring-boot-test-2.7.18.jar:/Users/xiaoyu/.m2/repository/org/springframework/boot/spring-boot-test-autoconfigure/2.7.18/spring-boot-test-autoconfigure-2.7.18.jar:/Users/xiaoyu/.m2/repository/com/jayway/jsonpath/json-path/2.7.0/json-path-2.7.0.jar:/Users/xiaoyu/.m2/repository/net/minidev/json-smart/2.4.11/json-smart-2.4.11.jar:/Users/xiaoyu/.m2/repository/net/minidev/accessors-smart/2.4.11/accessors-smart-2.4.11.jar:/Users/xiaoyu/.m2/repository/jakarta/xml/bind/jakarta.xml.bind-api/2.3.3/jakarta.xml.bind-api-2.3.3.jar:/Users/xiaoyu/.m2/repository/jakarta/activation/jakarta.activation-api/1.2.2/jakarta.activation-api-1.2.2.jar:/Users/xiaoyu/.m2/repository/org/assertj/assertj-core/3.22.0/assertj-core-3.22.0.jar:/Users/xiaoyu/.m2/repository/org/hamcrest/hamcrest/2.2/hamcrest-2.2.jar:/Users/xiaoyu/.m2/repository/org/junit/jupiter/junit-jupiter/5.8.2/junit-jupiter-5.8.2.jar:/Users/xiaoyu/.m2/repository/org/junit/jupiter/junit-jupiter-api/5.8.2/junit-jupiter-api-5.8.2.jar:/Users/xiaoyu/.m2/repository/org/opentest4j/opentest4j/1.2.0/opentest4j-1.2.0.jar:/Users/xiaoyu/.m2/repository/org/junit/platform/junit-platform-commons/1.8.2/junit-platform-commons-1.8.2.jar:/Users/xiaoyu/.m2/repository/org/apiguardian/apiguardian-api/1.1.2/apiguardian-api-1.1.2.jar:/Users/xiaoyu/.m2/repository/org/junit/jupiter/junit-jupiter-params/5.8.2/junit-jupiter-params-5.8.2.jar:/Users/xiaoyu/.m2/repository/org/junit/jupiter/junit-jupiter-engine/5.8.2/junit-jupiter-engine-5.8.2.jar:/Users/xiaoyu/.m2/repository/org/junit/platform/junit-platform-engine/1.8.2/junit-platform-engine-1.8.2.jar:/Users/xiaoyu/.m2/repository/org/mockito/mockito-junit-jupiter/4.5.1/mockito-junit-jupiter-4.5.1.jar:/Users/xiaoyu/.m2/repository/org/skyscreamer/jsonassert/1.5.1/jsonassert-1.5.1.jar:/Users/xiaoyu/.m2/repository/com/vaadin/external/google/android-json/0.0.20131108.vaadin1/android-json-0.0.20131108.vaadin1.jar:/Users/xiaoyu/.m2/repository/org/springframework/spring-test/5.3.39/spring-test-5.3.39.jar:/Users/xiaoyu/.m2/repository/org/xmlunit/xmlunit-core/2.9.1/xmlunit-core-2.9.1.jar:"/>
    <property name="sun.cpu.endian" value="little"/>
    <property name="user.home" value="/Users/xiaoyu"/>
    <property name="user.language" value="zh"/>
    <property name="java.specification.vendor" value="Oracle Corporation"/>
    <property name="java.home" value="/Users/xiaoyu/.sdkman/candidates/java/8.0.432-kona/jre"/>
    <property name="basedir" value="/Users/xiaoyu/Desktop/autoee-crm-master/yudao-framework/yudao-common"/>
    <property name="file.separator" value="/"/>
    <property name="line.separator" value="&#10;"/>
    <property name="java.vm.specification.vendor" value="Oracle Corporation"/>
    <property name="java.specification.name" value="Java Platform API Specification"/>
    <property name="java.awt.graphicsenv" value="sun.awt.CGraphicsEnvironment"/>
    <property name="surefire.real.class.path" value="/Users/xiaoyu/Desktop/autoee-crm-master/yudao-framework/yudao-common/target/surefire/surefirebooter2218750142341576207.jar"/>
    <property name="sun.boot.class.path" value="/Users/xiaoyu/.sdkman/candidates/java/8.0.432-kona/jre/lib/resources.jar:/Users/xiaoyu/.sdkman/candidates/java/8.0.432-kona/jre/lib/rt.jar:/Users/xiaoyu/.sdkman/candidates/java/8.0.432-kona/jre/lib/sunrsasign.jar:/Users/xiaoyu/.sdkman/candidates/java/8.0.432-kona/jre/lib/jsse.jar:/Users/xiaoyu/.sdkman/candidates/java/8.0.432-kona/jre/lib/jce.jar:/Users/xiaoyu/.sdkman/candidates/java/8.0.432-kona/jre/lib/charsets.jar:/Users/xiaoyu/.sdkman/candidates/java/8.0.432-kona/jre/lib/jfr.jar:/Users/xiaoyu/.sdkman/candidates/java/8.0.432-kona/jre/classes"/>
    <property name="sun.management.compiler" value="HotSpot 64-Bit Tiered Compilers"/>
    <property name="ftp.nonProxyHosts" value="127.0.0.1|192.168.0.0/16|*.192.168.0.0/16|10.0.0.0/8|*.10.0.0.0/8|localhost|*.localhost|local|*.local"/>
    <property name="java.runtime.version" value="1.8.0_432-b1"/>
    <property name="user.name" value="xiaoyu"/>
    <property name="path.separator" value=":"/>
    <property name="os.version" value="15.4.1"/>
    <property name="java.endorsed.dirs" value="/Users/xiaoyu/.sdkman/candidates/java/8.0.432-kona/jre/lib/endorsed"/>
    <property name="java.runtime.name" value="OpenJDK Runtime Environment"/>
    <property name="file.encoding" value="UTF-8"/>
    <property name="java.vm.name" value="OpenJDK 64-Bit Server VM"/>
    <property name="localRepository" value="/Users/xiaoyu/.m2/repository"/>
    <property name="java.vendor.url.bug" value="https://git.code.oa.com/JDK/tencentJDK/issues"/>
    <property name="java.io.tmpdir" value="/var/folders/2z/2tmgwv3x0h1f51clnnxjk0c00000gn/T/"/>
    <property name="java.version" value="1.8.0_432"/>
    <property name="user.dir" value="/Users/xiaoyu/Desktop/autoee-crm-master/yudao-framework/yudao-common"/>
    <property name="os.arch" value="aarch64"/>
    <property name="java.vm.specification.name" value="Java Virtual Machine Specification"/>
    <property name="java.awt.printerjob" value="sun.lwawt.macosx.CPrinterJob"/>
    <property name="sun.os.patch.level" value="unknown"/>
    <property name="java.library.path" value="/Users/xiaoyu/Library/Java/Extensions:/Library/Java/Extensions:/Network/Library/Java/Extensions:/System/Library/Java/Extensions:/usr/lib/java:."/>
    <property name="java.vm.info" value="mixed mode"/>
    <property name="java.vendor" value="Tencent"/>
    <property name="java.vm.version" value="25.432-b1"/>
    <property name="java.specification.maintenance.version" value="6"/>
    <property name="java.ext.dirs" value="/Users/xiaoyu/Library/Java/Extensions:/Users/xiaoyu/.sdkman/candidates/java/8.0.432-kona/jre/lib/ext:/Library/Java/Extensions:/Network/Library/Java/Extensions:/System/Library/Java/Extensions:/usr/lib/java"/>
    <property name="sun.io.unicode.encoding" value="UnicodeBig"/>
    <property name="java.class.version" value="52.0"/>
    <property name="socksNonProxyHosts" value="127.0.0.1|192.168.0.0/16|*.192.168.0.0/16|10.0.0.0/8|*.10.0.0.0/8|localhost|*.localhost|local|*.local"/>
  </properties>
  <testcase name="testDiffList" classname="cn.iocoder.yudao.framework.common.util.collection.CollectionUtilsTest" time="0.01"/>
</testsuite>