<?xml version="1.0" encoding="UTF-8"?>
<testsuite xmlns:xsi="http://www.w3.org/2001/XMLSchema-instance" xsi:noNamespaceSchemaLocation="https://maven.apache.org/surefire/maven-surefire-plugin/xsd/surefire-test-report-3.0.xsd" version="3.0" name="cn.iocoder.yudao.framework.datapermission.core.db.DataPermissionRuleHandlerTest" time="0.163" tests="23" errors="0" skipped="0" failures="0">
  <properties>
    <property name="gopherProxySet" value="false"/>
    <property name="awt.toolkit" value="sun.lwawt.macosx.LWCToolkit"/>
    <property name="file.encoding.pkg" value="sun.io"/>
    <property name="java.specification.version" value="1.8"/>
    <property name="sun.cpu.isalist" value=""/>
    <property name="sun.jnu.encoding" value="UTF-8"/>
    <property name="java.class.path" value="/Users/xiaoyu/Desktop/autoee-crm-master/yudao-framework/yudao-spring-boot-starter-biz-data-permission/target/test-classes:/Users/xiaoyu/Desktop/autoee-crm-master/yudao-framework/yudao-spring-boot-starter-biz-data-permission/target/classes:/Users/xiaoyu/Desktop/autoee-crm-master/yudao-framework/yudao-common/target/yudao-common-2.4.0-jdk8-SNAPSHOT.jar:/Users/xiaoyu/.m2/repository/org/apache/skywalking/apm-toolkit-trace/8.12.0/apm-toolkit-trace-8.12.0.jar:/Users/xiaoyu/.m2/repository/org/projectlombok/lombok/1.18.36/lombok-1.18.36.jar:/Users/xiaoyu/.m2/repository/org/mapstruct/mapstruct/1.6.3/mapstruct-1.6.3.jar:/Users/xiaoyu/.m2/repository/org/mapstruct/mapstruct-jdk8/1.6.3/mapstruct-jdk8-1.6.3.jar:/Users/xiaoyu/.m2/repository/org/mapstruct/mapstruct-processor/1.6.3/mapstruct-processor-1.6.3.jar:/Users/xiaoyu/.m2/repository/cn/hutool/hutool-all/5.8.35/hutool-all-5.8.35.jar:/Users/xiaoyu/.m2/repository/com/alibaba/transmittable-thread-local/2.14.5/transmittable-thread-local-2.14.5.jar:/Users/xiaoyu/.m2/repository/com/fhs-opensource/easy-trans-anno/3.0.6/easy-trans-anno-3.0.6.jar:/Users/xiaoyu/.m2/repository/com/fasterxml/jackson/core/jackson-annotations/2.13.5/jackson-annotations-2.13.5.jar:/Users/xiaoyu/.m2/repository/com/alibaba/fastjson/1.2.83/fastjson-1.2.83.jar:/Users/xiaoyu/.m2/repository/org/slf4j/slf4j-api/1.7.36/slf4j-api-1.7.36.jar:/Users/xiaoyu/Desktop/autoee-crm-master/yudao-framework/yudao-spring-boot-starter-security/target/yudao-spring-boot-starter-security-2.4.0-jdk8-SNAPSHOT.jar:/Users/xiaoyu/.m2/repository/org/springframework/boot/spring-boot-starter-aop/2.7.18/spring-boot-starter-aop-2.7.18.jar:/Users/xiaoyu/.m2/repository/org/springframework/boot/spring-boot-starter/2.7.18/spring-boot-starter-2.7.18.jar:/Users/xiaoyu/.m2/repository/org/springframework/boot/spring-boot/2.7.18/spring-boot-2.7.18.jar:/Users/xiaoyu/.m2/repository/org/springframework/boot/spring-boot-starter-logging/2.7.18/spring-boot-starter-logging-2.7.18.jar:/Users/xiaoyu/.m2/repository/ch/qos/logback/logback-classic/1.2.13/logback-classic-1.2.13.jar:/Users/xiaoyu/.m2/repository/ch/qos/logback/logback-core/1.2.13/logback-core-1.2.13.jar:/Users/xiaoyu/.m2/repository/org/apache/logging/log4j/log4j-to-slf4j/2.17.2/log4j-to-slf4j-2.17.2.jar:/Users/xiaoyu/.m2/repository/org/apache/logging/log4j/log4j-api/2.17.2/log4j-api-2.17.2.jar:/Users/xiaoyu/.m2/repository/org/slf4j/jul-to-slf4j/1.7.36/jul-to-slf4j-1.7.36.jar:/Users/xiaoyu/.m2/repository/jakarta/annotation/jakarta.annotation-api/1.3.5/jakarta.annotation-api-1.3.5.jar:/Users/xiaoyu/.m2/repository/org/yaml/snakeyaml/1.30/snakeyaml-1.30.jar:/Users/xiaoyu/.m2/repository/org/springframework/spring-aop/5.3.39/spring-aop-5.3.39.jar:/Users/xiaoyu/.m2/repository/org/springframework/spring-beans/5.3.39/spring-beans-5.3.39.jar:/Users/xiaoyu/.m2/repository/org/aspectj/aspectjweaver/1.9.7/aspectjweaver-1.9.7.jar:/Users/xiaoyu/Desktop/autoee-crm-master/yudao-framework/yudao-spring-boot-starter-web/target/yudao-spring-boot-starter-web-2.4.0-jdk8-SNAPSHOT.jar:/Users/xiaoyu/.m2/repository/org/springframework/boot/spring-boot-starter-web/2.7.18/spring-boot-starter-web-2.7.18.jar:/Users/xiaoyu/.m2/repository/org/springframework/boot/spring-boot-starter-json/2.7.18/spring-boot-starter-json-2.7.18.jar:/Users/xiaoyu/.m2/repository/com/fasterxml/jackson/datatype/jackson-datatype-jdk8/2.13.5/jackson-datatype-jdk8-2.13.5.jar:/Users/xiaoyu/.m2/repository/com/fasterxml/jackson/module/jackson-module-parameter-names/2.13.5/jackson-module-parameter-names-2.13.5.jar:/Users/xiaoyu/.m2/repository/org/springframework/boot/spring-boot-starter-tomcat/2.7.18/spring-boot-starter-tomcat-2.7.18.jar:/Users/xiaoyu/.m2/repository/org/apache/tomcat/embed/tomcat-embed-core/9.0.83/tomcat-embed-core-9.0.83.jar:/Users/xiaoyu/.m2/repository/org/apache/tomcat/embed/tomcat-embed-el/9.0.83/tomcat-embed-el-9.0.83.jar:/Users/xiaoyu/.m2/repository/org/apache/tomcat/embed/tomcat-embed-websocket/9.0.83/tomcat-embed-websocket-9.0.83.jar:/Users/xiaoyu/.m2/repository/org/springframework/spring-web/5.3.39/spring-web-5.3.39.jar:/Users/xiaoyu/.m2/repository/org/springframework/spring-webmvc/5.3.39/spring-webmvc-5.3.39.jar:/Users/xiaoyu/.m2/repository/com/github/xiaoymin/knife4j-openapi3-spring-boot-starter/4.5.0/knife4j-openapi3-spring-boot-starter-4.5.0.jar:/Users/xiaoyu/.m2/repository/com/github/xiaoymin/knife4j-core/4.5.0/knife4j-core-4.5.0.jar:/Users/xiaoyu/.m2/repository/com/github/xiaoymin/knife4j-openapi3-ui/4.5.0/knife4j-openapi3-ui-4.5.0.jar:/Users/xiaoyu/.m2/repository/org/springdoc/springdoc-openapi-ui/1.7.0/springdoc-openapi-ui-1.7.0.jar:/Users/xiaoyu/.m2/repository/org/springdoc/springdoc-openapi-webmvc-core/1.7.0/springdoc-openapi-webmvc-core-1.7.0.jar:/Users/xiaoyu/.m2/repository/org/springdoc/springdoc-openapi-common/1.7.0/springdoc-openapi-common-1.7.0.jar:/Users/xiaoyu/.m2/repository/io/swagger/core/v3/swagger-core/2.2.9/swagger-core-2.2.9.jar:/Users/xiaoyu/.m2/repository/io/swagger/core/v3/swagger-annotations/2.2.9/swagger-annotations-2.2.9.jar:/Users/xiaoyu/.m2/repository/io/swagger/core/v3/swagger-models/2.2.9/swagger-models-2.2.9.jar:/Users/xiaoyu/.m2/repository/org/webjars/swagger-ui/4.18.2/swagger-ui-4.18.2.jar:/Users/xiaoyu/Desktop/autoee-crm-master/yudao-module-infra/yudao-module-infra-api/target/yudao-module-infra-api-2.4.0-jdk8-SNAPSHOT.jar:/Users/xiaoyu/.m2/repository/org/jsoup/jsoup/1.18.3/jsoup-1.18.3.jar:/Users/xiaoyu/.m2/repository/org/springframework/boot/spring-boot-starter-security/2.7.18/spring-boot-starter-security-2.7.18.jar:/Users/xiaoyu/.m2/repository/org/springframework/security/spring-security-config/5.8.14/spring-security-config-5.8.14.jar:/Users/xiaoyu/.m2/repository/org/springframework/security/spring-security-core/5.8.14/spring-security-core-5.8.14.jar:/Users/xiaoyu/.m2/repository/org/springframework/security/spring-security-crypto/5.8.14/spring-security-crypto-5.8.14.jar:/Users/xiaoyu/.m2/repository/org/springframework/security/spring-security-web/5.8.14/spring-security-web-5.8.14.jar:/Users/xiaoyu/.m2/repository/org/springframework/spring-expression/5.3.39/spring-expression-5.3.39.jar:/Users/xiaoyu/.m2/repository/com/google/guava/guava/33.4.0-jre/guava-33.4.0-jre.jar:/Users/xiaoyu/.m2/repository/com/google/guava/failureaccess/1.0.2/failureaccess-1.0.2.jar:/Users/xiaoyu/.m2/repository/com/google/guava/listenablefuture/9999.0-empty-to-avoid-conflict-with-guava/listenablefuture-9999.0-empty-to-avoid-conflict-with-guava.jar:/Users/xiaoyu/.m2/repository/com/google/code/findbugs/jsr305/3.0.2/jsr305-3.0.2.jar:/Users/xiaoyu/.m2/repository/org/checkerframework/checker-qual/3.43.0/checker-qual-3.43.0.jar:/Users/xiaoyu/.m2/repository/com/google/errorprone/error_prone_annotations/2.36.0/error_prone_annotations-2.36.0.jar:/Users/xiaoyu/.m2/repository/com/google/j2objc/j2objc-annotations/3.0.0/j2objc-annotations-3.0.0.jar:/Users/xiaoyu/.m2/repository/io/github/mouzt/bizlog-sdk/3.0.6/bizlog-sdk-3.0.6.jar:/Users/xiaoyu/.m2/repository/de/danielbechler/java-object-diff/0.95/java-object-diff-0.95.jar:/Users/xiaoyu/.m2/repository/com/google/code/findbugs/annotations/3.0.1/annotations-3.0.1.jar:/Users/xiaoyu/.m2/repository/org/hibernate/validator/hibernate-validator/6.2.5.Final/hibernate-validator-6.2.5.Final.jar:/Users/xiaoyu/.m2/repository/jakarta/validation/jakarta.validation-api/2.0.2/jakarta.validation-api-2.0.2.jar:/Users/xiaoyu/.m2/repository/org/jboss/logging/jboss-logging/3.4.3.Final/jboss-logging-3.4.3.Final.jar:/Users/xiaoyu/.m2/repository/com/fasterxml/classmate/1.5.1/classmate-1.5.1.jar:/Users/xiaoyu/Desktop/autoee-crm-master/yudao-framework/yudao-spring-boot-starter-mybatis/target/yudao-spring-boot-starter-mybatis-2.4.0-jdk8-SNAPSHOT.jar:/Users/xiaoyu/.m2/repository/com/mysql/mysql-connector-j/8.0.33/mysql-connector-j-8.0.33.jar:/Users/xiaoyu/.m2/repository/com/alibaba/druid-spring-boot-starter/1.2.24/druid-spring-boot-starter-1.2.24.jar:/Users/xiaoyu/.m2/repository/com/alibaba/druid/1.2.24/druid-1.2.24.jar:/Users/xiaoyu/.m2/repository/org/springframework/boot/spring-boot-autoconfigure/2.7.18/spring-boot-autoconfigure-2.7.18.jar:/Users/xiaoyu/.m2/repository/org/glassfish/jaxb/jaxb-runtime/2.3.9/jaxb-runtime-2.3.9.jar:/Users/xiaoyu/.m2/repository/org/glassfish/jaxb/txw2/2.3.9/txw2-2.3.9.jar:/Users/xiaoyu/.m2/repository/com/sun/istack/istack-commons-runtime/3.0.12/istack-commons-runtime-3.0.12.jar:/Users/xiaoyu/.m2/repository/com/sun/activation/jakarta.activation/1.2.2/jakarta.activation-1.2.2.jar:/Users/xiaoyu/.m2/repository/com/baomidou/mybatis-plus-boot-starter/3.5.9/mybatis-plus-boot-starter-3.5.9.jar:/Users/xiaoyu/.m2/repository/com/baomidou/mybatis-plus/3.5.9/mybatis-plus-3.5.9.jar:/Users/xiaoyu/.m2/repository/com/baomidou/mybatis-plus-core/3.5.9/mybatis-plus-core-3.5.9.jar:/Users/xiaoyu/.m2/repository/com/baomidou/mybatis-plus-annotation/3.5.9/mybatis-plus-annotation-3.5.9.jar:/Users/xiaoyu/.m2/repository/com/baomidou/mybatis-plus-spring/3.5.9/mybatis-plus-spring-3.5.9.jar:/Users/xiaoyu/.m2/repository/org/mybatis/mybatis/3.5.17/mybatis-3.5.17.jar:/Users/xiaoyu/.m2/repository/org/mybatis/mybatis-spring/2.1.2/mybatis-spring-2.1.2.jar:/Users/xiaoyu/.m2/repository/com/baomidou/mybatis-plus-spring-boot-autoconfigure/3.5.9/mybatis-plus-spring-boot-autoconfigure-3.5.9.jar:/Users/xiaoyu/.m2/repository/org/springframework/boot/spring-boot-starter-jdbc/2.7.18/spring-boot-starter-jdbc-2.7.18.jar:/Users/xiaoyu/.m2/repository/com/zaxxer/HikariCP/4.0.3/HikariCP-4.0.3.jar:/Users/xiaoyu/.m2/repository/org/springframework/spring-jdbc/5.3.39/spring-jdbc-5.3.39.jar:/Users/xiaoyu/.m2/repository/org/springframework/spring-tx/5.3.39/spring-tx-5.3.39.jar:/Users/xiaoyu/.m2/repository/com/baomidou/mybatis-plus-jsqlparser-4.9/3.5.9/mybatis-plus-jsqlparser-4.9-3.5.9.jar:/Users/xiaoyu/.m2/repository/com/github/jsqlparser/jsqlparser/4.9/jsqlparser-4.9.jar:/Users/xiaoyu/.m2/repository/com/baomidou/mybatis-plus-jsqlparser-common/3.5.9/mybatis-plus-jsqlparser-common-3.5.9.jar:/Users/xiaoyu/.m2/repository/com/baomidou/mybatis-plus-extension/3.5.9/mybatis-plus-extension-3.5.9.jar:/Users/xiaoyu/.m2/repository/com/baomidou/dynamic-datasource-spring-boot-starter/4.3.1/dynamic-datasource-spring-boot-starter-4.3.1.jar:/Users/xiaoyu/.m2/repository/com/baomidou/dynamic-datasource-spring-boot-common/4.3.1/dynamic-datasource-spring-boot-common-4.3.1.jar:/Users/xiaoyu/.m2/repository/com/baomidou/dynamic-datasource-spring/4.3.1/dynamic-datasource-spring-4.3.1.jar:/Users/xiaoyu/.m2/repository/com/baomidou/dynamic-datasource-creator/4.3.1/dynamic-datasource-creator-4.3.1.jar:/Users/xiaoyu/.m2/repository/com/github/yulichang/mybatis-plus-join-boot-starter/1.4.13/mybatis-plus-join-boot-starter-1.4.13.jar:/Users/xiaoyu/.m2/repository/com/github/yulichang/mybatis-plus-join-extension/1.4.13/mybatis-plus-join-extension-1.4.13.jar:/Users/xiaoyu/.m2/repository/com/github/yulichang/mybatis-plus-join-core/1.4.13/mybatis-plus-join-core-1.4.13.jar:/Users/xiaoyu/.m2/repository/com/github/yulichang/mybatis-plus-join-annotation/1.4.13/mybatis-plus-join-annotation-1.4.13.jar:/Users/xiaoyu/.m2/repository/com/github/yulichang/mybatis-plus-join-adapter-v33x/1.4.13/mybatis-plus-join-adapter-v33x-1.4.13.jar:/Users/xiaoyu/.m2/repository/com/github/yulichang/mybatis-plus-join-adapter-base/1.4.13/mybatis-plus-join-adapter-base-1.4.13.jar:/Users/xiaoyu/.m2/repository/com/github/yulichang/mybatis-plus-join-adapter-jsqlparser/1.4.13/mybatis-plus-join-adapter-jsqlparser-1.4.13.jar:/Users/xiaoyu/.m2/repository/com/github/yulichang/mybatis-plus-join-adapter-jsqlparser-v46/1.4.13/mybatis-plus-join-adapter-jsqlparser-v46-1.4.13.jar:/Users/xiaoyu/.m2/repository/com/github/yulichang/mybatis-plus-join-adapter-v3431/1.4.13/mybatis-plus-join-adapter-v3431-1.4.13.jar:/Users/xiaoyu/.m2/repository/com/github/yulichang/mybatis-plus-join-adapter-v352/1.4.13/mybatis-plus-join-adapter-v352-1.4.13.jar:/Users/xiaoyu/.m2/repository/com/github/yulichang/mybatis-plus-join-adapter-v355/1.4.13/mybatis-plus-join-adapter-v355-1.4.13.jar:/Users/xiaoyu/.m2/repository/com/fhs-opensource/easy-trans-spring-boot-starter/3.0.6/easy-trans-spring-boot-starter-3.0.6.jar:/Users/xiaoyu/.m2/repository/com/fhs-opensource/easy-trans-service/3.0.6/easy-trans-service-3.0.6.jar:/Users/xiaoyu/.m2/repository/org/springframework/data/spring-data-redis/2.7.18/spring-data-redis-2.7.18.jar:/Users/xiaoyu/.m2/repository/org/springframework/data/spring-data-keyvalue/2.7.18/spring-data-keyvalue-2.7.18.jar:/Users/xiaoyu/.m2/repository/org/springframework/data/spring-data-commons/2.7.18/spring-data-commons-2.7.18.jar:/Users/xiaoyu/.m2/repository/org/springframework/spring-oxm/5.3.39/spring-oxm-5.3.39.jar:/Users/xiaoyu/.m2/repository/net/bytebuddy/byte-buddy/1.12.23/byte-buddy-1.12.23.jar:/Users/xiaoyu/.m2/repository/com/github/ben-manes/caffeine/caffeine/2.9.3/caffeine-2.9.3.jar:/Users/xiaoyu/.m2/repository/com/fhs-opensource/easy-trans-mybatis-plus-extend/3.0.6/easy-trans-mybatis-plus-extend-3.0.6.jar:/Users/xiaoyu/.m2/repository/org/springframework/spring-context/5.3.39/spring-context-5.3.39.jar:/Users/xiaoyu/Desktop/autoee-crm-master/yudao-module-system/yudao-module-system-api/target/yudao-module-system-api-2.4.0-jdk8-SNAPSHOT.jar:/Users/xiaoyu/Desktop/autoee-crm-master/yudao-framework/yudao-spring-boot-starter-test/target/yudao-spring-boot-starter-test-2.4.0-jdk8-SNAPSHOT.jar:/Users/xiaoyu/Desktop/autoee-crm-master/yudao-framework/yudao-spring-boot-starter-redis/target/yudao-spring-boot-starter-redis-2.4.0-jdk8-SNAPSHOT.jar:/Users/xiaoyu/.m2/repository/org/redisson/redisson-spring-boot-starter/3.41.0/redisson-spring-boot-starter-3.41.0.jar:/Users/xiaoyu/.m2/repository/org/springframework/boot/spring-boot-starter-data-redis/2.7.18/spring-boot-starter-data-redis-2.7.18.jar:/Users/xiaoyu/.m2/repository/org/redisson/redisson/3.41.0/redisson-3.41.0.jar:/Users/xiaoyu/.m2/repository/io/netty/netty-common/4.1.116.Final/netty-common-4.1.116.Final.jar:/Users/xiaoyu/.m2/repository/io/netty/netty-codec/4.1.116.Final/netty-codec-4.1.116.Final.jar:/Users/xiaoyu/.m2/repository/io/netty/netty-buffer/4.1.116.Final/netty-buffer-4.1.116.Final.jar:/Users/xiaoyu/.m2/repository/io/netty/netty-transport/4.1.116.Final/netty-transport-4.1.116.Final.jar:/Users/xiaoyu/.m2/repository/io/netty/netty-resolver/4.1.116.Final/netty-resolver-4.1.116.Final.jar:/Users/xiaoyu/.m2/repository/io/netty/netty-resolver-dns/4.1.116.Final/netty-resolver-dns-4.1.116.Final.jar:/Users/xiaoyu/.m2/repository/io/netty/netty-codec-dns/4.1.116.Final/netty-codec-dns-4.1.116.Final.jar:/Users/xiaoyu/.m2/repository/io/netty/netty-handler/4.1.116.Final/netty-handler-4.1.116.Final.jar:/Users/xiaoyu/.m2/repository/io/netty/netty-transport-native-unix-common/4.1.116.Final/netty-transport-native-unix-common-4.1.116.Final.jar:/Users/xiaoyu/.m2/repository/javax/cache/cache-api/1.1.1/cache-api-1.1.1.jar:/Users/xiaoyu/.m2/repository/io/projectreactor/reactor-core/3.4.34/reactor-core-3.4.34.jar:/Users/xiaoyu/.m2/repository/org/reactivestreams/reactive-streams/1.0.4/reactive-streams-1.0.4.jar:/Users/xiaoyu/.m2/repository/io/reactivex/rxjava3/rxjava/3.1.8/rxjava-3.1.8.jar:/Users/xiaoyu/.m2/repository/com/esotericsoftware/kryo/5.6.2/kryo-5.6.2.jar:/Users/xiaoyu/.m2/repository/com/esotericsoftware/reflectasm/1.11.9/reflectasm-1.11.9.jar:/Users/xiaoyu/.m2/repository/com/esotericsoftware/minlog/1.3.1/minlog-1.3.1.jar:/Users/xiaoyu/.m2/repository/com/fasterxml/jackson/dataformat/jackson-dataformat-yaml/2.13.5/jackson-dataformat-yaml-2.13.5.jar:/Users/xiaoyu/.m2/repository/org/jodd/jodd-util/6.3.0/jodd-util-6.3.0.jar:/Users/xiaoyu/.m2/repository/org/redisson/redisson-spring-data-27/3.41.0/redisson-spring-data-27-3.41.0.jar:/Users/xiaoyu/.m2/repository/org/springframework/boot/spring-boot-starter-cache/2.7.18/spring-boot-starter-cache-2.7.18.jar:/Users/xiaoyu/.m2/repository/org/springframework/spring-context-support/5.3.39/spring-context-support-5.3.39.jar:/Users/xiaoyu/.m2/repository/com/fasterxml/jackson/datatype/jackson-datatype-jsr310/2.13.5/jackson-datatype-jsr310-2.13.5.jar:/Users/xiaoyu/.m2/repository/com/fasterxml/jackson/core/jackson-core/2.13.5/jackson-core-2.13.5.jar:/Users/xiaoyu/.m2/repository/com/fasterxml/jackson/core/jackson-databind/2.13.5/jackson-databind-2.13.5.jar:/Users/xiaoyu/.m2/repository/org/mockito/mockito-inline/4.11.0/mockito-inline-4.11.0.jar:/Users/xiaoyu/.m2/repository/org/mockito/mockito-core/4.5.1/mockito-core-4.5.1.jar:/Users/xiaoyu/.m2/repository/net/bytebuddy/byte-buddy-agent/1.12.23/byte-buddy-agent-1.12.23.jar:/Users/xiaoyu/.m2/repository/org/objenesis/objenesis/3.2/objenesis-3.2.jar:/Users/xiaoyu/.m2/repository/org/springframework/boot/spring-boot-starter-test/2.7.18/spring-boot-starter-test-2.7.18.jar:/Users/xiaoyu/.m2/repository/org/springframework/boot/spring-boot-test/2.7.18/spring-boot-test-2.7.18.jar:/Users/xiaoyu/.m2/repository/org/springframework/boot/spring-boot-test-autoconfigure/2.7.18/spring-boot-test-autoconfigure-2.7.18.jar:/Users/xiaoyu/.m2/repository/com/jayway/jsonpath/json-path/2.7.0/json-path-2.7.0.jar:/Users/xiaoyu/.m2/repository/net/minidev/json-smart/2.4.11/json-smart-2.4.11.jar:/Users/xiaoyu/.m2/repository/net/minidev/accessors-smart/2.4.11/accessors-smart-2.4.11.jar:/Users/xiaoyu/.m2/repository/jakarta/xml/bind/jakarta.xml.bind-api/2.3.3/jakarta.xml.bind-api-2.3.3.jar:/Users/xiaoyu/.m2/repository/jakarta/activation/jakarta.activation-api/1.2.2/jakarta.activation-api-1.2.2.jar:/Users/xiaoyu/.m2/repository/org/assertj/assertj-core/3.22.0/assertj-core-3.22.0.jar:/Users/xiaoyu/.m2/repository/org/hamcrest/hamcrest/2.2/hamcrest-2.2.jar:/Users/xiaoyu/.m2/repository/org/junit/jupiter/junit-jupiter/5.8.2/junit-jupiter-5.8.2.jar:/Users/xiaoyu/.m2/repository/org/junit/jupiter/junit-jupiter-api/5.8.2/junit-jupiter-api-5.8.2.jar:/Users/xiaoyu/.m2/repository/org/opentest4j/opentest4j/1.2.0/opentest4j-1.2.0.jar:/Users/xiaoyu/.m2/repository/org/junit/platform/junit-platform-commons/1.8.2/junit-platform-commons-1.8.2.jar:/Users/xiaoyu/.m2/repository/org/apiguardian/apiguardian-api/1.1.2/apiguardian-api-1.1.2.jar:/Users/xiaoyu/.m2/repository/org/junit/jupiter/junit-jupiter-params/5.8.2/junit-jupiter-params-5.8.2.jar:/Users/xiaoyu/.m2/repository/org/junit/jupiter/junit-jupiter-engine/5.8.2/junit-jupiter-engine-5.8.2.jar:/Users/xiaoyu/.m2/repository/org/junit/platform/junit-platform-engine/1.8.2/junit-platform-engine-1.8.2.jar:/Users/xiaoyu/.m2/repository/org/mockito/mockito-junit-jupiter/4.5.1/mockito-junit-jupiter-4.5.1.jar:/Users/xiaoyu/.m2/repository/org/skyscreamer/jsonassert/1.5.1/jsonassert-1.5.1.jar:/Users/xiaoyu/.m2/repository/com/vaadin/external/google/android-json/0.0.20131108.vaadin1/android-json-0.0.20131108.vaadin1.jar:/Users/xiaoyu/.m2/repository/org/springframework/spring-core/5.3.39/spring-core-5.3.39.jar:/Users/xiaoyu/.m2/repository/org/springframework/spring-jcl/5.3.39/spring-jcl-5.3.39.jar:/Users/xiaoyu/.m2/repository/org/springframework/spring-test/5.3.39/spring-test-5.3.39.jar:/Users/xiaoyu/.m2/repository/org/xmlunit/xmlunit-core/2.9.1/xmlunit-core-2.9.1.jar:/Users/xiaoyu/.m2/repository/com/h2database/h2/2.1.214/h2-2.1.214.jar:/Users/xiaoyu/.m2/repository/com/github/fppt/jedis-mock/1.1.8/jedis-mock-1.1.8.jar:/Users/xiaoyu/.m2/repository/org/reflections/reflections/0.10.2/reflections-0.10.2.jar:/Users/xiaoyu/.m2/repository/org/javassist/javassist/3.28.0-GA/javassist-3.28.0-GA.jar:/Users/xiaoyu/.m2/repository/org/luaj/luaj-jse/3.0.1/luaj-jse-3.0.1.jar:/Users/xiaoyu/.m2/repository/redis/clients/jedis/3.8.0/jedis-3.8.0.jar:/Users/xiaoyu/.m2/repository/org/apache/commons/commons-pool2/2.11.1/commons-pool2-2.11.1.jar:/Users/xiaoyu/.m2/repository/uk/co/jemos/podam/podam/7.2.11.RELEASE/podam-7.2.11.RELEASE.jar:/Users/xiaoyu/.m2/repository/net/jcip/jcip-annotations/1.0/jcip-annotations-1.0.jar:/Users/xiaoyu/.m2/repository/javax/annotation/javax.annotation-api/1.3.2/javax.annotation-api-1.3.2.jar:/Users/xiaoyu/.m2/repository/javax/validation/validation-api/2.0.1.Final/validation-api-2.0.1.Final.jar:/Users/xiaoyu/.m2/repository/org/apache/commons/commons-lang3/3.12.0/commons-lang3-3.12.0.jar:"/>
    <property name="java.vm.vendor" value="Tencent"/>
    <property name="sun.arch.data.model" value="64"/>
    <property name="java.vendor.url" value="http://jdk.oa.com/"/>
    <property name="user.timezone" value="Asia/Shanghai"/>
    <property name="java.vm.specification.version" value="1.8"/>
    <property name="os.name" value="Mac OS X"/>
    <property name="user.country" value="CN"/>
    <property name="sun.java.launcher" value="SUN_STANDARD"/>
    <property name="sun.boot.library.path" value="/Users/xiaoyu/.sdkman/candidates/java/8.0.432-kona/jre/lib"/>
    <property name="sun.java.command" value="/Users/xiaoyu/Desktop/autoee-crm-master/yudao-framework/yudao-spring-boot-starter-biz-data-permission/target/surefire/surefirebooter5436157791195802561.jar /Users/xiaoyu/Desktop/autoee-crm-master/yudao-framework/yudao-spring-boot-starter-biz-data-permission/target/surefire 2025-05-21T18-57-42_542-jvmRun1 surefire1838099005563343975tmp surefire_57880827031457445856tmp"/>
    <property name="http.nonProxyHosts" value="127.0.0.1|192.168.0.0/16|*.192.168.0.0/16|10.0.0.0/8|*.10.0.0.0/8|localhost|*.localhost|local|*.local"/>
    <property name="surefire.test.class.path" value="/Users/xiaoyu/Desktop/autoee-crm-master/yudao-framework/yudao-spring-boot-starter-biz-data-permission/target/test-classes:/Users/xiaoyu/Desktop/autoee-crm-master/yudao-framework/yudao-spring-boot-starter-biz-data-permission/target/classes:/Users/xiaoyu/Desktop/autoee-crm-master/yudao-framework/yudao-common/target/yudao-common-2.4.0-jdk8-SNAPSHOT.jar:/Users/xiaoyu/.m2/repository/org/apache/skywalking/apm-toolkit-trace/8.12.0/apm-toolkit-trace-8.12.0.jar:/Users/xiaoyu/.m2/repository/org/projectlombok/lombok/1.18.36/lombok-1.18.36.jar:/Users/xiaoyu/.m2/repository/org/mapstruct/mapstruct/1.6.3/mapstruct-1.6.3.jar:/Users/xiaoyu/.m2/repository/org/mapstruct/mapstruct-jdk8/1.6.3/mapstruct-jdk8-1.6.3.jar:/Users/xiaoyu/.m2/repository/org/mapstruct/mapstruct-processor/1.6.3/mapstruct-processor-1.6.3.jar:/Users/xiaoyu/.m2/repository/cn/hutool/hutool-all/5.8.35/hutool-all-5.8.35.jar:/Users/xiaoyu/.m2/repository/com/alibaba/transmittable-thread-local/2.14.5/transmittable-thread-local-2.14.5.jar:/Users/xiaoyu/.m2/repository/com/fhs-opensource/easy-trans-anno/3.0.6/easy-trans-anno-3.0.6.jar:/Users/xiaoyu/.m2/repository/com/fasterxml/jackson/core/jackson-annotations/2.13.5/jackson-annotations-2.13.5.jar:/Users/xiaoyu/.m2/repository/com/alibaba/fastjson/1.2.83/fastjson-1.2.83.jar:/Users/xiaoyu/.m2/repository/org/slf4j/slf4j-api/1.7.36/slf4j-api-1.7.36.jar:/Users/xiaoyu/Desktop/autoee-crm-master/yudao-framework/yudao-spring-boot-starter-security/target/yudao-spring-boot-starter-security-2.4.0-jdk8-SNAPSHOT.jar:/Users/xiaoyu/.m2/repository/org/springframework/boot/spring-boot-starter-aop/2.7.18/spring-boot-starter-aop-2.7.18.jar:/Users/xiaoyu/.m2/repository/org/springframework/boot/spring-boot-starter/2.7.18/spring-boot-starter-2.7.18.jar:/Users/xiaoyu/.m2/repository/org/springframework/boot/spring-boot/2.7.18/spring-boot-2.7.18.jar:/Users/xiaoyu/.m2/repository/org/springframework/boot/spring-boot-starter-logging/2.7.18/spring-boot-starter-logging-2.7.18.jar:/Users/xiaoyu/.m2/repository/ch/qos/logback/logback-classic/1.2.13/logback-classic-1.2.13.jar:/Users/xiaoyu/.m2/repository/ch/qos/logback/logback-core/1.2.13/logback-core-1.2.13.jar:/Users/xiaoyu/.m2/repository/org/apache/logging/log4j/log4j-to-slf4j/2.17.2/log4j-to-slf4j-2.17.2.jar:/Users/xiaoyu/.m2/repository/org/apache/logging/log4j/log4j-api/2.17.2/log4j-api-2.17.2.jar:/Users/xiaoyu/.m2/repository/org/slf4j/jul-to-slf4j/1.7.36/jul-to-slf4j-1.7.36.jar:/Users/xiaoyu/.m2/repository/jakarta/annotation/jakarta.annotation-api/1.3.5/jakarta.annotation-api-1.3.5.jar:/Users/xiaoyu/.m2/repository/org/yaml/snakeyaml/1.30/snakeyaml-1.30.jar:/Users/xiaoyu/.m2/repository/org/springframework/spring-aop/5.3.39/spring-aop-5.3.39.jar:/Users/xiaoyu/.m2/repository/org/springframework/spring-beans/5.3.39/spring-beans-5.3.39.jar:/Users/xiaoyu/.m2/repository/org/aspectj/aspectjweaver/1.9.7/aspectjweaver-1.9.7.jar:/Users/xiaoyu/Desktop/autoee-crm-master/yudao-framework/yudao-spring-boot-starter-web/target/yudao-spring-boot-starter-web-2.4.0-jdk8-SNAPSHOT.jar:/Users/xiaoyu/.m2/repository/org/springframework/boot/spring-boot-starter-web/2.7.18/spring-boot-starter-web-2.7.18.jar:/Users/xiaoyu/.m2/repository/org/springframework/boot/spring-boot-starter-json/2.7.18/spring-boot-starter-json-2.7.18.jar:/Users/xiaoyu/.m2/repository/com/fasterxml/jackson/datatype/jackson-datatype-jdk8/2.13.5/jackson-datatype-jdk8-2.13.5.jar:/Users/xiaoyu/.m2/repository/com/fasterxml/jackson/module/jackson-module-parameter-names/2.13.5/jackson-module-parameter-names-2.13.5.jar:/Users/xiaoyu/.m2/repository/org/springframework/boot/spring-boot-starter-tomcat/2.7.18/spring-boot-starter-tomcat-2.7.18.jar:/Users/xiaoyu/.m2/repository/org/apache/tomcat/embed/tomcat-embed-core/9.0.83/tomcat-embed-core-9.0.83.jar:/Users/xiaoyu/.m2/repository/org/apache/tomcat/embed/tomcat-embed-el/9.0.83/tomcat-embed-el-9.0.83.jar:/Users/xiaoyu/.m2/repository/org/apache/tomcat/embed/tomcat-embed-websocket/9.0.83/tomcat-embed-websocket-9.0.83.jar:/Users/xiaoyu/.m2/repository/org/springframework/spring-web/5.3.39/spring-web-5.3.39.jar:/Users/xiaoyu/.m2/repository/org/springframework/spring-webmvc/5.3.39/spring-webmvc-5.3.39.jar:/Users/xiaoyu/.m2/repository/com/github/xiaoymin/knife4j-openapi3-spring-boot-starter/4.5.0/knife4j-openapi3-spring-boot-starter-4.5.0.jar:/Users/xiaoyu/.m2/repository/com/github/xiaoymin/knife4j-core/4.5.0/knife4j-core-4.5.0.jar:/Users/xiaoyu/.m2/repository/com/github/xiaoymin/knife4j-openapi3-ui/4.5.0/knife4j-openapi3-ui-4.5.0.jar:/Users/xiaoyu/.m2/repository/org/springdoc/springdoc-openapi-ui/1.7.0/springdoc-openapi-ui-1.7.0.jar:/Users/xiaoyu/.m2/repository/org/springdoc/springdoc-openapi-webmvc-core/1.7.0/springdoc-openapi-webmvc-core-1.7.0.jar:/Users/xiaoyu/.m2/repository/org/springdoc/springdoc-openapi-common/1.7.0/springdoc-openapi-common-1.7.0.jar:/Users/xiaoyu/.m2/repository/io/swagger/core/v3/swagger-core/2.2.9/swagger-core-2.2.9.jar:/Users/xiaoyu/.m2/repository/io/swagger/core/v3/swagger-annotations/2.2.9/swagger-annotations-2.2.9.jar:/Users/xiaoyu/.m2/repository/io/swagger/core/v3/swagger-models/2.2.9/swagger-models-2.2.9.jar:/Users/xiaoyu/.m2/repository/org/webjars/swagger-ui/4.18.2/swagger-ui-4.18.2.jar:/Users/xiaoyu/Desktop/autoee-crm-master/yudao-module-infra/yudao-module-infra-api/target/yudao-module-infra-api-2.4.0-jdk8-SNAPSHOT.jar:/Users/xiaoyu/.m2/repository/org/jsoup/jsoup/1.18.3/jsoup-1.18.3.jar:/Users/xiaoyu/.m2/repository/org/springframework/boot/spring-boot-starter-security/2.7.18/spring-boot-starter-security-2.7.18.jar:/Users/xiaoyu/.m2/repository/org/springframework/security/spring-security-config/5.8.14/spring-security-config-5.8.14.jar:/Users/xiaoyu/.m2/repository/org/springframework/security/spring-security-core/5.8.14/spring-security-core-5.8.14.jar:/Users/xiaoyu/.m2/repository/org/springframework/security/spring-security-crypto/5.8.14/spring-security-crypto-5.8.14.jar:/Users/xiaoyu/.m2/repository/org/springframework/security/spring-security-web/5.8.14/spring-security-web-5.8.14.jar:/Users/xiaoyu/.m2/repository/org/springframework/spring-expression/5.3.39/spring-expression-5.3.39.jar:/Users/xiaoyu/.m2/repository/com/google/guava/guava/33.4.0-jre/guava-33.4.0-jre.jar:/Users/xiaoyu/.m2/repository/com/google/guava/failureaccess/1.0.2/failureaccess-1.0.2.jar:/Users/xiaoyu/.m2/repository/com/google/guava/listenablefuture/9999.0-empty-to-avoid-conflict-with-guava/listenablefuture-9999.0-empty-to-avoid-conflict-with-guava.jar:/Users/xiaoyu/.m2/repository/com/google/code/findbugs/jsr305/3.0.2/jsr305-3.0.2.jar:/Users/xiaoyu/.m2/repository/org/checkerframework/checker-qual/3.43.0/checker-qual-3.43.0.jar:/Users/xiaoyu/.m2/repository/com/google/errorprone/error_prone_annotations/2.36.0/error_prone_annotations-2.36.0.jar:/Users/xiaoyu/.m2/repository/com/google/j2objc/j2objc-annotations/3.0.0/j2objc-annotations-3.0.0.jar:/Users/xiaoyu/.m2/repository/io/github/mouzt/bizlog-sdk/3.0.6/bizlog-sdk-3.0.6.jar:/Users/xiaoyu/.m2/repository/de/danielbechler/java-object-diff/0.95/java-object-diff-0.95.jar:/Users/xiaoyu/.m2/repository/com/google/code/findbugs/annotations/3.0.1/annotations-3.0.1.jar:/Users/xiaoyu/.m2/repository/org/hibernate/validator/hibernate-validator/6.2.5.Final/hibernate-validator-6.2.5.Final.jar:/Users/xiaoyu/.m2/repository/jakarta/validation/jakarta.validation-api/2.0.2/jakarta.validation-api-2.0.2.jar:/Users/xiaoyu/.m2/repository/org/jboss/logging/jboss-logging/3.4.3.Final/jboss-logging-3.4.3.Final.jar:/Users/xiaoyu/.m2/repository/com/fasterxml/classmate/1.5.1/classmate-1.5.1.jar:/Users/xiaoyu/Desktop/autoee-crm-master/yudao-framework/yudao-spring-boot-starter-mybatis/target/yudao-spring-boot-starter-mybatis-2.4.0-jdk8-SNAPSHOT.jar:/Users/xiaoyu/.m2/repository/com/mysql/mysql-connector-j/8.0.33/mysql-connector-j-8.0.33.jar:/Users/xiaoyu/.m2/repository/com/alibaba/druid-spring-boot-starter/1.2.24/druid-spring-boot-starter-1.2.24.jar:/Users/xiaoyu/.m2/repository/com/alibaba/druid/1.2.24/druid-1.2.24.jar:/Users/xiaoyu/.m2/repository/org/springframework/boot/spring-boot-autoconfigure/2.7.18/spring-boot-autoconfigure-2.7.18.jar:/Users/xiaoyu/.m2/repository/org/glassfish/jaxb/jaxb-runtime/2.3.9/jaxb-runtime-2.3.9.jar:/Users/xiaoyu/.m2/repository/org/glassfish/jaxb/txw2/2.3.9/txw2-2.3.9.jar:/Users/xiaoyu/.m2/repository/com/sun/istack/istack-commons-runtime/3.0.12/istack-commons-runtime-3.0.12.jar:/Users/xiaoyu/.m2/repository/com/sun/activation/jakarta.activation/1.2.2/jakarta.activation-1.2.2.jar:/Users/xiaoyu/.m2/repository/com/baomidou/mybatis-plus-boot-starter/3.5.9/mybatis-plus-boot-starter-3.5.9.jar:/Users/xiaoyu/.m2/repository/com/baomidou/mybatis-plus/3.5.9/mybatis-plus-3.5.9.jar:/Users/xiaoyu/.m2/repository/com/baomidou/mybatis-plus-core/3.5.9/mybatis-plus-core-3.5.9.jar:/Users/xiaoyu/.m2/repository/com/baomidou/mybatis-plus-annotation/3.5.9/mybatis-plus-annotation-3.5.9.jar:/Users/xiaoyu/.m2/repository/com/baomidou/mybatis-plus-spring/3.5.9/mybatis-plus-spring-3.5.9.jar:/Users/xiaoyu/.m2/repository/org/mybatis/mybatis/3.5.17/mybatis-3.5.17.jar:/Users/xiaoyu/.m2/repository/org/mybatis/mybatis-spring/2.1.2/mybatis-spring-2.1.2.jar:/Users/xiaoyu/.m2/repository/com/baomidou/mybatis-plus-spring-boot-autoconfigure/3.5.9/mybatis-plus-spring-boot-autoconfigure-3.5.9.jar:/Users/xiaoyu/.m2/repository/org/springframework/boot/spring-boot-starter-jdbc/2.7.18/spring-boot-starter-jdbc-2.7.18.jar:/Users/xiaoyu/.m2/repository/com/zaxxer/HikariCP/4.0.3/HikariCP-4.0.3.jar:/Users/xiaoyu/.m2/repository/org/springframework/spring-jdbc/5.3.39/spring-jdbc-5.3.39.jar:/Users/xiaoyu/.m2/repository/org/springframework/spring-tx/5.3.39/spring-tx-5.3.39.jar:/Users/xiaoyu/.m2/repository/com/baomidou/mybatis-plus-jsqlparser-4.9/3.5.9/mybatis-plus-jsqlparser-4.9-3.5.9.jar:/Users/xiaoyu/.m2/repository/com/github/jsqlparser/jsqlparser/4.9/jsqlparser-4.9.jar:/Users/xiaoyu/.m2/repository/com/baomidou/mybatis-plus-jsqlparser-common/3.5.9/mybatis-plus-jsqlparser-common-3.5.9.jar:/Users/xiaoyu/.m2/repository/com/baomidou/mybatis-plus-extension/3.5.9/mybatis-plus-extension-3.5.9.jar:/Users/xiaoyu/.m2/repository/com/baomidou/dynamic-datasource-spring-boot-starter/4.3.1/dynamic-datasource-spring-boot-starter-4.3.1.jar:/Users/xiaoyu/.m2/repository/com/baomidou/dynamic-datasource-spring-boot-common/4.3.1/dynamic-datasource-spring-boot-common-4.3.1.jar:/Users/xiaoyu/.m2/repository/com/baomidou/dynamic-datasource-spring/4.3.1/dynamic-datasource-spring-4.3.1.jar:/Users/xiaoyu/.m2/repository/com/baomidou/dynamic-datasource-creator/4.3.1/dynamic-datasource-creator-4.3.1.jar:/Users/xiaoyu/.m2/repository/com/github/yulichang/mybatis-plus-join-boot-starter/1.4.13/mybatis-plus-join-boot-starter-1.4.13.jar:/Users/xiaoyu/.m2/repository/com/github/yulichang/mybatis-plus-join-extension/1.4.13/mybatis-plus-join-extension-1.4.13.jar:/Users/xiaoyu/.m2/repository/com/github/yulichang/mybatis-plus-join-core/1.4.13/mybatis-plus-join-core-1.4.13.jar:/Users/xiaoyu/.m2/repository/com/github/yulichang/mybatis-plus-join-annotation/1.4.13/mybatis-plus-join-annotation-1.4.13.jar:/Users/xiaoyu/.m2/repository/com/github/yulichang/mybatis-plus-join-adapter-v33x/1.4.13/mybatis-plus-join-adapter-v33x-1.4.13.jar:/Users/xiaoyu/.m2/repository/com/github/yulichang/mybatis-plus-join-adapter-base/1.4.13/mybatis-plus-join-adapter-base-1.4.13.jar:/Users/xiaoyu/.m2/repository/com/github/yulichang/mybatis-plus-join-adapter-jsqlparser/1.4.13/mybatis-plus-join-adapter-jsqlparser-1.4.13.jar:/Users/xiaoyu/.m2/repository/com/github/yulichang/mybatis-plus-join-adapter-jsqlparser-v46/1.4.13/mybatis-plus-join-adapter-jsqlparser-v46-1.4.13.jar:/Users/xiaoyu/.m2/repository/com/github/yulichang/mybatis-plus-join-adapter-v3431/1.4.13/mybatis-plus-join-adapter-v3431-1.4.13.jar:/Users/xiaoyu/.m2/repository/com/github/yulichang/mybatis-plus-join-adapter-v352/1.4.13/mybatis-plus-join-adapter-v352-1.4.13.jar:/Users/xiaoyu/.m2/repository/com/github/yulichang/mybatis-plus-join-adapter-v355/1.4.13/mybatis-plus-join-adapter-v355-1.4.13.jar:/Users/xiaoyu/.m2/repository/com/fhs-opensource/easy-trans-spring-boot-starter/3.0.6/easy-trans-spring-boot-starter-3.0.6.jar:/Users/xiaoyu/.m2/repository/com/fhs-opensource/easy-trans-service/3.0.6/easy-trans-service-3.0.6.jar:/Users/xiaoyu/.m2/repository/org/springframework/data/spring-data-redis/2.7.18/spring-data-redis-2.7.18.jar:/Users/xiaoyu/.m2/repository/org/springframework/data/spring-data-keyvalue/2.7.18/spring-data-keyvalue-2.7.18.jar:/Users/xiaoyu/.m2/repository/org/springframework/data/spring-data-commons/2.7.18/spring-data-commons-2.7.18.jar:/Users/xiaoyu/.m2/repository/org/springframework/spring-oxm/5.3.39/spring-oxm-5.3.39.jar:/Users/xiaoyu/.m2/repository/net/bytebuddy/byte-buddy/1.12.23/byte-buddy-1.12.23.jar:/Users/xiaoyu/.m2/repository/com/github/ben-manes/caffeine/caffeine/2.9.3/caffeine-2.9.3.jar:/Users/xiaoyu/.m2/repository/com/fhs-opensource/easy-trans-mybatis-plus-extend/3.0.6/easy-trans-mybatis-plus-extend-3.0.6.jar:/Users/xiaoyu/.m2/repository/org/springframework/spring-context/5.3.39/spring-context-5.3.39.jar:/Users/xiaoyu/Desktop/autoee-crm-master/yudao-module-system/yudao-module-system-api/target/yudao-module-system-api-2.4.0-jdk8-SNAPSHOT.jar:/Users/xiaoyu/Desktop/autoee-crm-master/yudao-framework/yudao-spring-boot-starter-test/target/yudao-spring-boot-starter-test-2.4.0-jdk8-SNAPSHOT.jar:/Users/xiaoyu/Desktop/autoee-crm-master/yudao-framework/yudao-spring-boot-starter-redis/target/yudao-spring-boot-starter-redis-2.4.0-jdk8-SNAPSHOT.jar:/Users/xiaoyu/.m2/repository/org/redisson/redisson-spring-boot-starter/3.41.0/redisson-spring-boot-starter-3.41.0.jar:/Users/xiaoyu/.m2/repository/org/springframework/boot/spring-boot-starter-data-redis/2.7.18/spring-boot-starter-data-redis-2.7.18.jar:/Users/xiaoyu/.m2/repository/org/redisson/redisson/3.41.0/redisson-3.41.0.jar:/Users/xiaoyu/.m2/repository/io/netty/netty-common/4.1.116.Final/netty-common-4.1.116.Final.jar:/Users/xiaoyu/.m2/repository/io/netty/netty-codec/4.1.116.Final/netty-codec-4.1.116.Final.jar:/Users/xiaoyu/.m2/repository/io/netty/netty-buffer/4.1.116.Final/netty-buffer-4.1.116.Final.jar:/Users/xiaoyu/.m2/repository/io/netty/netty-transport/4.1.116.Final/netty-transport-4.1.116.Final.jar:/Users/xiaoyu/.m2/repository/io/netty/netty-resolver/4.1.116.Final/netty-resolver-4.1.116.Final.jar:/Users/xiaoyu/.m2/repository/io/netty/netty-resolver-dns/4.1.116.Final/netty-resolver-dns-4.1.116.Final.jar:/Users/xiaoyu/.m2/repository/io/netty/netty-codec-dns/4.1.116.Final/netty-codec-dns-4.1.116.Final.jar:/Users/xiaoyu/.m2/repository/io/netty/netty-handler/4.1.116.Final/netty-handler-4.1.116.Final.jar:/Users/xiaoyu/.m2/repository/io/netty/netty-transport-native-unix-common/4.1.116.Final/netty-transport-native-unix-common-4.1.116.Final.jar:/Users/xiaoyu/.m2/repository/javax/cache/cache-api/1.1.1/cache-api-1.1.1.jar:/Users/xiaoyu/.m2/repository/io/projectreactor/reactor-core/3.4.34/reactor-core-3.4.34.jar:/Users/xiaoyu/.m2/repository/org/reactivestreams/reactive-streams/1.0.4/reactive-streams-1.0.4.jar:/Users/xiaoyu/.m2/repository/io/reactivex/rxjava3/rxjava/3.1.8/rxjava-3.1.8.jar:/Users/xiaoyu/.m2/repository/com/esotericsoftware/kryo/5.6.2/kryo-5.6.2.jar:/Users/xiaoyu/.m2/repository/com/esotericsoftware/reflectasm/1.11.9/reflectasm-1.11.9.jar:/Users/xiaoyu/.m2/repository/com/esotericsoftware/minlog/1.3.1/minlog-1.3.1.jar:/Users/xiaoyu/.m2/repository/com/fasterxml/jackson/dataformat/jackson-dataformat-yaml/2.13.5/jackson-dataformat-yaml-2.13.5.jar:/Users/xiaoyu/.m2/repository/org/jodd/jodd-util/6.3.0/jodd-util-6.3.0.jar:/Users/xiaoyu/.m2/repository/org/redisson/redisson-spring-data-27/3.41.0/redisson-spring-data-27-3.41.0.jar:/Users/xiaoyu/.m2/repository/org/springframework/boot/spring-boot-starter-cache/2.7.18/spring-boot-starter-cache-2.7.18.jar:/Users/xiaoyu/.m2/repository/org/springframework/spring-context-support/5.3.39/spring-context-support-5.3.39.jar:/Users/xiaoyu/.m2/repository/com/fasterxml/jackson/datatype/jackson-datatype-jsr310/2.13.5/jackson-datatype-jsr310-2.13.5.jar:/Users/xiaoyu/.m2/repository/com/fasterxml/jackson/core/jackson-core/2.13.5/jackson-core-2.13.5.jar:/Users/xiaoyu/.m2/repository/com/fasterxml/jackson/core/jackson-databind/2.13.5/jackson-databind-2.13.5.jar:/Users/xiaoyu/.m2/repository/org/mockito/mockito-inline/4.11.0/mockito-inline-4.11.0.jar:/Users/xiaoyu/.m2/repository/org/mockito/mockito-core/4.5.1/mockito-core-4.5.1.jar:/Users/xiaoyu/.m2/repository/net/bytebuddy/byte-buddy-agent/1.12.23/byte-buddy-agent-1.12.23.jar:/Users/xiaoyu/.m2/repository/org/objenesis/objenesis/3.2/objenesis-3.2.jar:/Users/xiaoyu/.m2/repository/org/springframework/boot/spring-boot-starter-test/2.7.18/spring-boot-starter-test-2.7.18.jar:/Users/xiaoyu/.m2/repository/org/springframework/boot/spring-boot-test/2.7.18/spring-boot-test-2.7.18.jar:/Users/xiaoyu/.m2/repository/org/springframework/boot/spring-boot-test-autoconfigure/2.7.18/spring-boot-test-autoconfigure-2.7.18.jar:/Users/xiaoyu/.m2/repository/com/jayway/jsonpath/json-path/2.7.0/json-path-2.7.0.jar:/Users/xiaoyu/.m2/repository/net/minidev/json-smart/2.4.11/json-smart-2.4.11.jar:/Users/xiaoyu/.m2/repository/net/minidev/accessors-smart/2.4.11/accessors-smart-2.4.11.jar:/Users/xiaoyu/.m2/repository/jakarta/xml/bind/jakarta.xml.bind-api/2.3.3/jakarta.xml.bind-api-2.3.3.jar:/Users/xiaoyu/.m2/repository/jakarta/activation/jakarta.activation-api/1.2.2/jakarta.activation-api-1.2.2.jar:/Users/xiaoyu/.m2/repository/org/assertj/assertj-core/3.22.0/assertj-core-3.22.0.jar:/Users/xiaoyu/.m2/repository/org/hamcrest/hamcrest/2.2/hamcrest-2.2.jar:/Users/xiaoyu/.m2/repository/org/junit/jupiter/junit-jupiter/5.8.2/junit-jupiter-5.8.2.jar:/Users/xiaoyu/.m2/repository/org/junit/jupiter/junit-jupiter-api/5.8.2/junit-jupiter-api-5.8.2.jar:/Users/xiaoyu/.m2/repository/org/opentest4j/opentest4j/1.2.0/opentest4j-1.2.0.jar:/Users/xiaoyu/.m2/repository/org/junit/platform/junit-platform-commons/1.8.2/junit-platform-commons-1.8.2.jar:/Users/xiaoyu/.m2/repository/org/apiguardian/apiguardian-api/1.1.2/apiguardian-api-1.1.2.jar:/Users/xiaoyu/.m2/repository/org/junit/jupiter/junit-jupiter-params/5.8.2/junit-jupiter-params-5.8.2.jar:/Users/xiaoyu/.m2/repository/org/junit/jupiter/junit-jupiter-engine/5.8.2/junit-jupiter-engine-5.8.2.jar:/Users/xiaoyu/.m2/repository/org/junit/platform/junit-platform-engine/1.8.2/junit-platform-engine-1.8.2.jar:/Users/xiaoyu/.m2/repository/org/mockito/mockito-junit-jupiter/4.5.1/mockito-junit-jupiter-4.5.1.jar:/Users/xiaoyu/.m2/repository/org/skyscreamer/jsonassert/1.5.1/jsonassert-1.5.1.jar:/Users/xiaoyu/.m2/repository/com/vaadin/external/google/android-json/0.0.20131108.vaadin1/android-json-0.0.20131108.vaadin1.jar:/Users/xiaoyu/.m2/repository/org/springframework/spring-core/5.3.39/spring-core-5.3.39.jar:/Users/xiaoyu/.m2/repository/org/springframework/spring-jcl/5.3.39/spring-jcl-5.3.39.jar:/Users/xiaoyu/.m2/repository/org/springframework/spring-test/5.3.39/spring-test-5.3.39.jar:/Users/xiaoyu/.m2/repository/org/xmlunit/xmlunit-core/2.9.1/xmlunit-core-2.9.1.jar:/Users/xiaoyu/.m2/repository/com/h2database/h2/2.1.214/h2-2.1.214.jar:/Users/xiaoyu/.m2/repository/com/github/fppt/jedis-mock/1.1.8/jedis-mock-1.1.8.jar:/Users/xiaoyu/.m2/repository/org/reflections/reflections/0.10.2/reflections-0.10.2.jar:/Users/xiaoyu/.m2/repository/org/javassist/javassist/3.28.0-GA/javassist-3.28.0-GA.jar:/Users/xiaoyu/.m2/repository/org/luaj/luaj-jse/3.0.1/luaj-jse-3.0.1.jar:/Users/xiaoyu/.m2/repository/redis/clients/jedis/3.8.0/jedis-3.8.0.jar:/Users/xiaoyu/.m2/repository/org/apache/commons/commons-pool2/2.11.1/commons-pool2-2.11.1.jar:/Users/xiaoyu/.m2/repository/uk/co/jemos/podam/podam/7.2.11.RELEASE/podam-7.2.11.RELEASE.jar:/Users/xiaoyu/.m2/repository/net/jcip/jcip-annotations/1.0/jcip-annotations-1.0.jar:/Users/xiaoyu/.m2/repository/javax/annotation/javax.annotation-api/1.3.2/javax.annotation-api-1.3.2.jar:/Users/xiaoyu/.m2/repository/javax/validation/validation-api/2.0.1.Final/validation-api-2.0.1.Final.jar:/Users/xiaoyu/.m2/repository/org/apache/commons/commons-lang3/3.12.0/commons-lang3-3.12.0.jar:"/>
    <property name="sun.cpu.endian" value="little"/>
    <property name="user.home" value="/Users/xiaoyu"/>
    <property name="user.language" value="zh"/>
    <property name="java.specification.vendor" value="Oracle Corporation"/>
    <property name="java.home" value="/Users/xiaoyu/.sdkman/candidates/java/8.0.432-kona/jre"/>
    <property name="basedir" value="/Users/xiaoyu/Desktop/autoee-crm-master/yudao-framework/yudao-spring-boot-starter-biz-data-permission"/>
    <property name="file.separator" value="/"/>
    <property name="line.separator" value="&#10;"/>
    <property name="java.vm.specification.vendor" value="Oracle Corporation"/>
    <property name="java.specification.name" value="Java Platform API Specification"/>
    <property name="java.awt.graphicsenv" value="sun.awt.CGraphicsEnvironment"/>
    <property name="surefire.real.class.path" value="/Users/xiaoyu/Desktop/autoee-crm-master/yudao-framework/yudao-spring-boot-starter-biz-data-permission/target/surefire/surefirebooter5436157791195802561.jar"/>
    <property name="sun.boot.class.path" value="/Users/xiaoyu/.sdkman/candidates/java/8.0.432-kona/jre/lib/resources.jar:/Users/xiaoyu/.sdkman/candidates/java/8.0.432-kona/jre/lib/rt.jar:/Users/xiaoyu/.sdkman/candidates/java/8.0.432-kona/jre/lib/sunrsasign.jar:/Users/xiaoyu/.sdkman/candidates/java/8.0.432-kona/jre/lib/jsse.jar:/Users/xiaoyu/.sdkman/candidates/java/8.0.432-kona/jre/lib/jce.jar:/Users/xiaoyu/.sdkman/candidates/java/8.0.432-kona/jre/lib/charsets.jar:/Users/xiaoyu/.sdkman/candidates/java/8.0.432-kona/jre/lib/jfr.jar:/Users/xiaoyu/.sdkman/candidates/java/8.0.432-kona/jre/classes"/>
    <property name="sun.management.compiler" value="HotSpot 64-Bit Tiered Compilers"/>
    <property name="ftp.nonProxyHosts" value="127.0.0.1|192.168.0.0/16|*.192.168.0.0/16|10.0.0.0/8|*.10.0.0.0/8|localhost|*.localhost|local|*.local"/>
    <property name="java.runtime.version" value="1.8.0_432-b1"/>
    <property name="user.name" value="xiaoyu"/>
    <property name="path.separator" value=":"/>
    <property name="os.version" value="15.4.1"/>
    <property name="java.endorsed.dirs" value="/Users/xiaoyu/.sdkman/candidates/java/8.0.432-kona/jre/lib/endorsed"/>
    <property name="java.runtime.name" value="OpenJDK Runtime Environment"/>
    <property name="file.encoding" value="UTF-8"/>
    <property name="java.vm.name" value="OpenJDK 64-Bit Server VM"/>
    <property name="localRepository" value="/Users/xiaoyu/.m2/repository"/>
    <property name="java.vendor.url.bug" value="https://git.code.oa.com/JDK/tencentJDK/issues"/>
    <property name="java.io.tmpdir" value="/var/folders/2z/2tmgwv3x0h1f51clnnxjk0c00000gn/T/"/>
    <property name="java.version" value="1.8.0_432"/>
    <property name="user.dir" value="/Users/xiaoyu/Desktop/autoee-crm-master/yudao-framework/yudao-spring-boot-starter-biz-data-permission"/>
    <property name="os.arch" value="aarch64"/>
    <property name="java.vm.specification.name" value="Java Virtual Machine Specification"/>
    <property name="java.awt.printerjob" value="sun.lwawt.macosx.CPrinterJob"/>
    <property name="sun.os.patch.level" value="unknown"/>
    <property name="java.library.path" value="/Users/xiaoyu/Library/Java/Extensions:/Library/Java/Extensions:/Network/Library/Java/Extensions:/System/Library/Java/Extensions:/usr/lib/java:."/>
    <property name="java.vm.info" value="mixed mode"/>
    <property name="java.vendor" value="Tencent"/>
    <property name="java.vm.version" value="25.432-b1"/>
    <property name="java.specification.maintenance.version" value="6"/>
    <property name="java.ext.dirs" value="/Users/xiaoyu/Library/Java/Extensions:/Users/xiaoyu/.sdkman/candidates/java/8.0.432-kona/jre/lib/ext:/Library/Java/Extensions:/Network/Library/Java/Extensions:/System/Library/Java/Extensions:/usr/lib/java"/>
    <property name="sun.io.unicode.encoding" value="UnicodeBig"/>
    <property name="java.class.version" value="52.0"/>
    <property name="socksNonProxyHosts" value="127.0.0.1|192.168.0.0/16|*.192.168.0.0/16|10.0.0.0/8|*.10.0.0.0/8|localhost|*.localhost|local|*.local"/>
  </properties>
  <testcase name="selectRightJoin" classname="cn.iocoder.yudao.framework.datapermission.core.db.DataPermissionRuleHandlerTest" time="0.074">
    <system-out><![CDATA[18:57:58.708 [main] DEBUG org.apache.ibatis.logging.LogFactory - Logging initialized using 'class org.apache.ibatis.logging.slf4j.Slf4jImpl' adapter.
18:57:58.709 [main] DEBUG com.baomidou.mybatisplus.extension.plugins.inner.DataPermissionInterceptor - original SQL: SELECT * FROM entity e right join entity1 e1 on e1.id = e.id
18:57:58.743 [main] DEBUG com.baomidou.mybatisplus.extension.plugins.inner.DataPermissionInterceptor - SQL to parse, SQL: SELECT * FROM entity e right join entity1 e1 on e1.id = e.id
18:57:58.745 [main] DEBUG com.baomidou.mybatisplus.extension.plugins.inner.DataPermissionInterceptor - parse the finished SQL: SELECT * FROM entity e RIGHT JOIN entity1 e1 ON e1.id = e.id AND e.tenant_id = 1 WHERE e1.tenant_id = 1
18:57:58.745 [main] DEBUG com.baomidou.mybatisplus.extension.plugins.inner.DataPermissionInterceptor - original SQL: SELECT * FROM with_as_1 e right join entity1 e1 on e1.id = e.id
18:57:58.746 [main] DEBUG com.baomidou.mybatisplus.extension.plugins.inner.DataPermissionInterceptor - SQL to parse, SQL: SELECT * FROM with_as_1 e right join entity1 e1 on e1.id = e.id
18:57:58.746 [main] DEBUG com.baomidou.mybatisplus.extension.plugins.inner.DataPermissionInterceptor - parse the finished SQL: SELECT * FROM with_as_1 e RIGHT JOIN entity1 e1 ON e1.id = e.id WHERE e1.tenant_id = 1
18:57:58.746 [main] DEBUG com.baomidou.mybatisplus.extension.plugins.inner.DataPermissionInterceptor - original SQL: SELECT * FROM entity e right join entity1 e1 on e1.id = e.id WHERE e.id = ? OR e.name = ?
18:57:58.747 [main] DEBUG com.baomidou.mybatisplus.extension.plugins.inner.DataPermissionInterceptor - SQL to parse, SQL: SELECT * FROM entity e right join entity1 e1 on e1.id = e.id WHERE e.id = ? OR e.name = ?
18:57:58.748 [main] DEBUG com.baomidou.mybatisplus.extension.plugins.inner.DataPermissionInterceptor - parse the finished SQL: SELECT * FROM entity e RIGHT JOIN entity1 e1 ON e1.id = e.id AND e.tenant_id = 1 WHERE (e.id = ? OR e.name = ?) AND e1.tenant_id = 1
18:57:58.748 [main] DEBUG com.baomidou.mybatisplus.extension.plugins.inner.DataPermissionInterceptor - original SQL: SELECT * FROM entity e right join entity1 e1 on e1.id = e.id right join entity2 e2 on e1.id = e2.id 
18:57:58.749 [main] DEBUG com.baomidou.mybatisplus.extension.plugins.inner.DataPermissionInterceptor - SQL to parse, SQL: SELECT * FROM entity e right join entity1 e1 on e1.id = e.id right join entity2 e2 on e1.id = e2.id 
18:57:58.749 [main] DEBUG com.baomidou.mybatisplus.extension.plugins.inner.DataPermissionInterceptor - parse the finished SQL: SELECT * FROM entity e RIGHT JOIN entity1 e1 ON e1.id = e.id AND e.tenant_id = 1 RIGHT JOIN entity2 e2 ON e1.id = e2.id AND e1.tenant_id = 1 WHERE e2.tenant_id = 1
]]></system-out>
  </testcase>
  <testcase name="selectFromSelect" classname="cn.iocoder.yudao.framework.datapermission.core.db.DataPermissionRuleHandlerTest" time="0.004">
    <system-out><![CDATA[18:57:58.751 [main] DEBUG com.baomidou.mybatisplus.extension.plugins.inner.DataPermissionInterceptor - original SQL: SELECT * FROM (select e.id from entity e WHERE e.id = (select e1.id from entity1 e1 where e1.id = ?))
18:57:58.753 [main] DEBUG com.baomidou.mybatisplus.extension.plugins.inner.DataPermissionInterceptor - SQL to parse, SQL: SELECT * FROM (select e.id from entity e WHERE e.id = (select e1.id from entity1 e1 where e1.id = ?))
18:57:58.754 [main] DEBUG com.baomidou.mybatisplus.extension.plugins.inner.DataPermissionInterceptor - parse the finished SQL: SELECT * FROM (SELECT e.id FROM entity e WHERE e.id = (SELECT e1.id FROM entity1 e1 WHERE e1.id = ? AND e1.tenant_id = 1) AND e.tenant_id = 1)
]]></system-out>
  </testcase>
  <testcase name="selectLeftJoin" classname="cn.iocoder.yudao.framework.datapermission.core.db.DataPermissionRuleHandlerTest" time="0.01">
    <system-out><![CDATA[18:57:58.756 [main] DEBUG com.baomidou.mybatisplus.extension.plugins.inner.DataPermissionInterceptor - original SQL: SELECT * FROM entity e left join entity1 e1 on e1.id = e.id WHERE e.id = ? OR e.name = ?
18:57:58.758 [main] DEBUG com.baomidou.mybatisplus.extension.plugins.inner.DataPermissionInterceptor - SQL to parse, SQL: SELECT * FROM entity e left join entity1 e1 on e1.id = e.id WHERE e.id = ? OR e.name = ?
18:57:58.758 [main] DEBUG com.baomidou.mybatisplus.extension.plugins.inner.DataPermissionInterceptor - parse the finished SQL: SELECT * FROM entity e LEFT JOIN entity1 e1 ON e1.id = e.id AND e1.tenant_id = 1 WHERE (e.id = ? OR e.name = ?) AND e.tenant_id = 1
18:57:58.758 [main] DEBUG com.baomidou.mybatisplus.extension.plugins.inner.DataPermissionInterceptor - original SQL: SELECT * FROM entity e left join entity1 e1 on e1.id = e.id WHERE (e.id = ? OR e.name = ?)
18:57:58.761 [main] DEBUG com.baomidou.mybatisplus.extension.plugins.inner.DataPermissionInterceptor - SQL to parse, SQL: SELECT * FROM entity e left join entity1 e1 on e1.id = e.id WHERE (e.id = ? OR e.name = ?)
18:57:58.762 [main] DEBUG com.baomidou.mybatisplus.extension.plugins.inner.DataPermissionInterceptor - parse the finished SQL: SELECT * FROM entity e LEFT JOIN entity1 e1 ON e1.id = e.id AND e1.tenant_id = 1 WHERE (e.id = ? OR e.name = ?) AND e.tenant_id = 1
18:57:58.762 [main] DEBUG com.baomidou.mybatisplus.extension.plugins.inner.DataPermissionInterceptor - original SQL: SELECT * FROM entity e left join entity1 e1 on e1.id = e.id left join entity2 e2 on e1.id = e2.id
18:57:58.765 [main] DEBUG com.baomidou.mybatisplus.extension.plugins.inner.DataPermissionInterceptor - SQL to parse, SQL: SELECT * FROM entity e left join entity1 e1 on e1.id = e.id left join entity2 e2 on e1.id = e2.id
18:57:58.765 [main] DEBUG com.baomidou.mybatisplus.extension.plugins.inner.DataPermissionInterceptor - parse the finished SQL: SELECT * FROM entity e LEFT JOIN entity1 e1 ON e1.id = e.id AND e1.tenant_id = 1 LEFT JOIN entity2 e2 ON e1.id = e2.id AND e2.tenant_id = 1 WHERE e.tenant_id = 1
]]></system-out>
  </testcase>
  <testcase name="delete" classname="cn.iocoder.yudao.framework.datapermission.core.db.DataPermissionRuleHandlerTest" time="0.003">
    <system-out><![CDATA[18:57:58.766 [main] DEBUG com.baomidou.mybatisplus.extension.plugins.inner.DataPermissionInterceptor - original SQL: delete from entity where id = ?
18:57:58.767 [main] DEBUG com.baomidou.mybatisplus.extension.plugins.inner.DataPermissionInterceptor - SQL to parse, SQL: delete from entity where id = ?
18:57:58.768 [main] DEBUG com.baomidou.mybatisplus.extension.plugins.inner.DataPermissionInterceptor - parse the finished SQL: DELETE FROM entity WHERE id = ? AND entity.tenant_id = 1
]]></system-out>
  </testcase>
  <testcase name="testSelectInnerJoin" classname="cn.iocoder.yudao.framework.datapermission.core.db.DataPermissionRuleHandlerTest" time="0.008">
    <system-out><![CDATA[18:57:58.769 [main] DEBUG com.baomidou.mybatisplus.extension.plugins.inner.DataPermissionInterceptor - original SQL: SELECT * FROM t_user e inner join entity1 e1 on e1.id = e.id WHERE e.id = ? OR e.name = ?
18:57:58.770 [main] DEBUG com.baomidou.mybatisplus.extension.plugins.inner.DataPermissionInterceptor - SQL to parse, SQL: SELECT * FROM t_user e inner join entity1 e1 on e1.id = e.id WHERE e.id = ? OR e.name = ?
18:57:58.771 [main] DEBUG com.baomidou.mybatisplus.extension.plugins.inner.DataPermissionInterceptor - parse the finished SQL: SELECT * FROM t_user e INNER JOIN entity1 e1 ON e1.id = e.id AND e.tenant_id = 1 AND e.dept_id IN (10, 20) AND e1.tenant_id = 1 WHERE e.id = ? OR e.name = ?
18:57:58.771 [main] DEBUG com.baomidou.mybatisplus.extension.plugins.inner.DataPermissionInterceptor - original SQL: SELECT * FROM t_user e inner join entity1 e1 on e1.id = e.id WHERE (e.id = ? OR e.name = ?)
18:57:58.773 [main] DEBUG com.baomidou.mybatisplus.extension.plugins.inner.DataPermissionInterceptor - SQL to parse, SQL: SELECT * FROM t_user e inner join entity1 e1 on e1.id = e.id WHERE (e.id = ? OR e.name = ?)
18:57:58.774 [main] DEBUG com.baomidou.mybatisplus.extension.plugins.inner.DataPermissionInterceptor - parse the finished SQL: SELECT * FROM t_user e INNER JOIN entity1 e1 ON e1.id = e.id AND e.tenant_id = 1 AND e.dept_id IN (10, 20) AND e1.tenant_id = 1 WHERE (e.id = ? OR e.name = ?)
18:57:58.774 [main] DEBUG com.baomidou.mybatisplus.extension.plugins.inner.DataPermissionInterceptor - original SQL: SELECT * FROM entity,entity1 WHERE entity.id = entity1.id
18:57:58.776 [main] DEBUG com.baomidou.mybatisplus.extension.plugins.inner.DataPermissionInterceptor - SQL to parse, SQL: SELECT * FROM entity,entity1 WHERE entity.id = entity1.id
18:57:58.776 [main] DEBUG com.baomidou.mybatisplus.extension.plugins.inner.DataPermissionInterceptor - parse the finished SQL: SELECT * FROM entity, entity1 WHERE entity.id = entity1.id AND entity.tenant_id = 1 AND entity1.tenant_id = 1
]]></system-out>
  </testcase>
  <testcase name="testSelectSingle" classname="cn.iocoder.yudao.framework.datapermission.core.db.DataPermissionRuleHandlerTest" time="0.007">
    <system-out><![CDATA[18:57:58.777 [main] DEBUG com.baomidou.mybatisplus.extension.plugins.inner.DataPermissionInterceptor - original SQL: select * from t_user where id = ?
18:57:58.778 [main] DEBUG com.baomidou.mybatisplus.extension.plugins.inner.DataPermissionInterceptor - SQL to parse, SQL: select * from t_user where id = ?
18:57:58.778 [main] DEBUG com.baomidou.mybatisplus.extension.plugins.inner.DataPermissionInterceptor - parse the finished SQL: SELECT * FROM t_user WHERE id = ? AND t_user.tenant_id = 1 AND t_user.dept_id IN (10, 20)
18:57:58.778 [main] DEBUG com.baomidou.mybatisplus.extension.plugins.inner.DataPermissionInterceptor - original SQL: select * from t_user where id = ? or name = ?
18:57:58.779 [main] DEBUG com.baomidou.mybatisplus.extension.plugins.inner.DataPermissionInterceptor - SQL to parse, SQL: select * from t_user where id = ? or name = ?
18:57:58.779 [main] DEBUG com.baomidou.mybatisplus.extension.plugins.inner.DataPermissionInterceptor - parse the finished SQL: SELECT * FROM t_user WHERE (id = ? OR name = ?) AND t_user.tenant_id = 1 AND t_user.dept_id IN (10, 20)
18:57:58.779 [main] DEBUG com.baomidou.mybatisplus.extension.plugins.inner.DataPermissionInterceptor - original SQL: SELECT * FROM t_user WHERE (id = ? OR name = ?)
18:57:58.783 [main] DEBUG com.baomidou.mybatisplus.extension.plugins.inner.DataPermissionInterceptor - SQL to parse, SQL: SELECT * FROM t_user WHERE (id = ? OR name = ?)
18:57:58.783 [main] DEBUG com.baomidou.mybatisplus.extension.plugins.inner.DataPermissionInterceptor - parse the finished SQL: SELECT * FROM t_user WHERE (id = ? OR name = ?) AND t_user.tenant_id = 1 AND t_user.dept_id IN (10, 20)
18:57:58.783 [main] DEBUG com.baomidou.mybatisplus.extension.plugins.inner.DataPermissionInterceptor - original SQL: SELECT * FROM t_user WHERE not (id = ? OR name = ?)
18:57:58.784 [main] DEBUG com.baomidou.mybatisplus.extension.plugins.inner.DataPermissionInterceptor - SQL to parse, SQL: SELECT * FROM t_user WHERE not (id = ? OR name = ?)
18:57:58.784 [main] DEBUG com.baomidou.mybatisplus.extension.plugins.inner.DataPermissionInterceptor - parse the finished SQL: SELECT * FROM t_user WHERE NOT (id = ? OR name = ?) AND t_user.tenant_id = 1 AND t_user.dept_id IN (10, 20)
]]></system-out>
  </testcase>
  <testcase name="selectIgnoreTable" classname="cn.iocoder.yudao.framework.datapermission.core.db.DataPermissionRuleHandlerTest" time="0.002">
    <system-out><![CDATA[18:57:58.785 [main] DEBUG com.baomidou.mybatisplus.extension.plugins.inner.DataPermissionInterceptor - original SQL:  SELECT dict.dict_code, item.item_text AS "text", item.item_value AS "value" FROM sys_dict_item item INNER JOIN sys_dict dict ON dict.id = item.dict_id WHERE dict.dict_code IN (1, 2, 3) AND item.item_value IN (1, 2, 3)
18:57:58.787 [main] DEBUG com.baomidou.mybatisplus.extension.plugins.inner.DataPermissionInterceptor - SQL to parse, SQL:  SELECT dict.dict_code, item.item_text AS "text", item.item_value AS "value" FROM sys_dict_item item INNER JOIN sys_dict dict ON dict.id = item.dict_id WHERE dict.dict_code IN (1, 2, 3) AND item.item_value IN (1, 2, 3)
18:57:58.787 [main] DEBUG com.baomidou.mybatisplus.extension.plugins.inner.DataPermissionInterceptor - parse the finished SQL: SELECT dict.dict_code, item.item_text AS "text", item.item_value AS "value" FROM sys_dict_item item INNER JOIN sys_dict dict ON dict.id = item.dict_id AND item.tenant_id = 1 WHERE dict.dict_code IN (1, 2, 3) AND item.item_value IN (1, 2, 3)
]]></system-out>
  </testcase>
  <testcase name="selectSubJoin" classname="cn.iocoder.yudao.framework.datapermission.core.db.DataPermissionRuleHandlerTest" time="0.004">
    <system-out><![CDATA[18:57:58.788 [main] DEBUG com.baomidou.mybatisplus.extension.plugins.inner.DataPermissionInterceptor - original SQL: select * FROM (entity1 e1 right JOIN entity2 e2 ON e1.id = e2.id)
18:57:58.788 [main] DEBUG com.baomidou.mybatisplus.extension.plugins.inner.DataPermissionInterceptor - SQL to parse, SQL: select * FROM (entity1 e1 right JOIN entity2 e2 ON e1.id = e2.id)
18:57:58.789 [main] DEBUG com.baomidou.mybatisplus.extension.plugins.inner.DataPermissionInterceptor - parse the finished SQL: SELECT * FROM (entity1 e1 RIGHT JOIN entity2 e2 ON e1.id = e2.id AND e1.tenant_id = 1) WHERE e2.tenant_id = 1
18:57:58.789 [main] DEBUG com.baomidou.mybatisplus.extension.plugins.inner.DataPermissionInterceptor - original SQL: select * FROM (entity1 e1 LEFT JOIN entity2 e2 ON e1.id = e2.id)
18:57:58.789 [main] DEBUG com.baomidou.mybatisplus.extension.plugins.inner.DataPermissionInterceptor - SQL to parse, SQL: select * FROM (entity1 e1 LEFT JOIN entity2 e2 ON e1.id = e2.id)
18:57:58.789 [main] DEBUG com.baomidou.mybatisplus.extension.plugins.inner.DataPermissionInterceptor - parse the finished SQL: SELECT * FROM (entity1 e1 LEFT JOIN entity2 e2 ON e1.id = e2.id AND e2.tenant_id = 1) WHERE e1.tenant_id = 1
18:57:58.789 [main] DEBUG com.baomidou.mybatisplus.extension.plugins.inner.DataPermissionInterceptor - original SQL: select * FROM (entity1 e1 LEFT JOIN entity2 e2 ON e1.id = e2.id) right join entity3 e3 on e1.id = e3.id
18:57:58.790 [main] DEBUG com.baomidou.mybatisplus.extension.plugins.inner.DataPermissionInterceptor - SQL to parse, SQL: select * FROM (entity1 e1 LEFT JOIN entity2 e2 ON e1.id = e2.id) right join entity3 e3 on e1.id = e3.id
18:57:58.790 [main] DEBUG com.baomidou.mybatisplus.extension.plugins.inner.DataPermissionInterceptor - parse the finished SQL: SELECT * FROM (entity1 e1 LEFT JOIN entity2 e2 ON e1.id = e2.id AND e2.tenant_id = 1) RIGHT JOIN entity3 e3 ON e1.id = e3.id AND e1.tenant_id = 1 WHERE e3.tenant_id = 1
18:57:58.790 [main] DEBUG com.baomidou.mybatisplus.extension.plugins.inner.DataPermissionInterceptor - original SQL: select * FROM entity e LEFT JOIN (entity1 e1 right join entity2 e2 ON e1.id = e2.id) on e.id = e2.id
18:57:58.791 [main] DEBUG com.baomidou.mybatisplus.extension.plugins.inner.DataPermissionInterceptor - SQL to parse, SQL: select * FROM entity e LEFT JOIN (entity1 e1 right join entity2 e2 ON e1.id = e2.id) on e.id = e2.id
18:57:58.791 [main] DEBUG com.baomidou.mybatisplus.extension.plugins.inner.DataPermissionInterceptor - parse the finished SQL: SELECT * FROM entity e LEFT JOIN (entity1 e1 RIGHT JOIN entity2 e2 ON e1.id = e2.id AND e1.tenant_id = 1) ON e.id = e2.id AND e2.tenant_id = 1 WHERE e.tenant_id = 1
18:57:58.791 [main] DEBUG com.baomidou.mybatisplus.extension.plugins.inner.DataPermissionInterceptor - original SQL: select * FROM entity e LEFT JOIN (entity1 e1 left join entity2 e2 ON e1.id = e2.id) on e.id = e2.id
18:57:58.791 [main] DEBUG com.baomidou.mybatisplus.extension.plugins.inner.DataPermissionInterceptor - SQL to parse, SQL: select * FROM entity e LEFT JOIN (entity1 e1 left join entity2 e2 ON e1.id = e2.id) on e.id = e2.id
18:57:58.792 [main] DEBUG com.baomidou.mybatisplus.extension.plugins.inner.DataPermissionInterceptor - parse the finished SQL: SELECT * FROM entity e LEFT JOIN (entity1 e1 LEFT JOIN entity2 e2 ON e1.id = e2.id AND e2.tenant_id = 1) ON e.id = e2.id AND e1.tenant_id = 1 WHERE e.tenant_id = 1
18:57:58.792 [main] DEBUG com.baomidou.mybatisplus.extension.plugins.inner.DataPermissionInterceptor - original SQL: select * FROM entity e RIGHT JOIN (entity1 e1 left join entity2 e2 ON e1.id = e2.id) on e.id = e2.id
18:57:58.792 [main] DEBUG com.baomidou.mybatisplus.extension.plugins.inner.DataPermissionInterceptor - SQL to parse, SQL: select * FROM entity e RIGHT JOIN (entity1 e1 left join entity2 e2 ON e1.id = e2.id) on e.id = e2.id
18:57:58.792 [main] DEBUG com.baomidou.mybatisplus.extension.plugins.inner.DataPermissionInterceptor - parse the finished SQL: SELECT * FROM entity e RIGHT JOIN (entity1 e1 LEFT JOIN entity2 e2 ON e1.id = e2.id AND e2.tenant_id = 1) ON e.id = e2.id AND e.tenant_id = 1 WHERE e1.tenant_id = 1
]]></system-out>
  </testcase>
  <testcase name="selectInnerJoin" classname="cn.iocoder.yudao.framework.datapermission.core.db.DataPermissionRuleHandlerTest" time="0.006">
    <system-out><![CDATA[18:57:58.793 [main] DEBUG com.baomidou.mybatisplus.extension.plugins.inner.DataPermissionInterceptor - original SQL: SELECT * FROM entity e inner join entity1 e1 on e1.id = e.id WHERE e.id = ? OR e.name = ?
18:57:58.794 [main] DEBUG com.baomidou.mybatisplus.extension.plugins.inner.DataPermissionInterceptor - SQL to parse, SQL: SELECT * FROM entity e inner join entity1 e1 on e1.id = e.id WHERE e.id = ? OR e.name = ?
18:57:58.794 [main] DEBUG com.baomidou.mybatisplus.extension.plugins.inner.DataPermissionInterceptor - parse the finished SQL: SELECT * FROM entity e INNER JOIN entity1 e1 ON e1.id = e.id AND e.tenant_id = 1 AND e1.tenant_id = 1 WHERE e.id = ? OR e.name = ?
18:57:58.794 [main] DEBUG com.baomidou.mybatisplus.extension.plugins.inner.DataPermissionInterceptor - original SQL: SELECT * FROM entity e inner join entity1 e1 on e1.id = e.id WHERE (e.id = ? OR e.name = ?)
18:57:58.794 [main] DEBUG com.baomidou.mybatisplus.extension.plugins.inner.DataPermissionInterceptor - SQL to parse, SQL: SELECT * FROM entity e inner join entity1 e1 on e1.id = e.id WHERE (e.id = ? OR e.name = ?)
18:57:58.794 [main] DEBUG com.baomidou.mybatisplus.extension.plugins.inner.DataPermissionInterceptor - parse the finished SQL: SELECT * FROM entity e INNER JOIN entity1 e1 ON e1.id = e.id AND e.tenant_id = 1 AND e1.tenant_id = 1 WHERE (e.id = ? OR e.name = ?)
18:57:58.794 [main] DEBUG com.baomidou.mybatisplus.extension.plugins.inner.DataPermissionInterceptor - original SQL: SELECT * FROM entity,entity1 WHERE entity.id = entity1.id
18:57:58.795 [main] DEBUG com.baomidou.mybatisplus.extension.plugins.inner.DataPermissionInterceptor - SQL to parse, SQL: SELECT * FROM entity,entity1 WHERE entity.id = entity1.id
18:57:58.795 [main] DEBUG com.baomidou.mybatisplus.extension.plugins.inner.DataPermissionInterceptor - parse the finished SQL: SELECT * FROM entity, entity1 WHERE entity.id = entity1.id AND entity.tenant_id = 1 AND entity1.tenant_id = 1
18:57:58.795 [main] DEBUG com.baomidou.mybatisplus.extension.plugins.inner.DataPermissionInterceptor - original SQL: SELECT * FROM entity a, with_as_entity1 b WHERE a.id = b.id
18:57:58.795 [main] DEBUG com.baomidou.mybatisplus.extension.plugins.inner.DataPermissionInterceptor - SQL to parse, SQL: SELECT * FROM entity a, with_as_entity1 b WHERE a.id = b.id
18:57:58.795 [main] DEBUG com.baomidou.mybatisplus.extension.plugins.inner.DataPermissionInterceptor - parse the finished SQL: SELECT * FROM entity a, with_as_entity1 b WHERE a.id = b.id AND a.tenant_id = 1
18:57:58.795 [main] DEBUG com.baomidou.mybatisplus.extension.plugins.inner.DataPermissionInterceptor - original SQL: SELECT * FROM with_as_entity a, with_as_entity1 b WHERE a.id = b.id
18:57:58.796 [main] DEBUG com.baomidou.mybatisplus.extension.plugins.inner.DataPermissionInterceptor - SQL to parse, SQL: SELECT * FROM with_as_entity a, with_as_entity1 b WHERE a.id = b.id
18:57:58.796 [main] DEBUG com.baomidou.mybatisplus.extension.plugins.inner.DataPermissionInterceptor - parse the finished SQL: SELECT * FROM with_as_entity a, with_as_entity1 b WHERE a.id = b.id
18:57:58.796 [main] DEBUG com.baomidou.mybatisplus.extension.plugins.inner.DataPermissionInterceptor - original SQL: SELECT * FROM (entity,entity1) WHERE entity.id = entity1.id
18:57:58.796 [main] DEBUG com.baomidou.mybatisplus.extension.plugins.inner.DataPermissionInterceptor - SQL to parse, SQL: SELECT * FROM (entity,entity1) WHERE entity.id = entity1.id
18:57:58.796 [main] DEBUG com.baomidou.mybatisplus.extension.plugins.inner.DataPermissionInterceptor - parse the finished SQL: SELECT * FROM (entity, entity1) WHERE entity.id = entity1.id AND entity.tenant_id = 1 AND entity1.tenant_id = 1
18:57:58.796 [main] DEBUG com.baomidou.mybatisplus.extension.plugins.inner.DataPermissionInterceptor - original SQL: SELECT * FROM ((entity,entity1),entity2) WHERE entity.id = entity1.id and entity.id = entity2.id
18:57:58.797 [main] DEBUG com.baomidou.mybatisplus.extension.plugins.inner.DataPermissionInterceptor - SQL to parse, SQL: SELECT * FROM ((entity,entity1),entity2) WHERE entity.id = entity1.id and entity.id = entity2.id
18:57:58.797 [main] DEBUG com.baomidou.mybatisplus.extension.plugins.inner.DataPermissionInterceptor - parse the finished SQL: SELECT * FROM ((entity, entity1), entity2) WHERE entity.id = entity1.id AND entity.id = entity2.id AND entity.tenant_id = 1 AND entity1.tenant_id = 1 AND entity2.tenant_id = 1
18:57:58.797 [main] DEBUG com.baomidou.mybatisplus.extension.plugins.inner.DataPermissionInterceptor - original SQL: SELECT * FROM (entity,(entity1,entity2)) WHERE entity.id = entity1.id and entity.id = entity2.id
18:57:58.798 [main] DEBUG com.baomidou.mybatisplus.extension.plugins.inner.DataPermissionInterceptor - SQL to parse, SQL: SELECT * FROM (entity,(entity1,entity2)) WHERE entity.id = entity1.id and entity.id = entity2.id
18:57:58.798 [main] DEBUG com.baomidou.mybatisplus.extension.plugins.inner.DataPermissionInterceptor - parse the finished SQL: SELECT * FROM (entity, (entity1, entity2)) WHERE entity.id = entity1.id AND entity.id = entity2.id AND entity.tenant_id = 1 AND entity1.tenant_id = 1 AND entity2.tenant_id = 1
18:57:58.798 [main] DEBUG com.baomidou.mybatisplus.extension.plugins.inner.DataPermissionInterceptor - original SQL: SELECT * FROM (((entity,entity1))) WHERE entity.id = entity1.id
18:57:58.798 [main] DEBUG com.baomidou.mybatisplus.extension.plugins.inner.DataPermissionInterceptor - SQL to parse, SQL: SELECT * FROM (((entity,entity1))) WHERE entity.id = entity1.id
18:57:58.798 [main] DEBUG com.baomidou.mybatisplus.extension.plugins.inner.DataPermissionInterceptor - parse the finished SQL: SELECT * FROM (((entity, entity1))) WHERE entity.id = entity1.id AND entity.tenant_id = 1 AND entity1.tenant_id = 1
]]></system-out>
  </testcase>
  <testcase name="selectJoinSubSelect" classname="cn.iocoder.yudao.framework.datapermission.core.db.DataPermissionRuleHandlerTest" time="0.002">
    <system-out><![CDATA[18:57:58.800 [main] DEBUG com.baomidou.mybatisplus.extension.plugins.inner.DataPermissionInterceptor - original SQL: select * from (select * from entity) e1 left join entity2 e2 on e1.id = e2.id
18:57:58.801 [main] DEBUG com.baomidou.mybatisplus.extension.plugins.inner.DataPermissionInterceptor - SQL to parse, SQL: select * from (select * from entity) e1 left join entity2 e2 on e1.id = e2.id
18:57:58.801 [main] DEBUG com.baomidou.mybatisplus.extension.plugins.inner.DataPermissionInterceptor - parse the finished SQL: SELECT * FROM (SELECT * FROM entity WHERE entity.tenant_id = 1) e1 LEFT JOIN entity2 e2 ON e1.id = e2.id AND e2.tenant_id = 1
18:57:58.801 [main] DEBUG com.baomidou.mybatisplus.extension.plugins.inner.DataPermissionInterceptor - original SQL: select * from entity1 e1 left join (select * from entity2) e2 on e1.id = e2.id
18:57:58.801 [main] DEBUG com.baomidou.mybatisplus.extension.plugins.inner.DataPermissionInterceptor - SQL to parse, SQL: select * from entity1 e1 left join (select * from entity2) e2 on e1.id = e2.id
18:57:58.801 [main] DEBUG com.baomidou.mybatisplus.extension.plugins.inner.DataPermissionInterceptor - parse the finished SQL: SELECT * FROM entity1 e1 LEFT JOIN (SELECT * FROM entity2 WHERE entity2.tenant_id = 1) e2 ON e1.id = e2.id WHERE e1.tenant_id = 1
]]></system-out>
  </testcase>
  <testcase name="selectSubSelect" classname="cn.iocoder.yudao.framework.datapermission.core.db.DataPermissionRuleHandlerTest" time="0.003">
    <system-out><![CDATA[18:57:58.802 [main] DEBUG com.baomidou.mybatisplus.extension.plugins.inner.DataPermissionInterceptor - original SQL: SELECT * FROM entity e WHERE e.id >= (select e1.id from entity1 e1 where e1.id = ?)
18:57:58.803 [main] DEBUG com.baomidou.mybatisplus.extension.plugins.inner.DataPermissionInterceptor - SQL to parse, SQL: SELECT * FROM entity e WHERE e.id >= (select e1.id from entity1 e1 where e1.id = ?)
18:57:58.803 [main] DEBUG com.baomidou.mybatisplus.extension.plugins.inner.DataPermissionInterceptor - parse the finished SQL: SELECT * FROM entity e WHERE e.id >= (SELECT e1.id FROM entity1 e1 WHERE e1.id = ? AND e1.tenant_id = 1) AND e.tenant_id = 1
18:57:58.803 [main] DEBUG com.baomidou.mybatisplus.extension.plugins.inner.DataPermissionInterceptor - original SQL: SELECT * FROM entity e WHERE e.id <= (select e1.id from entity1 e1 where e1.id = ?)
18:57:58.804 [main] DEBUG com.baomidou.mybatisplus.extension.plugins.inner.DataPermissionInterceptor - SQL to parse, SQL: SELECT * FROM entity e WHERE e.id <= (select e1.id from entity1 e1 where e1.id = ?)
18:57:58.804 [main] DEBUG com.baomidou.mybatisplus.extension.plugins.inner.DataPermissionInterceptor - parse the finished SQL: SELECT * FROM entity e WHERE e.id <= (SELECT e1.id FROM entity1 e1 WHERE e1.id = ? AND e1.tenant_id = 1) AND e.tenant_id = 1
18:57:58.804 [main] DEBUG com.baomidou.mybatisplus.extension.plugins.inner.DataPermissionInterceptor - original SQL: SELECT * FROM entity e WHERE e.id <> (select e1.id from entity1 e1 where e1.id = ?)
18:57:58.805 [main] DEBUG com.baomidou.mybatisplus.extension.plugins.inner.DataPermissionInterceptor - SQL to parse, SQL: SELECT * FROM entity e WHERE e.id <> (select e1.id from entity1 e1 where e1.id = ?)
18:57:58.805 [main] DEBUG com.baomidou.mybatisplus.extension.plugins.inner.DataPermissionInterceptor - parse the finished SQL: SELECT * FROM entity e WHERE e.id <> (SELECT e1.id FROM entity1 e1 WHERE e1.id = ? AND e1.tenant_id = 1) AND e.tenant_id = 1
]]></system-out>
  </testcase>
  <testcase name="update" classname="cn.iocoder.yudao.framework.datapermission.core.db.DataPermissionRuleHandlerTest" time="0.002">
    <system-out><![CDATA[18:57:58.806 [main] DEBUG com.baomidou.mybatisplus.extension.plugins.inner.DataPermissionInterceptor - original SQL: update entity set name = ? where id = ?
18:57:58.807 [main] DEBUG com.baomidou.mybatisplus.extension.plugins.inner.DataPermissionInterceptor - SQL to parse, SQL: update entity set name = ? where id = ?
18:57:58.807 [main] DEBUG com.baomidou.mybatisplus.extension.plugins.inner.DataPermissionInterceptor - parse the finished SQL: UPDATE entity SET name = ? WHERE id = ? AND entity.tenant_id = 1
]]></system-out>
  </testcase>
  <testcase name="selectSubSelectExists" classname="cn.iocoder.yudao.framework.datapermission.core.db.DataPermissionRuleHandlerTest" time="0.001">
    <system-out><![CDATA[18:57:58.808 [main] DEBUG com.baomidou.mybatisplus.extension.plugins.inner.DataPermissionInterceptor - original SQL: SELECT * FROM entity e WHERE EXISTS (select e1.id from entity1 e1 where e1.id = ?)
18:57:58.809 [main] DEBUG com.baomidou.mybatisplus.extension.plugins.inner.DataPermissionInterceptor - SQL to parse, SQL: SELECT * FROM entity e WHERE EXISTS (select e1.id from entity1 e1 where e1.id = ?)
18:57:58.809 [main] DEBUG com.baomidou.mybatisplus.extension.plugins.inner.DataPermissionInterceptor - parse the finished SQL: SELECT * FROM entity e WHERE EXISTS (SELECT e1.id FROM entity1 e1 WHERE e1.id = ? AND e1.tenant_id = 1) AND e.tenant_id = 1
18:57:58.809 [main] DEBUG com.baomidou.mybatisplus.extension.plugins.inner.DataPermissionInterceptor - original SQL: SELECT * FROM entity e WHERE NOT EXISTS (select e1.id from entity1 e1 where e1.id = ?)
18:57:58.809 [main] DEBUG com.baomidou.mybatisplus.extension.plugins.inner.DataPermissionInterceptor - SQL to parse, SQL: SELECT * FROM entity e WHERE NOT EXISTS (select e1.id from entity1 e1 where e1.id = ?)
18:57:58.809 [main] DEBUG com.baomidou.mybatisplus.extension.plugins.inner.DataPermissionInterceptor - parse the finished SQL: SELECT * FROM entity e WHERE NOT EXISTS (SELECT e1.id FROM entity1 e1 WHERE e1.id = ? AND e1.tenant_id = 1) AND e.tenant_id = 1
]]></system-out>
  </testcase>
  <testcase name="selectBodySubSelect" classname="cn.iocoder.yudao.framework.datapermission.core.db.DataPermissionRuleHandlerTest" time="0.001">
    <system-out><![CDATA[18:57:58.810 [main] DEBUG com.baomidou.mybatisplus.extension.plugins.inner.DataPermissionInterceptor - original SQL: select t1.col1,(select t2.col2 from t2 t2 where t1.col1=t2.col1) from t1 t1
18:57:58.811 [main] DEBUG com.baomidou.mybatisplus.extension.plugins.inner.DataPermissionInterceptor - SQL to parse, SQL: select t1.col1,(select t2.col2 from t2 t2 where t1.col1=t2.col1) from t1 t1
18:57:58.811 [main] DEBUG com.baomidou.mybatisplus.extension.plugins.inner.DataPermissionInterceptor - parse the finished SQL: SELECT t1.col1, (SELECT t2.col2 FROM t2 t2 WHERE t1.col1 = t2.col1 AND t2.tenant_id = 1) FROM t1 t1 WHERE t1.tenant_id = 1
]]></system-out>
  </testcase>
  <testcase name="selectSubSelectEq" classname="cn.iocoder.yudao.framework.datapermission.core.db.DataPermissionRuleHandlerTest" time="0.002">
    <system-out><![CDATA[18:57:58.812 [main] DEBUG com.baomidou.mybatisplus.extension.plugins.inner.DataPermissionInterceptor - original SQL: SELECT * FROM entity e WHERE e.id = (select e1.id from entity1 e1 where e1.id = ?)
18:57:58.813 [main] DEBUG com.baomidou.mybatisplus.extension.plugins.inner.DataPermissionInterceptor - SQL to parse, SQL: SELECT * FROM entity e WHERE e.id = (select e1.id from entity1 e1 where e1.id = ?)
18:57:58.813 [main] DEBUG com.baomidou.mybatisplus.extension.plugins.inner.DataPermissionInterceptor - parse the finished SQL: SELECT * FROM entity e WHERE e.id = (SELECT e1.id FROM entity1 e1 WHERE e1.id = ? AND e1.tenant_id = 1) AND e.tenant_id = 1
]]></system-out>
  </testcase>
  <testcase name="selectSubSelectIn" classname="cn.iocoder.yudao.framework.datapermission.core.db.DataPermissionRuleHandlerTest" time="0.004">
    <system-out><![CDATA[18:57:58.815 [main] DEBUG com.baomidou.mybatisplus.extension.plugins.inner.DataPermissionInterceptor - original SQL: SELECT * FROM entity e WHERE e.id IN (select e1.id from entity1 e1 where e1.id = ?)
18:57:58.815 [main] DEBUG com.baomidou.mybatisplus.extension.plugins.inner.DataPermissionInterceptor - SQL to parse, SQL: SELECT * FROM entity e WHERE e.id IN (select e1.id from entity1 e1 where e1.id = ?)
18:57:58.815 [main] DEBUG com.baomidou.mybatisplus.extension.plugins.inner.DataPermissionInterceptor - parse the finished SQL: SELECT * FROM entity e WHERE e.id IN (SELECT e1.id FROM entity1 e1 WHERE e1.id = ? AND e1.tenant_id = 1) AND e.tenant_id = 1
18:57:58.815 [main] DEBUG com.baomidou.mybatisplus.extension.plugins.inner.DataPermissionInterceptor - original SQL: SELECT * FROM entity e WHERE e.id IN (select e1.id from entity1 e1 where e1.id = ?) and e.id = ?
18:57:58.816 [main] DEBUG com.baomidou.mybatisplus.extension.plugins.inner.DataPermissionInterceptor - SQL to parse, SQL: SELECT * FROM entity e WHERE e.id IN (select e1.id from entity1 e1 where e1.id = ?) and e.id = ?
18:57:58.816 [main] DEBUG com.baomidou.mybatisplus.extension.plugins.inner.DataPermissionInterceptor - parse the finished SQL: SELECT * FROM entity e WHERE e.id IN (SELECT e1.id FROM entity1 e1 WHERE e1.id = ? AND e1.tenant_id = 1) AND e.id = ? AND e.tenant_id = 1
18:57:58.816 [main] DEBUG com.baomidou.mybatisplus.extension.plugins.inner.DataPermissionInterceptor - original SQL: SELECT * FROM entity e WHERE e.id = ? and e.id IN (select e1.id from entity1 e1 where e1.id = ?)
18:57:58.817 [main] DEBUG com.baomidou.mybatisplus.extension.plugins.inner.DataPermissionInterceptor - SQL to parse, SQL: SELECT * FROM entity e WHERE e.id = ? and e.id IN (select e1.id from entity1 e1 where e1.id = ?)
18:57:58.817 [main] DEBUG com.baomidou.mybatisplus.extension.plugins.inner.DataPermissionInterceptor - parse the finished SQL: SELECT * FROM entity e WHERE e.id = ? AND e.id IN (SELECT e1.id FROM entity1 e1 WHERE e1.id = ? AND e1.tenant_id = 1) AND e.tenant_id = 1
18:57:58.817 [main] DEBUG com.baomidou.mybatisplus.extension.plugins.inner.DataPermissionInterceptor - original SQL: SELECT * FROM entity e WHERE e.id = ? and e.id IN (select e1.id from entity1 e1 where e1.id = ?) and e.id = ?
18:57:58.818 [main] DEBUG com.baomidou.mybatisplus.extension.plugins.inner.DataPermissionInterceptor - SQL to parse, SQL: SELECT * FROM entity e WHERE e.id = ? and e.id IN (select e1.id from entity1 e1 where e1.id = ?) and e.id = ?
18:57:58.818 [main] DEBUG com.baomidou.mybatisplus.extension.plugins.inner.DataPermissionInterceptor - parse the finished SQL: SELECT * FROM entity e WHERE e.id = ? AND e.id IN (SELECT e1.id FROM entity1 e1 WHERE e1.id = ? AND e1.tenant_id = 1) AND e.id = ? AND e.tenant_id = 1
]]></system-out>
  </testcase>
  <testcase name="testSelectLeftJoin" classname="cn.iocoder.yudao.framework.datapermission.core.db.DataPermissionRuleHandlerTest" time="0.002">
    <system-out><![CDATA[18:57:58.819 [main] DEBUG com.baomidou.mybatisplus.extension.plugins.inner.DataPermissionInterceptor - original SQL: SELECT * FROM t_user e left join t_role e1 on e1.id = e.id WHERE e.id = ? OR e.name = ?
18:57:58.820 [main] DEBUG com.baomidou.mybatisplus.extension.plugins.inner.DataPermissionInterceptor - SQL to parse, SQL: SELECT * FROM t_user e left join t_role e1 on e1.id = e.id WHERE e.id = ? OR e.name = ?
18:57:58.820 [main] DEBUG com.baomidou.mybatisplus.extension.plugins.inner.DataPermissionInterceptor - parse the finished SQL: SELECT * FROM t_user e LEFT JOIN t_role e1 ON e1.id = e.id AND e1.tenant_id = 1 WHERE (e.id = ? OR e.name = ?) AND e.tenant_id = 1 AND e.dept_id IN (10, 20)
18:57:58.820 [main] DEBUG com.baomidou.mybatisplus.extension.plugins.inner.DataPermissionInterceptor - original SQL: SELECT * FROM t_user e left join t_role e1 on e1.id = e.id WHERE (e.id = ? OR e.name = ?)
18:57:58.821 [main] DEBUG com.baomidou.mybatisplus.extension.plugins.inner.DataPermissionInterceptor - SQL to parse, SQL: SELECT * FROM t_user e left join t_role e1 on e1.id = e.id WHERE (e.id = ? OR e.name = ?)
18:57:58.821 [main] DEBUG com.baomidou.mybatisplus.extension.plugins.inner.DataPermissionInterceptor - parse the finished SQL: SELECT * FROM t_user e LEFT JOIN t_role e1 ON e1.id = e.id AND e1.tenant_id = 1 WHERE (e.id = ? OR e.name = ?) AND e.tenant_id = 1 AND e.dept_id IN (10, 20)
]]></system-out>
  </testcase>
  <testcase name="selectLeftJoinMultipleTrailingOn" classname="cn.iocoder.yudao.framework.datapermission.core.db.DataPermissionRuleHandlerTest" time="0.004">
    <system-out><![CDATA[18:57:58.822 [main] DEBUG com.baomidou.mybatisplus.extension.plugins.inner.DataPermissionInterceptor - original SQL: SELECT * FROM entity e LEFT JOIN entity1 e1 LEFT JOIN entity2 e2 ON e2.id = e1.id ON e1.id = e.id WHERE (e.id = ? OR e.NAME = ?)
18:57:58.822 [main] DEBUG com.baomidou.mybatisplus.extension.plugins.inner.DataPermissionInterceptor - SQL to parse, SQL: SELECT * FROM entity e LEFT JOIN entity1 e1 LEFT JOIN entity2 e2 ON e2.id = e1.id ON e1.id = e.id WHERE (e.id = ? OR e.NAME = ?)
18:57:58.823 [main] DEBUG com.baomidou.mybatisplus.extension.plugins.inner.DataPermissionInterceptor - parse the finished SQL: SELECT * FROM entity e LEFT JOIN entity1 e1 LEFT JOIN entity2 e2 ON e2.id = e1.id AND e2.tenant_id = 1 ON e1.id = e.id AND e1.tenant_id = 1 WHERE (e.id = ? OR e.NAME = ?) AND e.tenant_id = 1
18:57:58.823 [main] DEBUG com.baomidou.mybatisplus.extension.plugins.inner.DataPermissionInterceptor - original SQL: SELECT * FROM entity e LEFT JOIN entity1 e1 LEFT JOIN with_as_A e2 ON e2.id = e1.id ON e1.id = e.id WHERE (e.id = ? OR e.NAME = ?)
18:57:58.824 [main] DEBUG com.baomidou.mybatisplus.extension.plugins.inner.DataPermissionInterceptor - SQL to parse, SQL: SELECT * FROM entity e LEFT JOIN entity1 e1 LEFT JOIN with_as_A e2 ON e2.id = e1.id ON e1.id = e.id WHERE (e.id = ? OR e.NAME = ?)
18:57:58.824 [main] DEBUG com.baomidou.mybatisplus.extension.plugins.inner.DataPermissionInterceptor - parse the finished SQL: SELECT * FROM entity e LEFT JOIN entity1 e1 LEFT JOIN with_as_A e2 ON e2.id = e1.id ON e1.id = e.id AND e1.tenant_id = 1 WHERE (e.id = ? OR e.NAME = ?) AND e.tenant_id = 1
]]></system-out>
  </testcase>
  <testcase name="selectMixJoin" classname="cn.iocoder.yudao.framework.datapermission.core.db.DataPermissionRuleHandlerTest" time="0.002">
    <system-out><![CDATA[18:57:58.825 [main] DEBUG com.baomidou.mybatisplus.extension.plugins.inner.DataPermissionInterceptor - original SQL: SELECT * FROM entity e right join entity1 e1 on e1.id = e.id left join entity2 e2 on e1.id = e2.id
18:57:58.826 [main] DEBUG com.baomidou.mybatisplus.extension.plugins.inner.DataPermissionInterceptor - SQL to parse, SQL: SELECT * FROM entity e right join entity1 e1 on e1.id = e.id left join entity2 e2 on e1.id = e2.id
18:57:58.826 [main] DEBUG com.baomidou.mybatisplus.extension.plugins.inner.DataPermissionInterceptor - parse the finished SQL: SELECT * FROM entity e RIGHT JOIN entity1 e1 ON e1.id = e.id AND e.tenant_id = 1 LEFT JOIN entity2 e2 ON e1.id = e2.id AND e2.tenant_id = 1 WHERE e1.tenant_id = 1
18:57:58.826 [main] DEBUG com.baomidou.mybatisplus.extension.plugins.inner.DataPermissionInterceptor - original SQL: SELECT * FROM entity e left join entity1 e1 on e1.id = e.id right join entity2 e2 on e1.id = e2.id
18:57:58.826 [main] DEBUG com.baomidou.mybatisplus.extension.plugins.inner.DataPermissionInterceptor - SQL to parse, SQL: SELECT * FROM entity e left join entity1 e1 on e1.id = e.id right join entity2 e2 on e1.id = e2.id
18:57:58.826 [main] DEBUG com.baomidou.mybatisplus.extension.plugins.inner.DataPermissionInterceptor - parse the finished SQL: SELECT * FROM entity e LEFT JOIN entity1 e1 ON e1.id = e.id AND e1.tenant_id = 1 RIGHT JOIN entity2 e2 ON e1.id = e2.id AND e.tenant_id = 1 WHERE e2.tenant_id = 1
18:57:58.827 [main] DEBUG com.baomidou.mybatisplus.extension.plugins.inner.DataPermissionInterceptor - original SQL: SELECT * FROM entity e left join entity1 e1 on e1.id = e.id inner join entity2 e2 on e1.id = e2.id
18:57:58.827 [main] DEBUG com.baomidou.mybatisplus.extension.plugins.inner.DataPermissionInterceptor - SQL to parse, SQL: SELECT * FROM entity e left join entity1 e1 on e1.id = e.id inner join entity2 e2 on e1.id = e2.id
18:57:58.827 [main] DEBUG com.baomidou.mybatisplus.extension.plugins.inner.DataPermissionInterceptor - parse the finished SQL: SELECT * FROM entity e LEFT JOIN entity1 e1 ON e1.id = e.id AND e1.tenant_id = 1 INNER JOIN entity2 e2 ON e1.id = e2.id AND e.tenant_id = 1 AND e2.tenant_id = 1
]]></system-out>
  </testcase>
  <testcase name="testSelectRightJoin" classname="cn.iocoder.yudao.framework.datapermission.core.db.DataPermissionRuleHandlerTest" time="0.002">
    <system-out><![CDATA[18:57:58.828 [main] DEBUG com.baomidou.mybatisplus.extension.plugins.inner.DataPermissionInterceptor - original SQL: SELECT * FROM t_user e right join t_role e1 on e1.id = e.id WHERE e.id = ? OR e.name = ?
18:57:58.828 [main] DEBUG com.baomidou.mybatisplus.extension.plugins.inner.DataPermissionInterceptor - SQL to parse, SQL: SELECT * FROM t_user e right join t_role e1 on e1.id = e.id WHERE e.id = ? OR e.name = ?
18:57:58.828 [main] DEBUG com.baomidou.mybatisplus.extension.plugins.inner.DataPermissionInterceptor - parse the finished SQL: SELECT * FROM t_user e RIGHT JOIN t_role e1 ON e1.id = e.id AND e.tenant_id = 1 AND e.dept_id IN (10, 20) WHERE (e.id = ? OR e.name = ?) AND e1.tenant_id = 1
18:57:58.828 [main] DEBUG com.baomidou.mybatisplus.extension.plugins.inner.DataPermissionInterceptor - original SQL: SELECT * FROM t_user e right join t_role e1 on e1.id = e.id WHERE (e.id = ? OR e.name = ?)
18:57:58.829 [main] DEBUG com.baomidou.mybatisplus.extension.plugins.inner.DataPermissionInterceptor - SQL to parse, SQL: SELECT * FROM t_user e right join t_role e1 on e1.id = e.id WHERE (e.id = ? OR e.name = ?)
18:57:58.829 [main] DEBUG com.baomidou.mybatisplus.extension.plugins.inner.DataPermissionInterceptor - parse the finished SQL: SELECT * FROM t_user e RIGHT JOIN t_role e1 ON e1.id = e.id AND e.tenant_id = 1 AND e.dept_id IN (10, 20) WHERE (e.id = ? OR e.name = ?) AND e1.tenant_id = 1
]]></system-out>
  </testcase>
  <testcase name="selectSingle" classname="cn.iocoder.yudao.framework.datapermission.core.db.DataPermissionRuleHandlerTest" time="0.003">
    <system-out><![CDATA[18:57:58.830 [main] DEBUG com.baomidou.mybatisplus.extension.plugins.inner.DataPermissionInterceptor - original SQL: select * from entity where id = ?
18:57:58.830 [main] DEBUG com.baomidou.mybatisplus.extension.plugins.inner.DataPermissionInterceptor - SQL to parse, SQL: select * from entity where id = ?
18:57:58.830 [main] DEBUG com.baomidou.mybatisplus.extension.plugins.inner.DataPermissionInterceptor - parse the finished SQL: SELECT * FROM entity WHERE id = ? AND entity.tenant_id = 1
18:57:58.830 [main] DEBUG com.baomidou.mybatisplus.extension.plugins.inner.DataPermissionInterceptor - original SQL: select * from entity where id = ? or name = ?
18:57:58.831 [main] DEBUG com.baomidou.mybatisplus.extension.plugins.inner.DataPermissionInterceptor - SQL to parse, SQL: select * from entity where id = ? or name = ?
18:57:58.831 [main] DEBUG com.baomidou.mybatisplus.extension.plugins.inner.DataPermissionInterceptor - parse the finished SQL: SELECT * FROM entity WHERE (id = ? OR name = ?) AND entity.tenant_id = 1
18:57:58.831 [main] DEBUG com.baomidou.mybatisplus.extension.plugins.inner.DataPermissionInterceptor - original SQL: SELECT * FROM entity WHERE (id = ? OR name = ?)
18:57:58.832 [main] DEBUG com.baomidou.mybatisplus.extension.plugins.inner.DataPermissionInterceptor - SQL to parse, SQL: SELECT * FROM entity WHERE (id = ? OR name = ?)
18:57:58.832 [main] DEBUG com.baomidou.mybatisplus.extension.plugins.inner.DataPermissionInterceptor - parse the finished SQL: SELECT * FROM entity WHERE (id = ? OR name = ?) AND entity.tenant_id = 1
18:57:58.832 [main] DEBUG com.baomidou.mybatisplus.extension.plugins.inner.DataPermissionInterceptor - original SQL: SELECT * FROM entity WHERE not (id = ? OR name = ?)
18:57:58.832 [main] DEBUG com.baomidou.mybatisplus.extension.plugins.inner.DataPermissionInterceptor - SQL to parse, SQL: SELECT * FROM entity WHERE not (id = ? OR name = ?)
18:57:58.832 [main] DEBUG com.baomidou.mybatisplus.extension.plugins.inner.DataPermissionInterceptor - parse the finished SQL: SELECT * FROM entity WHERE NOT (id = ? OR name = ?) AND entity.tenant_id = 1
]]></system-out>
  </testcase>
  <testcase name="selectSubSelectInnerNotEq" classname="cn.iocoder.yudao.framework.datapermission.core.db.DataPermissionRuleHandlerTest" time="0.002">
    <system-out><![CDATA[18:57:58.833 [main] DEBUG com.baomidou.mybatisplus.extension.plugins.inner.DataPermissionInterceptor - original SQL: SELECT * FROM entity e WHERE not (e.id = (select e1.id from entity1 e1 where e1.id = ?))
18:57:58.834 [main] DEBUG com.baomidou.mybatisplus.extension.plugins.inner.DataPermissionInterceptor - SQL to parse, SQL: SELECT * FROM entity e WHERE not (e.id = (select e1.id from entity1 e1 where e1.id = ?))
18:57:58.834 [main] DEBUG com.baomidou.mybatisplus.extension.plugins.inner.DataPermissionInterceptor - parse the finished SQL: SELECT * FROM entity e WHERE NOT (e.id = (SELECT e1.id FROM entity1 e1 WHERE e1.id = ? AND e1.tenant_id = 1)) AND e.tenant_id = 1
18:57:58.834 [main] DEBUG com.baomidou.mybatisplus.extension.plugins.inner.DataPermissionInterceptor - original SQL: SELECT * FROM entity e WHERE not (e.id = (select e1.id from entity1 e1 where e1.id = ?) and e.id = ?)
18:57:58.834 [main] DEBUG com.baomidou.mybatisplus.extension.plugins.inner.DataPermissionInterceptor - SQL to parse, SQL: SELECT * FROM entity e WHERE not (e.id = (select e1.id from entity1 e1 where e1.id = ?) and e.id = ?)
18:57:58.834 [main] DEBUG com.baomidou.mybatisplus.extension.plugins.inner.DataPermissionInterceptor - parse the finished SQL: SELECT * FROM entity e WHERE NOT (e.id = (SELECT e1.id FROM entity1 e1 WHERE e1.id = ? AND e1.tenant_id = 1) AND e.id = ?) AND e.tenant_id = 1
]]></system-out>
  </testcase>
  <testcase name="selectWithAs" classname="cn.iocoder.yudao.framework.datapermission.core.db.DataPermissionRuleHandlerTest" time="0.002">
    <system-out><![CDATA[18:57:58.835 [main] DEBUG com.baomidou.mybatisplus.extension.plugins.inner.DataPermissionInterceptor - original SQL: with with_as_A as (select * from entity) select * from with_as_A
18:57:58.836 [main] DEBUG com.baomidou.mybatisplus.extension.plugins.inner.DataPermissionInterceptor - SQL to parse, SQL: with with_as_A as (select * from entity) select * from with_as_A
18:57:58.837 [main] DEBUG com.baomidou.mybatisplus.extension.plugins.inner.DataPermissionInterceptor - parse the finished SQL: WITH with_as_A AS (SELECT * FROM entity WHERE entity.tenant_id = 1) SELECT * FROM with_as_A
]]></system-out>
  </testcase>
</testsuite>