<?xml version="1.0" encoding="UTF-8"?>
<testsuite xmlns:xsi="http://www.w3.org/2001/XMLSchema-instance" xsi:noNamespaceSchemaLocation="https://maven.apache.org/surefire/maven-surefire-plugin/xsd/surefire-test-report-3.0.xsd" version="3.0" name="cn.iocoder.yudao.module.system.service.logger.OperateLogServiceImplTest" time="0.194" tests="3" errors="0" skipped="0" failures="0">
  <properties>
    <property name="gopherProxySet" value="false"/>
    <property name="awt.toolkit" value="sun.lwawt.macosx.LWCToolkit"/>
    <property name="file.encoding.pkg" value="sun.io"/>
    <property name="java.specification.version" value="1.8"/>
    <property name="sun.cpu.isalist" value=""/>
    <property name="sun.jnu.encoding" value="UTF-8"/>
    <property name="java.class.path" value="/Users/xiaoyu/Desktop/autoee-crm-master/yudao-module-system/yudao-module-system-biz/target/test-classes:/Users/xiaoyu/Desktop/autoee-crm-master/yudao-module-system/yudao-module-system-biz/target/classes:/Users/xiaoyu/Desktop/autoee-crm-master/yudao-module-system/yudao-module-system-api/target/yudao-module-system-api-2.4.0-jdk8-SNAPSHOT.jar:/Users/xiaoyu/Desktop/autoee-crm-master/yudao-framework/yudao-common/target/yudao-common-2.4.0-jdk8-SNAPSHOT.jar:/Users/xiaoyu/.m2/repository/org/apache/skywalking/apm-toolkit-trace/8.12.0/apm-toolkit-trace-8.12.0.jar:/Users/xiaoyu/.m2/repository/org/mapstruct/mapstruct/1.6.3/mapstruct-1.6.3.jar:/Users/xiaoyu/.m2/repository/org/mapstruct/mapstruct-jdk8/1.6.3/mapstruct-jdk8-1.6.3.jar:/Users/xiaoyu/.m2/repository/org/mapstruct/mapstruct-processor/1.6.3/mapstruct-processor-1.6.3.jar:/Users/xiaoyu/.m2/repository/cn/hutool/hutool-all/5.8.35/hutool-all-5.8.35.jar:/Users/xiaoyu/.m2/repository/com/alibaba/transmittable-thread-local/2.14.5/transmittable-thread-local-2.14.5.jar:/Users/xiaoyu/.m2/repository/com/fhs-opensource/easy-trans-anno/3.0.6/easy-trans-anno-3.0.6.jar:/Users/xiaoyu/Desktop/autoee-crm-master/yudao-module-infra/yudao-module-infra-api/target/yudao-module-infra-api-2.4.0-jdk8-SNAPSHOT.jar:/Users/xiaoyu/Desktop/autoee-crm-master/yudao-framework/yudao-spring-boot-starter-biz-data-permission/target/yudao-spring-boot-starter-biz-data-permission-2.4.0-jdk8-SNAPSHOT.jar:/Users/xiaoyu/Desktop/autoee-crm-master/yudao-framework/yudao-spring-boot-starter-biz-tenant/target/yudao-spring-boot-starter-biz-tenant-2.4.0-jdk8-SNAPSHOT.jar:/Users/xiaoyu/.m2/repository/com/google/guava/guava/33.4.0-jre/guava-33.4.0-jre.jar:/Users/xiaoyu/.m2/repository/com/google/guava/failureaccess/1.0.2/failureaccess-1.0.2.jar:/Users/xiaoyu/.m2/repository/com/google/guava/listenablefuture/9999.0-empty-to-avoid-conflict-with-guava/listenablefuture-9999.0-empty-to-avoid-conflict-with-guava.jar:/Users/xiaoyu/.m2/repository/com/google/code/findbugs/jsr305/3.0.2/jsr305-3.0.2.jar:/Users/xiaoyu/.m2/repository/org/checkerframework/checker-qual/3.43.0/checker-qual-3.43.0.jar:/Users/xiaoyu/.m2/repository/com/google/errorprone/error_prone_annotations/2.36.0/error_prone_annotations-2.36.0.jar:/Users/xiaoyu/.m2/repository/com/google/j2objc/j2objc-annotations/3.0.0/j2objc-annotations-3.0.0.jar:/Users/xiaoyu/Desktop/autoee-crm-master/yudao-framework/yudao-spring-boot-starter-biz-ip/target/yudao-spring-boot-starter-biz-ip-2.4.0-jdk8-SNAPSHOT.jar:/Users/xiaoyu/.m2/repository/org/lionsoul/ip2region/2.7.0/ip2region-2.7.0.jar:/Users/xiaoyu/.m2/repository/org/projectlombok/lombok/1.18.36/lombok-1.18.36.jar:/Users/xiaoyu/Desktop/autoee-crm-master/yudao-framework/yudao-spring-boot-starter-security/target/yudao-spring-boot-starter-security-2.4.0-jdk8-SNAPSHOT.jar:/Users/xiaoyu/.m2/repository/org/springframework/boot/spring-boot-starter-aop/2.7.18/spring-boot-starter-aop-2.7.18.jar:/Users/xiaoyu/.m2/repository/org/springframework/spring-aop/5.3.39/spring-aop-5.3.39.jar:/Users/xiaoyu/.m2/repository/org/aspectj/aspectjweaver/1.9.7/aspectjweaver-1.9.7.jar:/Users/xiaoyu/Desktop/autoee-crm-master/yudao-framework/yudao-spring-boot-starter-web/target/yudao-spring-boot-starter-web-2.4.0-jdk8-SNAPSHOT.jar:/Users/xiaoyu/.m2/repository/org/springframework/boot/spring-boot-starter-web/2.7.18/spring-boot-starter-web-2.7.18.jar:/Users/xiaoyu/.m2/repository/org/springframework/boot/spring-boot-starter-json/2.7.18/spring-boot-starter-json-2.7.18.jar:/Users/xiaoyu/.m2/repository/com/fasterxml/jackson/datatype/jackson-datatype-jdk8/2.13.5/jackson-datatype-jdk8-2.13.5.jar:/Users/xiaoyu/.m2/repository/com/fasterxml/jackson/module/jackson-module-parameter-names/2.13.5/jackson-module-parameter-names-2.13.5.jar:/Users/xiaoyu/.m2/repository/org/springframework/boot/spring-boot-starter-tomcat/2.7.18/spring-boot-starter-tomcat-2.7.18.jar:/Users/xiaoyu/.m2/repository/org/apache/tomcat/embed/tomcat-embed-core/9.0.83/tomcat-embed-core-9.0.83.jar:/Users/xiaoyu/.m2/repository/org/apache/tomcat/embed/tomcat-embed-websocket/9.0.83/tomcat-embed-websocket-9.0.83.jar:/Users/xiaoyu/.m2/repository/org/springframework/spring-web/5.3.39/spring-web-5.3.39.jar:/Users/xiaoyu/.m2/repository/org/springframework/spring-webmvc/5.3.39/spring-webmvc-5.3.39.jar:/Users/xiaoyu/.m2/repository/com/github/xiaoymin/knife4j-openapi3-spring-boot-starter/4.5.0/knife4j-openapi3-spring-boot-starter-4.5.0.jar:/Users/xiaoyu/.m2/repository/com/github/xiaoymin/knife4j-core/4.5.0/knife4j-core-4.5.0.jar:/Users/xiaoyu/.m2/repository/com/github/xiaoymin/knife4j-openapi3-ui/4.5.0/knife4j-openapi3-ui-4.5.0.jar:/Users/xiaoyu/.m2/repository/org/springdoc/springdoc-openapi-ui/1.7.0/springdoc-openapi-ui-1.7.0.jar:/Users/xiaoyu/.m2/repository/org/springdoc/springdoc-openapi-webmvc-core/1.7.0/springdoc-openapi-webmvc-core-1.7.0.jar:/Users/xiaoyu/.m2/repository/org/springdoc/springdoc-openapi-common/1.7.0/springdoc-openapi-common-1.7.0.jar:/Users/xiaoyu/.m2/repository/io/swagger/core/v3/swagger-core/2.2.9/swagger-core-2.2.9.jar:/Users/xiaoyu/.m2/repository/io/swagger/core/v3/swagger-annotations/2.2.9/swagger-annotations-2.2.9.jar:/Users/xiaoyu/.m2/repository/io/swagger/core/v3/swagger-models/2.2.9/swagger-models-2.2.9.jar:/Users/xiaoyu/.m2/repository/org/webjars/swagger-ui/4.18.2/swagger-ui-4.18.2.jar:/Users/xiaoyu/.m2/repository/org/jsoup/jsoup/1.18.3/jsoup-1.18.3.jar:/Users/xiaoyu/.m2/repository/org/springframework/boot/spring-boot-starter-security/2.7.18/spring-boot-starter-security-2.7.18.jar:/Users/xiaoyu/.m2/repository/org/springframework/security/spring-security-config/5.8.14/spring-security-config-5.8.14.jar:/Users/xiaoyu/.m2/repository/org/springframework/security/spring-security-core/5.8.14/spring-security-core-5.8.14.jar:/Users/xiaoyu/.m2/repository/org/springframework/security/spring-security-crypto/5.8.14/spring-security-crypto-5.8.14.jar:/Users/xiaoyu/.m2/repository/org/springframework/security/spring-security-web/5.8.14/spring-security-web-5.8.14.jar:/Users/xiaoyu/.m2/repository/org/springframework/spring-expression/5.3.39/spring-expression-5.3.39.jar:/Users/xiaoyu/.m2/repository/io/github/mouzt/bizlog-sdk/3.0.6/bizlog-sdk-3.0.6.jar:/Users/xiaoyu/.m2/repository/de/danielbechler/java-object-diff/0.95/java-object-diff-0.95.jar:/Users/xiaoyu/.m2/repository/com/google/code/findbugs/annotations/3.0.1/annotations-3.0.1.jar:/Users/xiaoyu/.m2/repository/org/springframework/boot/spring-boot-starter-validation/2.7.18/spring-boot-starter-validation-2.7.18.jar:/Users/xiaoyu/.m2/repository/org/springframework/boot/spring-boot-starter/2.7.18/spring-boot-starter-2.7.18.jar:/Users/xiaoyu/.m2/repository/org/springframework/boot/spring-boot/2.7.18/spring-boot-2.7.18.jar:/Users/xiaoyu/.m2/repository/org/springframework/boot/spring-boot-starter-logging/2.7.18/spring-boot-starter-logging-2.7.18.jar:/Users/xiaoyu/.m2/repository/ch/qos/logback/logback-classic/1.2.13/logback-classic-1.2.13.jar:/Users/xiaoyu/.m2/repository/ch/qos/logback/logback-core/1.2.13/logback-core-1.2.13.jar:/Users/xiaoyu/.m2/repository/org/apache/logging/log4j/log4j-to-slf4j/2.17.2/log4j-to-slf4j-2.17.2.jar:/Users/xiaoyu/.m2/repository/org/apache/logging/log4j/log4j-api/2.17.2/log4j-api-2.17.2.jar:/Users/xiaoyu/.m2/repository/org/slf4j/jul-to-slf4j/1.7.36/jul-to-slf4j-1.7.36.jar:/Users/xiaoyu/.m2/repository/jakarta/annotation/jakarta.annotation-api/1.3.5/jakarta.annotation-api-1.3.5.jar:/Users/xiaoyu/.m2/repository/org/springframework/spring-core/5.3.39/spring-core-5.3.39.jar:/Users/xiaoyu/.m2/repository/org/springframework/spring-jcl/5.3.39/spring-jcl-5.3.39.jar:/Users/xiaoyu/.m2/repository/org/yaml/snakeyaml/1.30/snakeyaml-1.30.jar:/Users/xiaoyu/.m2/repository/org/apache/tomcat/embed/tomcat-embed-el/9.0.83/tomcat-embed-el-9.0.83.jar:/Users/xiaoyu/.m2/repository/org/hibernate/validator/hibernate-validator/6.2.5.Final/hibernate-validator-6.2.5.Final.jar:/Users/xiaoyu/.m2/repository/org/jboss/logging/jboss-logging/3.4.3.Final/jboss-logging-3.4.3.Final.jar:/Users/xiaoyu/.m2/repository/com/fasterxml/classmate/1.5.1/classmate-1.5.1.jar:/Users/xiaoyu/Desktop/autoee-crm-master/yudao-framework/yudao-spring-boot-starter-mybatis/target/yudao-spring-boot-starter-mybatis-2.4.0-jdk8-SNAPSHOT.jar:/Users/xiaoyu/.m2/repository/com/mysql/mysql-connector-j/8.0.33/mysql-connector-j-8.0.33.jar:/Users/xiaoyu/.m2/repository/com/alibaba/druid-spring-boot-starter/1.2.24/druid-spring-boot-starter-1.2.24.jar:/Users/xiaoyu/.m2/repository/com/alibaba/druid/1.2.24/druid-1.2.24.jar:/Users/xiaoyu/.m2/repository/org/slf4j/slf4j-api/1.7.36/slf4j-api-1.7.36.jar:/Users/xiaoyu/.m2/repository/org/glassfish/jaxb/jaxb-runtime/2.3.9/jaxb-runtime-2.3.9.jar:/Users/xiaoyu/.m2/repository/org/glassfish/jaxb/txw2/2.3.9/txw2-2.3.9.jar:/Users/xiaoyu/.m2/repository/com/sun/istack/istack-commons-runtime/3.0.12/istack-commons-runtime-3.0.12.jar:/Users/xiaoyu/.m2/repository/com/baomidou/mybatis-plus-boot-starter/3.5.9/mybatis-plus-boot-starter-3.5.9.jar:/Users/xiaoyu/.m2/repository/com/baomidou/mybatis-plus/3.5.9/mybatis-plus-3.5.9.jar:/Users/xiaoyu/.m2/repository/com/baomidou/mybatis-plus-core/3.5.9/mybatis-plus-core-3.5.9.jar:/Users/xiaoyu/.m2/repository/com/baomidou/mybatis-plus-annotation/3.5.9/mybatis-plus-annotation-3.5.9.jar:/Users/xiaoyu/.m2/repository/com/baomidou/mybatis-plus-spring/3.5.9/mybatis-plus-spring-3.5.9.jar:/Users/xiaoyu/.m2/repository/org/mybatis/mybatis/3.5.17/mybatis-3.5.17.jar:/Users/xiaoyu/.m2/repository/org/mybatis/mybatis-spring/2.1.2/mybatis-spring-2.1.2.jar:/Users/xiaoyu/.m2/repository/com/baomidou/mybatis-plus-spring-boot-autoconfigure/3.5.9/mybatis-plus-spring-boot-autoconfigure-3.5.9.jar:/Users/xiaoyu/.m2/repository/org/springframework/boot/spring-boot-starter-jdbc/2.7.18/spring-boot-starter-jdbc-2.7.18.jar:/Users/xiaoyu/.m2/repository/com/zaxxer/HikariCP/4.0.3/HikariCP-4.0.3.jar:/Users/xiaoyu/.m2/repository/org/springframework/spring-jdbc/5.3.39/spring-jdbc-5.3.39.jar:/Users/xiaoyu/.m2/repository/com/baomidou/mybatis-plus-jsqlparser-4.9/3.5.9/mybatis-plus-jsqlparser-4.9-3.5.9.jar:/Users/xiaoyu/.m2/repository/com/github/jsqlparser/jsqlparser/4.9/jsqlparser-4.9.jar:/Users/xiaoyu/.m2/repository/com/baomidou/mybatis-plus-jsqlparser-common/3.5.9/mybatis-plus-jsqlparser-common-3.5.9.jar:/Users/xiaoyu/.m2/repository/com/baomidou/mybatis-plus-extension/3.5.9/mybatis-plus-extension-3.5.9.jar:/Users/xiaoyu/.m2/repository/com/baomidou/dynamic-datasource-spring-boot-starter/4.3.1/dynamic-datasource-spring-boot-starter-4.3.1.jar:/Users/xiaoyu/.m2/repository/com/baomidou/dynamic-datasource-spring-boot-common/4.3.1/dynamic-datasource-spring-boot-common-4.3.1.jar:/Users/xiaoyu/.m2/repository/com/baomidou/dynamic-datasource-spring/4.3.1/dynamic-datasource-spring-4.3.1.jar:/Users/xiaoyu/.m2/repository/com/baomidou/dynamic-datasource-creator/4.3.1/dynamic-datasource-creator-4.3.1.jar:/Users/xiaoyu/.m2/repository/com/github/yulichang/mybatis-plus-join-boot-starter/1.4.13/mybatis-plus-join-boot-starter-1.4.13.jar:/Users/xiaoyu/.m2/repository/com/github/yulichang/mybatis-plus-join-extension/1.4.13/mybatis-plus-join-extension-1.4.13.jar:/Users/xiaoyu/.m2/repository/com/github/yulichang/mybatis-plus-join-core/1.4.13/mybatis-plus-join-core-1.4.13.jar:/Users/xiaoyu/.m2/repository/com/github/yulichang/mybatis-plus-join-annotation/1.4.13/mybatis-plus-join-annotation-1.4.13.jar:/Users/xiaoyu/.m2/repository/com/github/yulichang/mybatis-plus-join-adapter-v33x/1.4.13/mybatis-plus-join-adapter-v33x-1.4.13.jar:/Users/xiaoyu/.m2/repository/com/github/yulichang/mybatis-plus-join-adapter-base/1.4.13/mybatis-plus-join-adapter-base-1.4.13.jar:/Users/xiaoyu/.m2/repository/com/github/yulichang/mybatis-plus-join-adapter-jsqlparser/1.4.13/mybatis-plus-join-adapter-jsqlparser-1.4.13.jar:/Users/xiaoyu/.m2/repository/com/github/yulichang/mybatis-plus-join-adapter-jsqlparser-v46/1.4.13/mybatis-plus-join-adapter-jsqlparser-v46-1.4.13.jar:/Users/xiaoyu/.m2/repository/com/github/yulichang/mybatis-plus-join-adapter-v3431/1.4.13/mybatis-plus-join-adapter-v3431-1.4.13.jar:/Users/xiaoyu/.m2/repository/com/github/yulichang/mybatis-plus-join-adapter-v352/1.4.13/mybatis-plus-join-adapter-v352-1.4.13.jar:/Users/xiaoyu/.m2/repository/com/github/yulichang/mybatis-plus-join-adapter-v355/1.4.13/mybatis-plus-join-adapter-v355-1.4.13.jar:/Users/xiaoyu/.m2/repository/com/fhs-opensource/easy-trans-spring-boot-starter/3.0.6/easy-trans-spring-boot-starter-3.0.6.jar:/Users/xiaoyu/.m2/repository/com/fhs-opensource/easy-trans-service/3.0.6/easy-trans-service-3.0.6.jar:/Users/xiaoyu/.m2/repository/net/bytebuddy/byte-buddy/1.12.23/byte-buddy-1.12.23.jar:/Users/xiaoyu/.m2/repository/com/github/ben-manes/caffeine/caffeine/2.9.3/caffeine-2.9.3.jar:/Users/xiaoyu/.m2/repository/com/fhs-opensource/easy-trans-mybatis-plus-extend/3.0.6/easy-trans-mybatis-plus-extend-3.0.6.jar:/Users/xiaoyu/.m2/repository/org/springframework/spring-context/5.3.39/spring-context-5.3.39.jar:/Users/xiaoyu/Desktop/autoee-crm-master/yudao-framework/yudao-spring-boot-starter-redis/target/yudao-spring-boot-starter-redis-2.4.0-jdk8-SNAPSHOT.jar:/Users/xiaoyu/.m2/repository/org/redisson/redisson-spring-boot-starter/3.41.0/redisson-spring-boot-starter-3.41.0.jar:/Users/xiaoyu/.m2/repository/org/springframework/boot/spring-boot-starter-data-redis/2.7.18/spring-boot-starter-data-redis-2.7.18.jar:/Users/xiaoyu/.m2/repository/org/redisson/redisson/3.41.0/redisson-3.41.0.jar:/Users/xiaoyu/.m2/repository/io/netty/netty-common/4.1.116.Final/netty-common-4.1.116.Final.jar:/Users/xiaoyu/.m2/repository/io/netty/netty-codec/4.1.116.Final/netty-codec-4.1.116.Final.jar:/Users/xiaoyu/.m2/repository/io/netty/netty-buffer/4.1.116.Final/netty-buffer-4.1.116.Final.jar:/Users/xiaoyu/.m2/repository/io/netty/netty-transport/4.1.116.Final/netty-transport-4.1.116.Final.jar:/Users/xiaoyu/.m2/repository/io/netty/netty-resolver/4.1.116.Final/netty-resolver-4.1.116.Final.jar:/Users/xiaoyu/.m2/repository/io/netty/netty-resolver-dns/4.1.116.Final/netty-resolver-dns-4.1.116.Final.jar:/Users/xiaoyu/.m2/repository/io/netty/netty-codec-dns/4.1.116.Final/netty-codec-dns-4.1.116.Final.jar:/Users/xiaoyu/.m2/repository/io/netty/netty-handler/4.1.116.Final/netty-handler-4.1.116.Final.jar:/Users/xiaoyu/.m2/repository/io/netty/netty-transport-native-unix-common/4.1.116.Final/netty-transport-native-unix-common-4.1.116.Final.jar:/Users/xiaoyu/.m2/repository/javax/cache/cache-api/1.1.1/cache-api-1.1.1.jar:/Users/xiaoyu/.m2/repository/io/projectreactor/reactor-core/3.4.34/reactor-core-3.4.34.jar:/Users/xiaoyu/.m2/repository/org/reactivestreams/reactive-streams/1.0.4/reactive-streams-1.0.4.jar:/Users/xiaoyu/.m2/repository/io/reactivex/rxjava3/rxjava/3.1.8/rxjava-3.1.8.jar:/Users/xiaoyu/.m2/repository/com/esotericsoftware/kryo/5.6.2/kryo-5.6.2.jar:/Users/xiaoyu/.m2/repository/com/esotericsoftware/reflectasm/1.11.9/reflectasm-1.11.9.jar:/Users/xiaoyu/.m2/repository/com/esotericsoftware/minlog/1.3.1/minlog-1.3.1.jar:/Users/xiaoyu/.m2/repository/com/fasterxml/jackson/dataformat/jackson-dataformat-yaml/2.13.5/jackson-dataformat-yaml-2.13.5.jar:/Users/xiaoyu/.m2/repository/org/jodd/jodd-util/6.3.0/jodd-util-6.3.0.jar:/Users/xiaoyu/.m2/repository/org/redisson/redisson-spring-data-27/3.41.0/redisson-spring-data-27-3.41.0.jar:/Users/xiaoyu/.m2/repository/org/springframework/data/spring-data-redis/2.7.18/spring-data-redis-2.7.18.jar:/Users/xiaoyu/.m2/repository/org/springframework/data/spring-data-keyvalue/2.7.18/spring-data-keyvalue-2.7.18.jar:/Users/xiaoyu/.m2/repository/org/springframework/data/spring-data-commons/2.7.18/spring-data-commons-2.7.18.jar:/Users/xiaoyu/.m2/repository/org/springframework/spring-oxm/5.3.39/spring-oxm-5.3.39.jar:/Users/xiaoyu/.m2/repository/org/springframework/boot/spring-boot-starter-cache/2.7.18/spring-boot-starter-cache-2.7.18.jar:/Users/xiaoyu/.m2/repository/com/fasterxml/jackson/datatype/jackson-datatype-jsr310/2.13.5/jackson-datatype-jsr310-2.13.5.jar:/Users/xiaoyu/.m2/repository/com/fasterxml/jackson/core/jackson-annotations/2.13.5/jackson-annotations-2.13.5.jar:/Users/xiaoyu/.m2/repository/com/fasterxml/jackson/core/jackson-core/2.13.5/jackson-core-2.13.5.jar:/Users/xiaoyu/.m2/repository/com/fasterxml/jackson/core/jackson-databind/2.13.5/jackson-databind-2.13.5.jar:/Users/xiaoyu/Desktop/autoee-crm-master/yudao-framework/yudao-spring-boot-starter-job/target/yudao-spring-boot-starter-job-2.4.0-jdk8-SNAPSHOT.jar:/Users/xiaoyu/.m2/repository/org/springframework/boot/spring-boot-starter-quartz/2.7.18/spring-boot-starter-quartz-2.7.18.jar:/Users/xiaoyu/.m2/repository/org/springframework/spring-tx/5.3.39/spring-tx-5.3.39.jar:/Users/xiaoyu/.m2/repository/org/quartz-scheduler/quartz/2.3.2/quartz-2.3.2.jar:/Users/xiaoyu/.m2/repository/com/mchange/mchange-commons-java/0.2.15/mchange-commons-java-0.2.15.jar:/Users/xiaoyu/.m2/repository/jakarta/validation/jakarta.validation-api/2.0.2/jakarta.validation-api-2.0.2.jar:/Users/xiaoyu/Desktop/autoee-crm-master/yudao-framework/yudao-spring-boot-starter-mq/target/yudao-spring-boot-starter-mq-2.4.0-jdk8-SNAPSHOT.jar:/Users/xiaoyu/Desktop/autoee-crm-master/yudao-framework/yudao-spring-boot-starter-test/target/yudao-spring-boot-starter-test-2.4.0-jdk8-SNAPSHOT.jar:/Users/xiaoyu/.m2/repository/org/mockito/mockito-inline/4.11.0/mockito-inline-4.11.0.jar:/Users/xiaoyu/.m2/repository/org/mockito/mockito-core/4.5.1/mockito-core-4.5.1.jar:/Users/xiaoyu/.m2/repository/net/bytebuddy/byte-buddy-agent/1.12.23/byte-buddy-agent-1.12.23.jar:/Users/xiaoyu/.m2/repository/org/objenesis/objenesis/3.2/objenesis-3.2.jar:/Users/xiaoyu/.m2/repository/org/springframework/boot/spring-boot-starter-test/2.7.18/spring-boot-starter-test-2.7.18.jar:/Users/xiaoyu/.m2/repository/org/springframework/boot/spring-boot-test/2.7.18/spring-boot-test-2.7.18.jar:/Users/xiaoyu/.m2/repository/org/springframework/boot/spring-boot-test-autoconfigure/2.7.18/spring-boot-test-autoconfigure-2.7.18.jar:/Users/xiaoyu/.m2/repository/com/jayway/jsonpath/json-path/2.7.0/json-path-2.7.0.jar:/Users/xiaoyu/.m2/repository/net/minidev/json-smart/2.4.11/json-smart-2.4.11.jar:/Users/xiaoyu/.m2/repository/net/minidev/accessors-smart/2.4.11/accessors-smart-2.4.11.jar:/Users/xiaoyu/.m2/repository/jakarta/xml/bind/jakarta.xml.bind-api/2.3.3/jakarta.xml.bind-api-2.3.3.jar:/Users/xiaoyu/.m2/repository/jakarta/activation/jakarta.activation-api/1.2.2/jakarta.activation-api-1.2.2.jar:/Users/xiaoyu/.m2/repository/org/assertj/assertj-core/3.22.0/assertj-core-3.22.0.jar:/Users/xiaoyu/.m2/repository/org/hamcrest/hamcrest/2.2/hamcrest-2.2.jar:/Users/xiaoyu/.m2/repository/org/junit/jupiter/junit-jupiter/5.8.2/junit-jupiter-5.8.2.jar:/Users/xiaoyu/.m2/repository/org/junit/jupiter/junit-jupiter-api/5.8.2/junit-jupiter-api-5.8.2.jar:/Users/xiaoyu/.m2/repository/org/opentest4j/opentest4j/1.2.0/opentest4j-1.2.0.jar:/Users/xiaoyu/.m2/repository/org/junit/platform/junit-platform-commons/1.8.2/junit-platform-commons-1.8.2.jar:/Users/xiaoyu/.m2/repository/org/apiguardian/apiguardian-api/1.1.2/apiguardian-api-1.1.2.jar:/Users/xiaoyu/.m2/repository/org/junit/jupiter/junit-jupiter-params/5.8.2/junit-jupiter-params-5.8.2.jar:/Users/xiaoyu/.m2/repository/org/junit/jupiter/junit-jupiter-engine/5.8.2/junit-jupiter-engine-5.8.2.jar:/Users/xiaoyu/.m2/repository/org/junit/platform/junit-platform-engine/1.8.2/junit-platform-engine-1.8.2.jar:/Users/xiaoyu/.m2/repository/org/mockito/mockito-junit-jupiter/4.5.1/mockito-junit-jupiter-4.5.1.jar:/Users/xiaoyu/.m2/repository/org/skyscreamer/jsonassert/1.5.1/jsonassert-1.5.1.jar:/Users/xiaoyu/.m2/repository/com/vaadin/external/google/android-json/0.0.20131108.vaadin1/android-json-0.0.20131108.vaadin1.jar:/Users/xiaoyu/.m2/repository/org/springframework/spring-test/5.3.39/spring-test-5.3.39.jar:/Users/xiaoyu/.m2/repository/org/xmlunit/xmlunit-core/2.9.1/xmlunit-core-2.9.1.jar:/Users/xiaoyu/.m2/repository/com/h2database/h2/2.1.214/h2-2.1.214.jar:/Users/xiaoyu/.m2/repository/com/github/fppt/jedis-mock/1.1.8/jedis-mock-1.1.8.jar:/Users/xiaoyu/.m2/repository/org/reflections/reflections/0.10.2/reflections-0.10.2.jar:/Users/xiaoyu/.m2/repository/org/javassist/javassist/3.28.0-GA/javassist-3.28.0-GA.jar:/Users/xiaoyu/.m2/repository/org/luaj/luaj-jse/3.0.1/luaj-jse-3.0.1.jar:/Users/xiaoyu/.m2/repository/uk/co/jemos/podam/podam/7.2.11.RELEASE/podam-7.2.11.RELEASE.jar:/Users/xiaoyu/.m2/repository/net/jcip/jcip-annotations/1.0/jcip-annotations-1.0.jar:/Users/xiaoyu/.m2/repository/javax/annotation/javax.annotation-api/1.3.2/javax.annotation-api-1.3.2.jar:/Users/xiaoyu/.m2/repository/javax/validation/validation-api/2.0.1.Final/validation-api-2.0.1.Final.jar:/Users/xiaoyu/.m2/repository/org/apache/commons/commons-lang3/3.12.0/commons-lang3-3.12.0.jar:/Users/xiaoyu/Desktop/autoee-crm-master/yudao-framework/yudao-spring-boot-starter-excel/target/yudao-spring-boot-starter-excel-2.4.0-jdk8-SNAPSHOT.jar:/Users/xiaoyu/.m2/repository/com/alibaba/easyexcel/4.0.3/easyexcel-4.0.3.jar:/Users/xiaoyu/.m2/repository/com/alibaba/easyexcel-core/4.0.3/easyexcel-core-4.0.3.jar:/Users/xiaoyu/.m2/repository/com/alibaba/easyexcel-support/3.3.4/easyexcel-support-3.3.4.jar:/Users/xiaoyu/.m2/repository/org/apache/poi/poi/5.2.5/poi-5.2.5.jar:/Users/xiaoyu/.m2/repository/org/apache/commons/commons-collections4/4.4/commons-collections4-4.4.jar:/Users/xiaoyu/.m2/repository/org/apache/commons/commons-math3/3.6.1/commons-math3-3.6.1.jar:/Users/xiaoyu/.m2/repository/com/zaxxer/SparseBitSet/1.3/SparseBitSet-1.3.jar:/Users/xiaoyu/.m2/repository/org/apache/poi/poi-ooxml/5.2.5/poi-ooxml-5.2.5.jar:/Users/xiaoyu/.m2/repository/org/apache/poi/poi-ooxml-lite/5.2.5/poi-ooxml-lite-5.2.5.jar:/Users/xiaoyu/.m2/repository/org/apache/xmlbeans/xmlbeans/5.2.0/xmlbeans-5.2.0.jar:/Users/xiaoyu/.m2/repository/xml-apis/xml-apis/1.4.01/xml-apis-1.4.01.jar:/Users/xiaoyu/.m2/repository/com/github/virtuald/curvesapi/1.08/curvesapi-1.08.jar:/Users/xiaoyu/.m2/repository/org/apache/commons/commons-csv/1.11.0/commons-csv-1.11.0.jar:/Users/xiaoyu/.m2/repository/org/ehcache/ehcache/3.10.8/ehcache-3.10.8.jar:/Users/xiaoyu/.m2/repository/org/apache/commons/commons-compress/1.27.1/commons-compress-1.27.1.jar:/Users/xiaoyu/.m2/repository/commons-codec/commons-codec/1.15/commons-codec-1.15.jar:/Users/xiaoyu/.m2/repository/commons-io/commons-io/2.17.0/commons-io-2.17.0.jar:/Users/xiaoyu/.m2/repository/org/springframework/boot/spring-boot-starter-mail/2.7.18/spring-boot-starter-mail-2.7.18.jar:/Users/xiaoyu/.m2/repository/org/springframework/spring-context-support/5.3.39/spring-context-support-5.3.39.jar:/Users/xiaoyu/.m2/repository/org/springframework/spring-beans/5.3.39/spring-beans-5.3.39.jar:/Users/xiaoyu/.m2/repository/com/sun/mail/jakarta.mail/1.6.7/jakarta.mail-1.6.7.jar:/Users/xiaoyu/.m2/repository/com/sun/activation/jakarta.activation/1.2.2/jakarta.activation-1.2.2.jar:/Users/xiaoyu/.m2/repository/com/xingyuv/spring-boot-starter-justauth/1.0.8/spring-boot-starter-justauth-1.0.8.jar:/Users/xiaoyu/.m2/repository/com/xingyuv/justauth/1.0.8/justauth-1.0.8.jar:/Users/xiaoyu/.m2/repository/com/xingyuv/simple-http/1.0.8/simple-http-1.0.8.jar:/Users/xiaoyu/.m2/repository/com/alibaba/fastjson/1.2.83/fastjson-1.2.83.jar:/Users/xiaoyu/.m2/repository/com/github/binarywang/wx-java-mp-spring-boot-starter/4.6.0/wx-java-mp-spring-boot-starter-4.6.0.jar:/Users/xiaoyu/.m2/repository/com/github/binarywang/weixin-java-mp/4.6.0/weixin-java-mp-4.6.0.jar:/Users/xiaoyu/.m2/repository/com/github/binarywang/weixin-java-common/4.6.0/weixin-java-common-4.6.0.jar:/Users/xiaoyu/.m2/repository/com/thoughtworks/xstream/xstream/1.4.20/xstream-1.4.20.jar:/Users/xiaoyu/.m2/repository/io/github/x-stream/mxparser/1.2.2/mxparser-1.2.2.jar:/Users/xiaoyu/.m2/repository/xmlpull/xmlpull/1.1.3.1/xmlpull-1.1.3.1.jar:/Users/xiaoyu/.m2/repository/org/apache/httpcomponents/httpclient/4.5.14/httpclient-4.5.14.jar:/Users/xiaoyu/.m2/repository/org/apache/httpcomponents/httpcore/4.4.16/httpcore-4.4.16.jar:/Users/xiaoyu/.m2/repository/org/apache/httpcomponents/httpmime/4.5.14/httpmime-4.5.14.jar:/Users/xiaoyu/.m2/repository/org/slf4j/jcl-over-slf4j/1.7.36/jcl-over-slf4j-1.7.36.jar:/Users/xiaoyu/.m2/repository/com/google/code/gson/gson/2.9.1/gson-2.9.1.jar:/Users/xiaoyu/.m2/repository/org/dom4j/dom4j/2.1.3/dom4j-2.1.3.jar:/Users/xiaoyu/.m2/repository/redis/clients/jedis/3.8.0/jedis-3.8.0.jar:/Users/xiaoyu/.m2/repository/org/apache/commons/commons-pool2/2.11.1/commons-pool2-2.11.1.jar:/Users/xiaoyu/.m2/repository/org/springframework/boot/spring-boot-autoconfigure/2.7.18/spring-boot-autoconfigure-2.7.18.jar:/Users/xiaoyu/.m2/repository/com/github/binarywang/wx-java-miniapp-spring-boot-starter/4.6.0/wx-java-miniapp-spring-boot-starter-4.6.0.jar:/Users/xiaoyu/.m2/repository/com/github/binarywang/weixin-java-miniapp/4.6.0/weixin-java-miniapp-4.6.0.jar:/Users/xiaoyu/.m2/repository/org/bouncycastle/bcpkix-jdk15on/1.70/bcpkix-jdk15on-1.70.jar:/Users/xiaoyu/.m2/repository/org/bouncycastle/bcprov-jdk15on/1.70/bcprov-jdk15on-1.70.jar:/Users/xiaoyu/.m2/repository/org/bouncycastle/bcutil-jdk15on/1.70/bcutil-jdk15on-1.70.jar:/Users/xiaoyu/.m2/repository/com/xingyuv/spring-boot-starter-captcha-plus/1.0.10/spring-boot-starter-captcha-plus-1.0.10.jar:/Users/xiaoyu/.m2/repository/com/xingyuv/captcha-plus/1.0.10/captcha-plus-1.0.10.jar:"/>
    <property name="java.vm.vendor" value="Tencent"/>
    <property name="sun.arch.data.model" value="64"/>
    <property name="java.vendor.url" value="http://jdk.oa.com/"/>
    <property name="user.timezone" value="Asia/Shanghai"/>
    <property name="java.vm.specification.version" value="1.8"/>
    <property name="os.name" value="Mac OS X"/>
    <property name="user.country" value="CN"/>
    <property name="sun.java.launcher" value="SUN_STANDARD"/>
    <property name="sun.boot.library.path" value="/Users/xiaoyu/.sdkman/candidates/java/8.0.432-kona/jre/lib"/>
    <property name="sun.java.command" value="/Users/xiaoyu/Desktop/autoee-crm-master/yudao-module-system/yudao-module-system-biz/target/surefire/surefirebooter5530346888628442343.jar /Users/xiaoyu/Desktop/autoee-crm-master/yudao-module-system/yudao-module-system-biz/target/surefire 2025-05-21T18-57-42_542-jvmRun1 surefire9212789686493032925tmp surefire_67098369692878573978tmp"/>
    <property name="http.nonProxyHosts" value="127.0.0.1|192.168.0.0/16|*.192.168.0.0/16|10.0.0.0/8|*.10.0.0.0/8|localhost|*.localhost|local|*.local"/>
    <property name="surefire.test.class.path" value="/Users/xiaoyu/Desktop/autoee-crm-master/yudao-module-system/yudao-module-system-biz/target/test-classes:/Users/xiaoyu/Desktop/autoee-crm-master/yudao-module-system/yudao-module-system-biz/target/classes:/Users/xiaoyu/Desktop/autoee-crm-master/yudao-module-system/yudao-module-system-api/target/yudao-module-system-api-2.4.0-jdk8-SNAPSHOT.jar:/Users/xiaoyu/Desktop/autoee-crm-master/yudao-framework/yudao-common/target/yudao-common-2.4.0-jdk8-SNAPSHOT.jar:/Users/xiaoyu/.m2/repository/org/apache/skywalking/apm-toolkit-trace/8.12.0/apm-toolkit-trace-8.12.0.jar:/Users/xiaoyu/.m2/repository/org/mapstruct/mapstruct/1.6.3/mapstruct-1.6.3.jar:/Users/xiaoyu/.m2/repository/org/mapstruct/mapstruct-jdk8/1.6.3/mapstruct-jdk8-1.6.3.jar:/Users/xiaoyu/.m2/repository/org/mapstruct/mapstruct-processor/1.6.3/mapstruct-processor-1.6.3.jar:/Users/xiaoyu/.m2/repository/cn/hutool/hutool-all/5.8.35/hutool-all-5.8.35.jar:/Users/xiaoyu/.m2/repository/com/alibaba/transmittable-thread-local/2.14.5/transmittable-thread-local-2.14.5.jar:/Users/xiaoyu/.m2/repository/com/fhs-opensource/easy-trans-anno/3.0.6/easy-trans-anno-3.0.6.jar:/Users/xiaoyu/Desktop/autoee-crm-master/yudao-module-infra/yudao-module-infra-api/target/yudao-module-infra-api-2.4.0-jdk8-SNAPSHOT.jar:/Users/xiaoyu/Desktop/autoee-crm-master/yudao-framework/yudao-spring-boot-starter-biz-data-permission/target/yudao-spring-boot-starter-biz-data-permission-2.4.0-jdk8-SNAPSHOT.jar:/Users/xiaoyu/Desktop/autoee-crm-master/yudao-framework/yudao-spring-boot-starter-biz-tenant/target/yudao-spring-boot-starter-biz-tenant-2.4.0-jdk8-SNAPSHOT.jar:/Users/xiaoyu/.m2/repository/com/google/guava/guava/33.4.0-jre/guava-33.4.0-jre.jar:/Users/xiaoyu/.m2/repository/com/google/guava/failureaccess/1.0.2/failureaccess-1.0.2.jar:/Users/xiaoyu/.m2/repository/com/google/guava/listenablefuture/9999.0-empty-to-avoid-conflict-with-guava/listenablefuture-9999.0-empty-to-avoid-conflict-with-guava.jar:/Users/xiaoyu/.m2/repository/com/google/code/findbugs/jsr305/3.0.2/jsr305-3.0.2.jar:/Users/xiaoyu/.m2/repository/org/checkerframework/checker-qual/3.43.0/checker-qual-3.43.0.jar:/Users/xiaoyu/.m2/repository/com/google/errorprone/error_prone_annotations/2.36.0/error_prone_annotations-2.36.0.jar:/Users/xiaoyu/.m2/repository/com/google/j2objc/j2objc-annotations/3.0.0/j2objc-annotations-3.0.0.jar:/Users/xiaoyu/Desktop/autoee-crm-master/yudao-framework/yudao-spring-boot-starter-biz-ip/target/yudao-spring-boot-starter-biz-ip-2.4.0-jdk8-SNAPSHOT.jar:/Users/xiaoyu/.m2/repository/org/lionsoul/ip2region/2.7.0/ip2region-2.7.0.jar:/Users/xiaoyu/.m2/repository/org/projectlombok/lombok/1.18.36/lombok-1.18.36.jar:/Users/xiaoyu/Desktop/autoee-crm-master/yudao-framework/yudao-spring-boot-starter-security/target/yudao-spring-boot-starter-security-2.4.0-jdk8-SNAPSHOT.jar:/Users/xiaoyu/.m2/repository/org/springframework/boot/spring-boot-starter-aop/2.7.18/spring-boot-starter-aop-2.7.18.jar:/Users/xiaoyu/.m2/repository/org/springframework/spring-aop/5.3.39/spring-aop-5.3.39.jar:/Users/xiaoyu/.m2/repository/org/aspectj/aspectjweaver/1.9.7/aspectjweaver-1.9.7.jar:/Users/xiaoyu/Desktop/autoee-crm-master/yudao-framework/yudao-spring-boot-starter-web/target/yudao-spring-boot-starter-web-2.4.0-jdk8-SNAPSHOT.jar:/Users/xiaoyu/.m2/repository/org/springframework/boot/spring-boot-starter-web/2.7.18/spring-boot-starter-web-2.7.18.jar:/Users/xiaoyu/.m2/repository/org/springframework/boot/spring-boot-starter-json/2.7.18/spring-boot-starter-json-2.7.18.jar:/Users/xiaoyu/.m2/repository/com/fasterxml/jackson/datatype/jackson-datatype-jdk8/2.13.5/jackson-datatype-jdk8-2.13.5.jar:/Users/xiaoyu/.m2/repository/com/fasterxml/jackson/module/jackson-module-parameter-names/2.13.5/jackson-module-parameter-names-2.13.5.jar:/Users/xiaoyu/.m2/repository/org/springframework/boot/spring-boot-starter-tomcat/2.7.18/spring-boot-starter-tomcat-2.7.18.jar:/Users/xiaoyu/.m2/repository/org/apache/tomcat/embed/tomcat-embed-core/9.0.83/tomcat-embed-core-9.0.83.jar:/Users/xiaoyu/.m2/repository/org/apache/tomcat/embed/tomcat-embed-websocket/9.0.83/tomcat-embed-websocket-9.0.83.jar:/Users/xiaoyu/.m2/repository/org/springframework/spring-web/5.3.39/spring-web-5.3.39.jar:/Users/xiaoyu/.m2/repository/org/springframework/spring-webmvc/5.3.39/spring-webmvc-5.3.39.jar:/Users/xiaoyu/.m2/repository/com/github/xiaoymin/knife4j-openapi3-spring-boot-starter/4.5.0/knife4j-openapi3-spring-boot-starter-4.5.0.jar:/Users/xiaoyu/.m2/repository/com/github/xiaoymin/knife4j-core/4.5.0/knife4j-core-4.5.0.jar:/Users/xiaoyu/.m2/repository/com/github/xiaoymin/knife4j-openapi3-ui/4.5.0/knife4j-openapi3-ui-4.5.0.jar:/Users/xiaoyu/.m2/repository/org/springdoc/springdoc-openapi-ui/1.7.0/springdoc-openapi-ui-1.7.0.jar:/Users/xiaoyu/.m2/repository/org/springdoc/springdoc-openapi-webmvc-core/1.7.0/springdoc-openapi-webmvc-core-1.7.0.jar:/Users/xiaoyu/.m2/repository/org/springdoc/springdoc-openapi-common/1.7.0/springdoc-openapi-common-1.7.0.jar:/Users/xiaoyu/.m2/repository/io/swagger/core/v3/swagger-core/2.2.9/swagger-core-2.2.9.jar:/Users/xiaoyu/.m2/repository/io/swagger/core/v3/swagger-annotations/2.2.9/swagger-annotations-2.2.9.jar:/Users/xiaoyu/.m2/repository/io/swagger/core/v3/swagger-models/2.2.9/swagger-models-2.2.9.jar:/Users/xiaoyu/.m2/repository/org/webjars/swagger-ui/4.18.2/swagger-ui-4.18.2.jar:/Users/xiaoyu/.m2/repository/org/jsoup/jsoup/1.18.3/jsoup-1.18.3.jar:/Users/xiaoyu/.m2/repository/org/springframework/boot/spring-boot-starter-security/2.7.18/spring-boot-starter-security-2.7.18.jar:/Users/xiaoyu/.m2/repository/org/springframework/security/spring-security-config/5.8.14/spring-security-config-5.8.14.jar:/Users/xiaoyu/.m2/repository/org/springframework/security/spring-security-core/5.8.14/spring-security-core-5.8.14.jar:/Users/xiaoyu/.m2/repository/org/springframework/security/spring-security-crypto/5.8.14/spring-security-crypto-5.8.14.jar:/Users/xiaoyu/.m2/repository/org/springframework/security/spring-security-web/5.8.14/spring-security-web-5.8.14.jar:/Users/xiaoyu/.m2/repository/org/springframework/spring-expression/5.3.39/spring-expression-5.3.39.jar:/Users/xiaoyu/.m2/repository/io/github/mouzt/bizlog-sdk/3.0.6/bizlog-sdk-3.0.6.jar:/Users/xiaoyu/.m2/repository/de/danielbechler/java-object-diff/0.95/java-object-diff-0.95.jar:/Users/xiaoyu/.m2/repository/com/google/code/findbugs/annotations/3.0.1/annotations-3.0.1.jar:/Users/xiaoyu/.m2/repository/org/springframework/boot/spring-boot-starter-validation/2.7.18/spring-boot-starter-validation-2.7.18.jar:/Users/xiaoyu/.m2/repository/org/springframework/boot/spring-boot-starter/2.7.18/spring-boot-starter-2.7.18.jar:/Users/xiaoyu/.m2/repository/org/springframework/boot/spring-boot/2.7.18/spring-boot-2.7.18.jar:/Users/xiaoyu/.m2/repository/org/springframework/boot/spring-boot-starter-logging/2.7.18/spring-boot-starter-logging-2.7.18.jar:/Users/xiaoyu/.m2/repository/ch/qos/logback/logback-classic/1.2.13/logback-classic-1.2.13.jar:/Users/xiaoyu/.m2/repository/ch/qos/logback/logback-core/1.2.13/logback-core-1.2.13.jar:/Users/xiaoyu/.m2/repository/org/apache/logging/log4j/log4j-to-slf4j/2.17.2/log4j-to-slf4j-2.17.2.jar:/Users/xiaoyu/.m2/repository/org/apache/logging/log4j/log4j-api/2.17.2/log4j-api-2.17.2.jar:/Users/xiaoyu/.m2/repository/org/slf4j/jul-to-slf4j/1.7.36/jul-to-slf4j-1.7.36.jar:/Users/xiaoyu/.m2/repository/jakarta/annotation/jakarta.annotation-api/1.3.5/jakarta.annotation-api-1.3.5.jar:/Users/xiaoyu/.m2/repository/org/springframework/spring-core/5.3.39/spring-core-5.3.39.jar:/Users/xiaoyu/.m2/repository/org/springframework/spring-jcl/5.3.39/spring-jcl-5.3.39.jar:/Users/xiaoyu/.m2/repository/org/yaml/snakeyaml/1.30/snakeyaml-1.30.jar:/Users/xiaoyu/.m2/repository/org/apache/tomcat/embed/tomcat-embed-el/9.0.83/tomcat-embed-el-9.0.83.jar:/Users/xiaoyu/.m2/repository/org/hibernate/validator/hibernate-validator/6.2.5.Final/hibernate-validator-6.2.5.Final.jar:/Users/xiaoyu/.m2/repository/org/jboss/logging/jboss-logging/3.4.3.Final/jboss-logging-3.4.3.Final.jar:/Users/xiaoyu/.m2/repository/com/fasterxml/classmate/1.5.1/classmate-1.5.1.jar:/Users/xiaoyu/Desktop/autoee-crm-master/yudao-framework/yudao-spring-boot-starter-mybatis/target/yudao-spring-boot-starter-mybatis-2.4.0-jdk8-SNAPSHOT.jar:/Users/xiaoyu/.m2/repository/com/mysql/mysql-connector-j/8.0.33/mysql-connector-j-8.0.33.jar:/Users/xiaoyu/.m2/repository/com/alibaba/druid-spring-boot-starter/1.2.24/druid-spring-boot-starter-1.2.24.jar:/Users/xiaoyu/.m2/repository/com/alibaba/druid/1.2.24/druid-1.2.24.jar:/Users/xiaoyu/.m2/repository/org/slf4j/slf4j-api/1.7.36/slf4j-api-1.7.36.jar:/Users/xiaoyu/.m2/repository/org/glassfish/jaxb/jaxb-runtime/2.3.9/jaxb-runtime-2.3.9.jar:/Users/xiaoyu/.m2/repository/org/glassfish/jaxb/txw2/2.3.9/txw2-2.3.9.jar:/Users/xiaoyu/.m2/repository/com/sun/istack/istack-commons-runtime/3.0.12/istack-commons-runtime-3.0.12.jar:/Users/xiaoyu/.m2/repository/com/baomidou/mybatis-plus-boot-starter/3.5.9/mybatis-plus-boot-starter-3.5.9.jar:/Users/xiaoyu/.m2/repository/com/baomidou/mybatis-plus/3.5.9/mybatis-plus-3.5.9.jar:/Users/xiaoyu/.m2/repository/com/baomidou/mybatis-plus-core/3.5.9/mybatis-plus-core-3.5.9.jar:/Users/xiaoyu/.m2/repository/com/baomidou/mybatis-plus-annotation/3.5.9/mybatis-plus-annotation-3.5.9.jar:/Users/xiaoyu/.m2/repository/com/baomidou/mybatis-plus-spring/3.5.9/mybatis-plus-spring-3.5.9.jar:/Users/xiaoyu/.m2/repository/org/mybatis/mybatis/3.5.17/mybatis-3.5.17.jar:/Users/xiaoyu/.m2/repository/org/mybatis/mybatis-spring/2.1.2/mybatis-spring-2.1.2.jar:/Users/xiaoyu/.m2/repository/com/baomidou/mybatis-plus-spring-boot-autoconfigure/3.5.9/mybatis-plus-spring-boot-autoconfigure-3.5.9.jar:/Users/xiaoyu/.m2/repository/org/springframework/boot/spring-boot-starter-jdbc/2.7.18/spring-boot-starter-jdbc-2.7.18.jar:/Users/xiaoyu/.m2/repository/com/zaxxer/HikariCP/4.0.3/HikariCP-4.0.3.jar:/Users/xiaoyu/.m2/repository/org/springframework/spring-jdbc/5.3.39/spring-jdbc-5.3.39.jar:/Users/xiaoyu/.m2/repository/com/baomidou/mybatis-plus-jsqlparser-4.9/3.5.9/mybatis-plus-jsqlparser-4.9-3.5.9.jar:/Users/xiaoyu/.m2/repository/com/github/jsqlparser/jsqlparser/4.9/jsqlparser-4.9.jar:/Users/xiaoyu/.m2/repository/com/baomidou/mybatis-plus-jsqlparser-common/3.5.9/mybatis-plus-jsqlparser-common-3.5.9.jar:/Users/xiaoyu/.m2/repository/com/baomidou/mybatis-plus-extension/3.5.9/mybatis-plus-extension-3.5.9.jar:/Users/xiaoyu/.m2/repository/com/baomidou/dynamic-datasource-spring-boot-starter/4.3.1/dynamic-datasource-spring-boot-starter-4.3.1.jar:/Users/xiaoyu/.m2/repository/com/baomidou/dynamic-datasource-spring-boot-common/4.3.1/dynamic-datasource-spring-boot-common-4.3.1.jar:/Users/xiaoyu/.m2/repository/com/baomidou/dynamic-datasource-spring/4.3.1/dynamic-datasource-spring-4.3.1.jar:/Users/xiaoyu/.m2/repository/com/baomidou/dynamic-datasource-creator/4.3.1/dynamic-datasource-creator-4.3.1.jar:/Users/xiaoyu/.m2/repository/com/github/yulichang/mybatis-plus-join-boot-starter/1.4.13/mybatis-plus-join-boot-starter-1.4.13.jar:/Users/xiaoyu/.m2/repository/com/github/yulichang/mybatis-plus-join-extension/1.4.13/mybatis-plus-join-extension-1.4.13.jar:/Users/xiaoyu/.m2/repository/com/github/yulichang/mybatis-plus-join-core/1.4.13/mybatis-plus-join-core-1.4.13.jar:/Users/xiaoyu/.m2/repository/com/github/yulichang/mybatis-plus-join-annotation/1.4.13/mybatis-plus-join-annotation-1.4.13.jar:/Users/xiaoyu/.m2/repository/com/github/yulichang/mybatis-plus-join-adapter-v33x/1.4.13/mybatis-plus-join-adapter-v33x-1.4.13.jar:/Users/xiaoyu/.m2/repository/com/github/yulichang/mybatis-plus-join-adapter-base/1.4.13/mybatis-plus-join-adapter-base-1.4.13.jar:/Users/xiaoyu/.m2/repository/com/github/yulichang/mybatis-plus-join-adapter-jsqlparser/1.4.13/mybatis-plus-join-adapter-jsqlparser-1.4.13.jar:/Users/xiaoyu/.m2/repository/com/github/yulichang/mybatis-plus-join-adapter-jsqlparser-v46/1.4.13/mybatis-plus-join-adapter-jsqlparser-v46-1.4.13.jar:/Users/xiaoyu/.m2/repository/com/github/yulichang/mybatis-plus-join-adapter-v3431/1.4.13/mybatis-plus-join-adapter-v3431-1.4.13.jar:/Users/xiaoyu/.m2/repository/com/github/yulichang/mybatis-plus-join-adapter-v352/1.4.13/mybatis-plus-join-adapter-v352-1.4.13.jar:/Users/xiaoyu/.m2/repository/com/github/yulichang/mybatis-plus-join-adapter-v355/1.4.13/mybatis-plus-join-adapter-v355-1.4.13.jar:/Users/xiaoyu/.m2/repository/com/fhs-opensource/easy-trans-spring-boot-starter/3.0.6/easy-trans-spring-boot-starter-3.0.6.jar:/Users/xiaoyu/.m2/repository/com/fhs-opensource/easy-trans-service/3.0.6/easy-trans-service-3.0.6.jar:/Users/xiaoyu/.m2/repository/net/bytebuddy/byte-buddy/1.12.23/byte-buddy-1.12.23.jar:/Users/xiaoyu/.m2/repository/com/github/ben-manes/caffeine/caffeine/2.9.3/caffeine-2.9.3.jar:/Users/xiaoyu/.m2/repository/com/fhs-opensource/easy-trans-mybatis-plus-extend/3.0.6/easy-trans-mybatis-plus-extend-3.0.6.jar:/Users/xiaoyu/.m2/repository/org/springframework/spring-context/5.3.39/spring-context-5.3.39.jar:/Users/xiaoyu/Desktop/autoee-crm-master/yudao-framework/yudao-spring-boot-starter-redis/target/yudao-spring-boot-starter-redis-2.4.0-jdk8-SNAPSHOT.jar:/Users/xiaoyu/.m2/repository/org/redisson/redisson-spring-boot-starter/3.41.0/redisson-spring-boot-starter-3.41.0.jar:/Users/xiaoyu/.m2/repository/org/springframework/boot/spring-boot-starter-data-redis/2.7.18/spring-boot-starter-data-redis-2.7.18.jar:/Users/xiaoyu/.m2/repository/org/redisson/redisson/3.41.0/redisson-3.41.0.jar:/Users/xiaoyu/.m2/repository/io/netty/netty-common/4.1.116.Final/netty-common-4.1.116.Final.jar:/Users/xiaoyu/.m2/repository/io/netty/netty-codec/4.1.116.Final/netty-codec-4.1.116.Final.jar:/Users/xiaoyu/.m2/repository/io/netty/netty-buffer/4.1.116.Final/netty-buffer-4.1.116.Final.jar:/Users/xiaoyu/.m2/repository/io/netty/netty-transport/4.1.116.Final/netty-transport-4.1.116.Final.jar:/Users/xiaoyu/.m2/repository/io/netty/netty-resolver/4.1.116.Final/netty-resolver-4.1.116.Final.jar:/Users/xiaoyu/.m2/repository/io/netty/netty-resolver-dns/4.1.116.Final/netty-resolver-dns-4.1.116.Final.jar:/Users/xiaoyu/.m2/repository/io/netty/netty-codec-dns/4.1.116.Final/netty-codec-dns-4.1.116.Final.jar:/Users/xiaoyu/.m2/repository/io/netty/netty-handler/4.1.116.Final/netty-handler-4.1.116.Final.jar:/Users/xiaoyu/.m2/repository/io/netty/netty-transport-native-unix-common/4.1.116.Final/netty-transport-native-unix-common-4.1.116.Final.jar:/Users/xiaoyu/.m2/repository/javax/cache/cache-api/1.1.1/cache-api-1.1.1.jar:/Users/xiaoyu/.m2/repository/io/projectreactor/reactor-core/3.4.34/reactor-core-3.4.34.jar:/Users/xiaoyu/.m2/repository/org/reactivestreams/reactive-streams/1.0.4/reactive-streams-1.0.4.jar:/Users/xiaoyu/.m2/repository/io/reactivex/rxjava3/rxjava/3.1.8/rxjava-3.1.8.jar:/Users/xiaoyu/.m2/repository/com/esotericsoftware/kryo/5.6.2/kryo-5.6.2.jar:/Users/xiaoyu/.m2/repository/com/esotericsoftware/reflectasm/1.11.9/reflectasm-1.11.9.jar:/Users/xiaoyu/.m2/repository/com/esotericsoftware/minlog/1.3.1/minlog-1.3.1.jar:/Users/xiaoyu/.m2/repository/com/fasterxml/jackson/dataformat/jackson-dataformat-yaml/2.13.5/jackson-dataformat-yaml-2.13.5.jar:/Users/xiaoyu/.m2/repository/org/jodd/jodd-util/6.3.0/jodd-util-6.3.0.jar:/Users/xiaoyu/.m2/repository/org/redisson/redisson-spring-data-27/3.41.0/redisson-spring-data-27-3.41.0.jar:/Users/xiaoyu/.m2/repository/org/springframework/data/spring-data-redis/2.7.18/spring-data-redis-2.7.18.jar:/Users/xiaoyu/.m2/repository/org/springframework/data/spring-data-keyvalue/2.7.18/spring-data-keyvalue-2.7.18.jar:/Users/xiaoyu/.m2/repository/org/springframework/data/spring-data-commons/2.7.18/spring-data-commons-2.7.18.jar:/Users/xiaoyu/.m2/repository/org/springframework/spring-oxm/5.3.39/spring-oxm-5.3.39.jar:/Users/xiaoyu/.m2/repository/org/springframework/boot/spring-boot-starter-cache/2.7.18/spring-boot-starter-cache-2.7.18.jar:/Users/xiaoyu/.m2/repository/com/fasterxml/jackson/datatype/jackson-datatype-jsr310/2.13.5/jackson-datatype-jsr310-2.13.5.jar:/Users/xiaoyu/.m2/repository/com/fasterxml/jackson/core/jackson-annotations/2.13.5/jackson-annotations-2.13.5.jar:/Users/xiaoyu/.m2/repository/com/fasterxml/jackson/core/jackson-core/2.13.5/jackson-core-2.13.5.jar:/Users/xiaoyu/.m2/repository/com/fasterxml/jackson/core/jackson-databind/2.13.5/jackson-databind-2.13.5.jar:/Users/xiaoyu/Desktop/autoee-crm-master/yudao-framework/yudao-spring-boot-starter-job/target/yudao-spring-boot-starter-job-2.4.0-jdk8-SNAPSHOT.jar:/Users/xiaoyu/.m2/repository/org/springframework/boot/spring-boot-starter-quartz/2.7.18/spring-boot-starter-quartz-2.7.18.jar:/Users/xiaoyu/.m2/repository/org/springframework/spring-tx/5.3.39/spring-tx-5.3.39.jar:/Users/xiaoyu/.m2/repository/org/quartz-scheduler/quartz/2.3.2/quartz-2.3.2.jar:/Users/xiaoyu/.m2/repository/com/mchange/mchange-commons-java/0.2.15/mchange-commons-java-0.2.15.jar:/Users/xiaoyu/.m2/repository/jakarta/validation/jakarta.validation-api/2.0.2/jakarta.validation-api-2.0.2.jar:/Users/xiaoyu/Desktop/autoee-crm-master/yudao-framework/yudao-spring-boot-starter-mq/target/yudao-spring-boot-starter-mq-2.4.0-jdk8-SNAPSHOT.jar:/Users/xiaoyu/Desktop/autoee-crm-master/yudao-framework/yudao-spring-boot-starter-test/target/yudao-spring-boot-starter-test-2.4.0-jdk8-SNAPSHOT.jar:/Users/xiaoyu/.m2/repository/org/mockito/mockito-inline/4.11.0/mockito-inline-4.11.0.jar:/Users/xiaoyu/.m2/repository/org/mockito/mockito-core/4.5.1/mockito-core-4.5.1.jar:/Users/xiaoyu/.m2/repository/net/bytebuddy/byte-buddy-agent/1.12.23/byte-buddy-agent-1.12.23.jar:/Users/xiaoyu/.m2/repository/org/objenesis/objenesis/3.2/objenesis-3.2.jar:/Users/xiaoyu/.m2/repository/org/springframework/boot/spring-boot-starter-test/2.7.18/spring-boot-starter-test-2.7.18.jar:/Users/xiaoyu/.m2/repository/org/springframework/boot/spring-boot-test/2.7.18/spring-boot-test-2.7.18.jar:/Users/xiaoyu/.m2/repository/org/springframework/boot/spring-boot-test-autoconfigure/2.7.18/spring-boot-test-autoconfigure-2.7.18.jar:/Users/xiaoyu/.m2/repository/com/jayway/jsonpath/json-path/2.7.0/json-path-2.7.0.jar:/Users/xiaoyu/.m2/repository/net/minidev/json-smart/2.4.11/json-smart-2.4.11.jar:/Users/xiaoyu/.m2/repository/net/minidev/accessors-smart/2.4.11/accessors-smart-2.4.11.jar:/Users/xiaoyu/.m2/repository/jakarta/xml/bind/jakarta.xml.bind-api/2.3.3/jakarta.xml.bind-api-2.3.3.jar:/Users/xiaoyu/.m2/repository/jakarta/activation/jakarta.activation-api/1.2.2/jakarta.activation-api-1.2.2.jar:/Users/xiaoyu/.m2/repository/org/assertj/assertj-core/3.22.0/assertj-core-3.22.0.jar:/Users/xiaoyu/.m2/repository/org/hamcrest/hamcrest/2.2/hamcrest-2.2.jar:/Users/xiaoyu/.m2/repository/org/junit/jupiter/junit-jupiter/5.8.2/junit-jupiter-5.8.2.jar:/Users/xiaoyu/.m2/repository/org/junit/jupiter/junit-jupiter-api/5.8.2/junit-jupiter-api-5.8.2.jar:/Users/xiaoyu/.m2/repository/org/opentest4j/opentest4j/1.2.0/opentest4j-1.2.0.jar:/Users/xiaoyu/.m2/repository/org/junit/platform/junit-platform-commons/1.8.2/junit-platform-commons-1.8.2.jar:/Users/xiaoyu/.m2/repository/org/apiguardian/apiguardian-api/1.1.2/apiguardian-api-1.1.2.jar:/Users/xiaoyu/.m2/repository/org/junit/jupiter/junit-jupiter-params/5.8.2/junit-jupiter-params-5.8.2.jar:/Users/xiaoyu/.m2/repository/org/junit/jupiter/junit-jupiter-engine/5.8.2/junit-jupiter-engine-5.8.2.jar:/Users/xiaoyu/.m2/repository/org/junit/platform/junit-platform-engine/1.8.2/junit-platform-engine-1.8.2.jar:/Users/xiaoyu/.m2/repository/org/mockito/mockito-junit-jupiter/4.5.1/mockito-junit-jupiter-4.5.1.jar:/Users/xiaoyu/.m2/repository/org/skyscreamer/jsonassert/1.5.1/jsonassert-1.5.1.jar:/Users/xiaoyu/.m2/repository/com/vaadin/external/google/android-json/0.0.20131108.vaadin1/android-json-0.0.20131108.vaadin1.jar:/Users/xiaoyu/.m2/repository/org/springframework/spring-test/5.3.39/spring-test-5.3.39.jar:/Users/xiaoyu/.m2/repository/org/xmlunit/xmlunit-core/2.9.1/xmlunit-core-2.9.1.jar:/Users/xiaoyu/.m2/repository/com/h2database/h2/2.1.214/h2-2.1.214.jar:/Users/xiaoyu/.m2/repository/com/github/fppt/jedis-mock/1.1.8/jedis-mock-1.1.8.jar:/Users/xiaoyu/.m2/repository/org/reflections/reflections/0.10.2/reflections-0.10.2.jar:/Users/xiaoyu/.m2/repository/org/javassist/javassist/3.28.0-GA/javassist-3.28.0-GA.jar:/Users/xiaoyu/.m2/repository/org/luaj/luaj-jse/3.0.1/luaj-jse-3.0.1.jar:/Users/xiaoyu/.m2/repository/uk/co/jemos/podam/podam/7.2.11.RELEASE/podam-7.2.11.RELEASE.jar:/Users/xiaoyu/.m2/repository/net/jcip/jcip-annotations/1.0/jcip-annotations-1.0.jar:/Users/xiaoyu/.m2/repository/javax/annotation/javax.annotation-api/1.3.2/javax.annotation-api-1.3.2.jar:/Users/xiaoyu/.m2/repository/javax/validation/validation-api/2.0.1.Final/validation-api-2.0.1.Final.jar:/Users/xiaoyu/.m2/repository/org/apache/commons/commons-lang3/3.12.0/commons-lang3-3.12.0.jar:/Users/xiaoyu/Desktop/autoee-crm-master/yudao-framework/yudao-spring-boot-starter-excel/target/yudao-spring-boot-starter-excel-2.4.0-jdk8-SNAPSHOT.jar:/Users/xiaoyu/.m2/repository/com/alibaba/easyexcel/4.0.3/easyexcel-4.0.3.jar:/Users/xiaoyu/.m2/repository/com/alibaba/easyexcel-core/4.0.3/easyexcel-core-4.0.3.jar:/Users/xiaoyu/.m2/repository/com/alibaba/easyexcel-support/3.3.4/easyexcel-support-3.3.4.jar:/Users/xiaoyu/.m2/repository/org/apache/poi/poi/5.2.5/poi-5.2.5.jar:/Users/xiaoyu/.m2/repository/org/apache/commons/commons-collections4/4.4/commons-collections4-4.4.jar:/Users/xiaoyu/.m2/repository/org/apache/commons/commons-math3/3.6.1/commons-math3-3.6.1.jar:/Users/xiaoyu/.m2/repository/com/zaxxer/SparseBitSet/1.3/SparseBitSet-1.3.jar:/Users/xiaoyu/.m2/repository/org/apache/poi/poi-ooxml/5.2.5/poi-ooxml-5.2.5.jar:/Users/xiaoyu/.m2/repository/org/apache/poi/poi-ooxml-lite/5.2.5/poi-ooxml-lite-5.2.5.jar:/Users/xiaoyu/.m2/repository/org/apache/xmlbeans/xmlbeans/5.2.0/xmlbeans-5.2.0.jar:/Users/xiaoyu/.m2/repository/xml-apis/xml-apis/1.4.01/xml-apis-1.4.01.jar:/Users/xiaoyu/.m2/repository/com/github/virtuald/curvesapi/1.08/curvesapi-1.08.jar:/Users/xiaoyu/.m2/repository/org/apache/commons/commons-csv/1.11.0/commons-csv-1.11.0.jar:/Users/xiaoyu/.m2/repository/org/ehcache/ehcache/3.10.8/ehcache-3.10.8.jar:/Users/xiaoyu/.m2/repository/org/apache/commons/commons-compress/1.27.1/commons-compress-1.27.1.jar:/Users/xiaoyu/.m2/repository/commons-codec/commons-codec/1.15/commons-codec-1.15.jar:/Users/xiaoyu/.m2/repository/commons-io/commons-io/2.17.0/commons-io-2.17.0.jar:/Users/xiaoyu/.m2/repository/org/springframework/boot/spring-boot-starter-mail/2.7.18/spring-boot-starter-mail-2.7.18.jar:/Users/xiaoyu/.m2/repository/org/springframework/spring-context-support/5.3.39/spring-context-support-5.3.39.jar:/Users/xiaoyu/.m2/repository/org/springframework/spring-beans/5.3.39/spring-beans-5.3.39.jar:/Users/xiaoyu/.m2/repository/com/sun/mail/jakarta.mail/1.6.7/jakarta.mail-1.6.7.jar:/Users/xiaoyu/.m2/repository/com/sun/activation/jakarta.activation/1.2.2/jakarta.activation-1.2.2.jar:/Users/xiaoyu/.m2/repository/com/xingyuv/spring-boot-starter-justauth/1.0.8/spring-boot-starter-justauth-1.0.8.jar:/Users/xiaoyu/.m2/repository/com/xingyuv/justauth/1.0.8/justauth-1.0.8.jar:/Users/xiaoyu/.m2/repository/com/xingyuv/simple-http/1.0.8/simple-http-1.0.8.jar:/Users/xiaoyu/.m2/repository/com/alibaba/fastjson/1.2.83/fastjson-1.2.83.jar:/Users/xiaoyu/.m2/repository/com/github/binarywang/wx-java-mp-spring-boot-starter/4.6.0/wx-java-mp-spring-boot-starter-4.6.0.jar:/Users/xiaoyu/.m2/repository/com/github/binarywang/weixin-java-mp/4.6.0/weixin-java-mp-4.6.0.jar:/Users/xiaoyu/.m2/repository/com/github/binarywang/weixin-java-common/4.6.0/weixin-java-common-4.6.0.jar:/Users/xiaoyu/.m2/repository/com/thoughtworks/xstream/xstream/1.4.20/xstream-1.4.20.jar:/Users/xiaoyu/.m2/repository/io/github/x-stream/mxparser/1.2.2/mxparser-1.2.2.jar:/Users/xiaoyu/.m2/repository/xmlpull/xmlpull/1.1.3.1/xmlpull-1.1.3.1.jar:/Users/xiaoyu/.m2/repository/org/apache/httpcomponents/httpclient/4.5.14/httpclient-4.5.14.jar:/Users/xiaoyu/.m2/repository/org/apache/httpcomponents/httpcore/4.4.16/httpcore-4.4.16.jar:/Users/xiaoyu/.m2/repository/org/apache/httpcomponents/httpmime/4.5.14/httpmime-4.5.14.jar:/Users/xiaoyu/.m2/repository/org/slf4j/jcl-over-slf4j/1.7.36/jcl-over-slf4j-1.7.36.jar:/Users/xiaoyu/.m2/repository/com/google/code/gson/gson/2.9.1/gson-2.9.1.jar:/Users/xiaoyu/.m2/repository/org/dom4j/dom4j/2.1.3/dom4j-2.1.3.jar:/Users/xiaoyu/.m2/repository/redis/clients/jedis/3.8.0/jedis-3.8.0.jar:/Users/xiaoyu/.m2/repository/org/apache/commons/commons-pool2/2.11.1/commons-pool2-2.11.1.jar:/Users/xiaoyu/.m2/repository/org/springframework/boot/spring-boot-autoconfigure/2.7.18/spring-boot-autoconfigure-2.7.18.jar:/Users/xiaoyu/.m2/repository/com/github/binarywang/wx-java-miniapp-spring-boot-starter/4.6.0/wx-java-miniapp-spring-boot-starter-4.6.0.jar:/Users/xiaoyu/.m2/repository/com/github/binarywang/weixin-java-miniapp/4.6.0/weixin-java-miniapp-4.6.0.jar:/Users/xiaoyu/.m2/repository/org/bouncycastle/bcpkix-jdk15on/1.70/bcpkix-jdk15on-1.70.jar:/Users/xiaoyu/.m2/repository/org/bouncycastle/bcprov-jdk15on/1.70/bcprov-jdk15on-1.70.jar:/Users/xiaoyu/.m2/repository/org/bouncycastle/bcutil-jdk15on/1.70/bcutil-jdk15on-1.70.jar:/Users/xiaoyu/.m2/repository/com/xingyuv/spring-boot-starter-captcha-plus/1.0.10/spring-boot-starter-captcha-plus-1.0.10.jar:/Users/xiaoyu/.m2/repository/com/xingyuv/captcha-plus/1.0.10/captcha-plus-1.0.10.jar:"/>
    <property name="sun.cpu.endian" value="little"/>
    <property name="user.home" value="/Users/xiaoyu"/>
    <property name="user.language" value="zh"/>
    <property name="java.specification.vendor" value="Oracle Corporation"/>
    <property name="java.home" value="/Users/xiaoyu/.sdkman/candidates/java/8.0.432-kona/jre"/>
    <property name="basedir" value="/Users/xiaoyu/Desktop/autoee-crm-master/yudao-module-system/yudao-module-system-biz"/>
    <property name="file.separator" value="/"/>
    <property name="line.separator" value="&#10;"/>
    <property name="java.vm.specification.vendor" value="Oracle Corporation"/>
    <property name="java.specification.name" value="Java Platform API Specification"/>
    <property name="FILE_LOG_CHARSET" value="UTF-8"/>
    <property name="java.awt.graphicsenv" value="sun.awt.CGraphicsEnvironment"/>
    <property name="java.awt.headless" value="true"/>
    <property name="surefire.real.class.path" value="/Users/xiaoyu/Desktop/autoee-crm-master/yudao-module-system/yudao-module-system-biz/target/surefire/surefirebooter5530346888628442343.jar"/>
    <property name="sun.boot.class.path" value="/Users/xiaoyu/.sdkman/candidates/java/8.0.432-kona/jre/lib/resources.jar:/Users/xiaoyu/.sdkman/candidates/java/8.0.432-kona/jre/lib/rt.jar:/Users/xiaoyu/.sdkman/candidates/java/8.0.432-kona/jre/lib/sunrsasign.jar:/Users/xiaoyu/.sdkman/candidates/java/8.0.432-kona/jre/lib/jsse.jar:/Users/xiaoyu/.sdkman/candidates/java/8.0.432-kona/jre/lib/jce.jar:/Users/xiaoyu/.sdkman/candidates/java/8.0.432-kona/jre/lib/charsets.jar:/Users/xiaoyu/.sdkman/candidates/java/8.0.432-kona/jre/lib/jfr.jar:/Users/xiaoyu/.sdkman/candidates/java/8.0.432-kona/jre/classes"/>
    <property name="sun.management.compiler" value="HotSpot 64-Bit Tiered Compilers"/>
    <property name="ftp.nonProxyHosts" value="127.0.0.1|192.168.0.0/16|*.192.168.0.0/16|10.0.0.0/8|*.10.0.0.0/8|localhost|*.localhost|local|*.local"/>
    <property name="java.runtime.version" value="1.8.0_432-b1"/>
    <property name="user.name" value="xiaoyu"/>
    <property name="path.separator" value=":"/>
    <property name="os.version" value="15.4.1"/>
    <property name="java.endorsed.dirs" value="/Users/xiaoyu/.sdkman/candidates/java/8.0.432-kona/jre/lib/endorsed"/>
    <property name="java.runtime.name" value="OpenJDK Runtime Environment"/>
    <property name="file.encoding" value="UTF-8"/>
    <property name="spring.beaninfo.ignore" value="true"/>
    <property name="java.vm.name" value="OpenJDK 64-Bit Server VM"/>
    <property name="localRepository" value="/Users/xiaoyu/.m2/repository"/>
    <property name="java.vendor.url.bug" value="https://git.code.oa.com/JDK/tencentJDK/issues"/>
    <property name="java.io.tmpdir" value="/var/folders/2z/2tmgwv3x0h1f51clnnxjk0c00000gn/T/"/>
    <property name="java.version" value="1.8.0_432"/>
    <property name="user.dir" value="/Users/xiaoyu/Desktop/autoee-crm-master/yudao-module-system/yudao-module-system-biz"/>
    <property name="os.arch" value="aarch64"/>
    <property name="java.vm.specification.name" value="Java Virtual Machine Specification"/>
    <property name="PID" value="54965"/>
    <property name="java.awt.printerjob" value="sun.lwawt.macosx.CPrinterJob"/>
    <property name="sun.os.patch.level" value="unknown"/>
    <property name="CONSOLE_LOG_CHARSET" value="UTF-8"/>
    <property name="java.library.path" value="/Users/xiaoyu/Library/Java/Extensions:/Library/Java/Extensions:/Network/Library/Java/Extensions:/System/Library/Java/Extensions:/usr/lib/java:."/>
    <property name="java.vm.info" value="mixed mode"/>
    <property name="java.vendor" value="Tencent"/>
    <property name="java.vm.version" value="25.432-b1"/>
    <property name="java.specification.maintenance.version" value="6"/>
    <property name="java.ext.dirs" value="/Users/xiaoyu/Library/Java/Extensions:/Users/xiaoyu/.sdkman/candidates/java/8.0.432-kona/jre/lib/ext:/Library/Java/Extensions:/Network/Library/Java/Extensions:/System/Library/Java/Extensions:/usr/lib/java"/>
    <property name="sun.io.unicode.encoding" value="UnicodeBig"/>
    <property name="java.class.version" value="52.0"/>
    <property name="socksNonProxyHosts" value="127.0.0.1|192.168.0.0/16|*.192.168.0.0/16|10.0.0.0/8|*.10.0.0.0/8|localhost|*.localhost|local|*.local"/>
  </properties>
  <testcase name="testGetOperateLogPage_vo" classname="cn.iocoder.yudao.module.system.service.logger.OperateLogServiceImplTest" time="0.023">
    <system-out><![CDATA[ _ _   |_  _ _|_. ___ _ |    _ 
| | |\/|_)(_| | |_\  |_)||_|_\ 
     /               |         
                        3.5.9 
]]></system-out>
  </testcase>
  <testcase name="testCreateOperateLog" classname="cn.iocoder.yudao.module.system.service.logger.OperateLogServiceImplTest" time="0.004"/>
  <testcase name="testGetOperateLogPage_dto" classname="cn.iocoder.yudao.module.system.service.logger.OperateLogServiceImplTest" time="0.008"/>
</testsuite>